#
# There is insufficient memory for the Java Runtime Environment to continue.
# Native memory allocation (mmap) failed to map 199229440 bytes for G1 virtual space
# Possible reasons:
#   The system is out of physical RAM or swap space
#   The process is running with CompressedOops enabled, and the Java Heap may be blocking the growth of the native heap
# Possible solutions:
#   Reduce memory load on the system
#   Increase physical memory or swap space
#   Check if swap backing store is full
#   Decrease Java heap size (-Xmx/-Xms)
#   Decrease number of Java threads
#   Decrease Java thread stack sizes (-Xss)
#   Set larger code cache with -XX:ReservedCodeCacheSize=
#   JVM is running with Unscaled Compressed Oops mode in which the Java heap is
#     placed in the first 4GB address space. The Java Heap base address is the
#     maximum limit for the native heap growth. Please use -XX:HeapBaseMinAddress
#     to set the Java Heap base and to place the Java Heap above 4GB virtual address.
# This output file may be truncated or incomplete.
#
#  Out of Memory Error (os_windows.cpp:3559), pid=7312, tid=1840
#
# JRE version: OpenJDK Runtime Environment Temurin-17.0.7+7 (17.0.7+7) (build 17.0.7+7)
# Java VM: OpenJDK 64-Bit Server VM Temurin-17.0.7+7 (17.0.7+7, mixed mode, emulated-client, tiered, compressed oops, compressed class ptrs, g1 gc, windows-amd64)
# No core dump will be written. Minidumps are not enabled by default on client versions of Windows
#

---------------  S U M M A R Y ------------

Command Line: -XX:+HeapDumpOnOutOfMemoryError -Xmx1024m -Dsts.lsp.client=vscode -Dsts.log.file=/dev/null -XX:TieredStopAtLevel=1 -Xlog:jni+resolve=off -Dspring.config.location=file:c:\Users\ADMIN\.vscode\extensions\vmware.vscode-spring-boot-1.48.0\language-server\BOOT-INF\classes\application.properties org.springframework.ide.vscode.boot.app.BootLanguageServerBootApp

Host: 11th Gen Intel(R) Core(TM) i5-1135G7 @ 2.40GHz, 8 cores, 7G,  Windows 10 , 64 bit Build 18362 (10.0.18362.329)
Time: Fri Aug 18 14:05:58 2023 SE Asia Standard Time elapsed time: 16.106073 seconds (0d 0h 0m 16s)

---------------  T H R E A D  ---------------

Current thread (0x0000012e67392200):  VMThread "VM Thread" [stack: 0x0000002c18200000,0x0000002c18300000] [id=1840]

Stack: [0x0000002c18200000,0x0000002c18300000]
Native frames: (J=compiled Java code, j=interpreted, Vv=VM code, C=native code)
V  [jvm.dll+0x67754a]
V  [jvm.dll+0x834304]
V  [jvm.dll+0x835aae]
V  [jvm.dll+0x836113]
V  [jvm.dll+0x24696f]
V  [jvm.dll+0x6743f9]
V  [jvm.dll+0x668c8a]
V  [jvm.dll+0x3061bb]
V  [jvm.dll+0x30d6a6]
V  [jvm.dll+0x35cece]
V  [jvm.dll+0x35d0ff]
V  [jvm.dll+0x2dd048]
V  [jvm.dll+0x2db20c]
V  [jvm.dll+0x2da7dc]
V  [jvm.dll+0x31ea01]
V  [jvm.dll+0x83a5bb]
V  [jvm.dll+0x83b2f4]
V  [jvm.dll+0x83b80c]
V  [jvm.dll+0x83bbe4]
V  [jvm.dll+0x83bcb0]
V  [jvm.dll+0x7e4e7a]
V  [jvm.dll+0x676395]
C  [ucrtbase.dll+0x20e72]
C  [KERNEL32.DLL+0x17bd4]
C  [ntdll.dll+0x6ced1]

VM_Operation (0x0000002c1b5fd180): G1TryInitiateConcMark, mode: safepoint, requested by thread 0x0000012e6d5b26f0


---------------  P R O C E S S  ---------------

Threads class SMR info:
_java_thread_list=0x0000012e6df70820, length=47, elements={
0x0000012e673b3380, 0x0000012e673b3f30, 0x0000012e674f91a0, 0x0000012e674f9b50,
0x0000012e674fa500, 0x0000012e674fdde0, 0x0000012e674fe6a0, 0x0000012e674fefa0,
0x0000012e67708e80, 0x0000012e6770a3a0, 0x0000012e6770aa20, 0x0000012e6cb36ef0,
0x0000012e6cc6b020, 0x0000012e6d307080, 0x0000012e6d307550, 0x0000012e6d307a20,
0x0000012e5c596800, 0x0000012e6cf3c840, 0x0000012e6c6dc9f0, 0x0000012e6c6f1250,
0x0000012e6c6f1720, 0x0000012e6d305bf0, 0x0000012e6d3060c0, 0x0000012e6d305720,
0x0000012e6d3048b0, 0x0000012e6d304d80, 0x0000012e6d305250, 0x0000012e6d5b43d0,
0x0000012e6d5b3560, 0x0000012e6d5b5710, 0x0000012e6d5b48a0, 0x0000012e6d5b4d70,
0x0000012e6d5b5240, 0x0000012e6d5b3090, 0x0000012e6d5b5be0, 0x0000012e6d5b3a30,
0x0000012e6d5b2bc0, 0x0000012e6d5b0a10, 0x0000012e6d5b1d50, 0x0000012e6d5b60b0,
0x0000012e6d5b2220, 0x0000012e6d5b0ee0, 0x0000012e6d5b26f0, 0x0000012e6d70b710,
0x0000012e6d5b13b0, 0x0000012e6d5b3f00, 0x0000012e6d5b6a50
}

Java Threads: ( => current thread )
  0x0000012e673b3380 JavaThread "Reference Handler" daemon [_thread_blocked, id=10788, stack(0x0000002c18300000,0x0000002c18400000)]
  0x0000012e673b3f30 JavaThread "Finalizer" daemon [_thread_blocked, id=9644, stack(0x0000002c18400000,0x0000002c18500000)]
  0x0000012e674f91a0 JavaThread "Signal Dispatcher" daemon [_thread_blocked, id=2096, stack(0x0000002c18500000,0x0000002c18600000)]
  0x0000012e674f9b50 JavaThread "Attach Listener" daemon [_thread_blocked, id=13280, stack(0x0000002c18600000,0x0000002c18700000)]
  0x0000012e674fa500 JavaThread "Service Thread" daemon [_thread_blocked, id=14120, stack(0x0000002c18700000,0x0000002c18800000)]
  0x0000012e674fdde0 JavaThread "Monitor Deflation Thread" daemon [_thread_blocked, id=11680, stack(0x0000002c18800000,0x0000002c18900000)]
  0x0000012e674fe6a0 JavaThread "C1 CompilerThread0" daemon [_thread_blocked, id=13928, stack(0x0000002c18900000,0x0000002c18a00000)]
  0x0000012e674fefa0 JavaThread "Sweeper thread" daemon [_thread_blocked, id=5516, stack(0x0000002c18a00000,0x0000002c18b00000)]
  0x0000012e67708e80 JavaThread "C1 CompilerThread1" daemon [_thread_blocked, id=1356, stack(0x0000002c18b00000,0x0000002c18c00000)]
  0x0000012e6770a3a0 JavaThread "Notification Thread" daemon [_thread_blocked, id=8476, stack(0x0000002c18c00000,0x0000002c18d00000)]
  0x0000012e6770aa20 JavaThread "Common-Cleaner" daemon [_thread_blocked, id=10276, stack(0x0000002c18e00000,0x0000002c18f00000)]
  0x0000012e6cb36ef0 JavaThread "C1 CompilerThread2" daemon [_thread_blocked, id=2788, stack(0x0000002c19700000,0x0000002c19800000)]
  0x0000012e6cc6b020 JavaThread "boundedElastic-evictor-1" daemon [_thread_blocked, id=14928, stack(0x0000002c19600000,0x0000002c19700000)]
  0x0000012e6d307080 JavaThread "boundedElastic-evictor-2" daemon [_thread_blocked, id=14948, stack(0x0000002c19800000,0x0000002c19900000)]
  0x0000012e6d307550 JavaThread "pool-11-thread-1" [_thread_blocked, id=14980, stack(0x0000002c19a00000,0x0000002c19b00000)]
  0x0000012e6d307a20 JavaThread "LanguageServerApp-lifecycle" [_thread_blocked, id=14984, stack(0x0000002c19b00000,0x0000002c19c00000)]
  0x0000012e5c596800 JavaThread "DestroyJavaVM" [_thread_blocked, id=592, stack(0x0000002c17c00000,0x0000002c17d00000)]
  0x0000012e6cf3c840 JavaThread "pool-12-thread-1" [_thread_in_native, id=15044, stack(0x0000002c19c00000,0x0000002c19d00000)]
  0x0000012e6c6dc9f0 JavaThread "Simple-Language-Server main thread" daemon [_thread_blocked, id=15104, stack(0x0000002c19d00000,0x0000002c19e00000)]
  0x0000012e6c6f1250 JavaThread "pool-3-thread-1" [_thread_blocked, id=15108, stack(0x0000002c19e00000,0x0000002c19f00000)]
  0x0000012e6c6f1720 JavaThread "pool-3-thread-2" [_thread_blocked, id=15112, stack(0x0000002c19f00000,0x0000002c1a000000)]
  0x0000012e6d305bf0 JavaThread "pool-7-thread-1" [_thread_blocked, id=15136, stack(0x0000002c1a000000,0x0000002c1a100000)]
  0x0000012e6d3060c0 JavaThread "ForkJoinPool.commonPool-worker-1" daemon [_thread_blocked, id=15156, stack(0x0000002c1a100000,0x0000002c1a200000)]
  0x0000012e6d305720 JavaThread "ClassGraph-worker-0" daemon [_thread_blocked, id=15176, stack(0x0000002c1a200000,0x0000002c1a300000)]
  0x0000012e6d3048b0 JavaThread "ClassGraph-worker-1" daemon [_thread_blocked, id=15188, stack(0x0000002c1a300000,0x0000002c1a400000)]
  0x0000012e6d304d80 JavaThread "ClassGraph-worker-2" daemon [_thread_blocked, id=15192, stack(0x0000002c1a400000,0x0000002c1a500000)]
  0x0000012e6d305250 JavaThread "ClassGraph-worker-3" daemon [_thread_blocked, id=15196, stack(0x0000002c1a500000,0x0000002c1a600000)]
  0x0000012e6d5b43d0 JavaThread "ClassGraph-worker-4" daemon [_thread_blocked, id=15200, stack(0x0000002c1a600000,0x0000002c1a700000)]
  0x0000012e6d5b3560 JavaThread "ClassGraph-worker-5" daemon [_thread_blocked, id=15204, stack(0x0000002c1a700000,0x0000002c1a800000)]
  0x0000012e6d5b5710 JavaThread "ClassGraph-worker-6" daemon [_thread_blocked, id=15208, stack(0x0000002c1a800000,0x0000002c1a900000)]
  0x0000012e6d5b48a0 JavaThread "ClassGraph-worker-7" daemon [_thread_blocked, id=15212, stack(0x0000002c1a900000,0x0000002c1aa00000)]
  0x0000012e6d5b4d70 JavaThread "ClassGraph-worker-8" daemon [_thread_blocked, id=15216, stack(0x0000002c1aa00000,0x0000002c1ab00000)]
  0x0000012e6d5b5240 JavaThread "ClassGraph-worker-9" daemon [_thread_blocked, id=15220, stack(0x0000002c1ab00000,0x0000002c1ac00000)]
  0x0000012e6d5b3090 JavaThread "ClassGraph-worker-10" daemon [_thread_blocked, id=15224, stack(0x0000002c1ac00000,0x0000002c1ad00000)]
  0x0000012e6d5b5be0 JavaThread "ClassGraph-worker-11" daemon [_thread_blocked, id=15228, stack(0x0000002c1ad00000,0x0000002c1ae00000)]
  0x0000012e6d5b3a30 JavaThread "ClassGraph-worker-12" daemon [_thread_blocked, id=15232, stack(0x0000002c1ae00000,0x0000002c1af00000)]
  0x0000012e6d5b2bc0 JavaThread "ClassGraph-worker-13" daemon [_thread_blocked, id=15236, stack(0x0000002c1af00000,0x0000002c1b000000)]
  0x0000012e6d5b0a10 JavaThread "parallel-1" daemon [_thread_blocked, id=15300, stack(0x0000002c1b000000,0x0000002c1b100000)]
  0x0000012e6d5b1d50 JavaThread "pool-4-thread-1" [_thread_blocked, id=15304, stack(0x0000002c1b100000,0x0000002c1b200000)]
  0x0000012e6d5b60b0 JavaThread "pool-4-thread-2" [_thread_blocked, id=15308, stack(0x0000002c1b200000,0x0000002c1b300000)]
  0x0000012e6d5b2220 JavaThread "pool-5-thread-1" [_thread_blocked, id=15312, stack(0x0000002c1b300000,0x0000002c1b400000)]
  0x0000012e6d5b0ee0 JavaThread "parallel-2" daemon [_thread_blocked, id=15316, stack(0x0000002c1b400000,0x0000002c1b500000)]
  0x0000012e6d5b26f0 JavaThread "ForkJoinPool.commonPool-worker-2" daemon [_thread_blocked, id=15320, stack(0x0000002c1b500000,0x0000002c1b600000)]
  0x0000012e6d70b710 JavaThread "C1 CompilerThread3" daemon [_thread_blocked, id=15332, stack(0x0000002c1b600000,0x0000002c1b700000)]
  0x0000012e6d5b13b0 JavaThread "Project-Reconciler-1" daemon [_thread_blocked, id=15344, stack(0x0000002c1b800000,0x0000002c1b900000)]
  0x0000012e6d5b3f00 JavaThread "ForkJoinPool.commonPool-worker-3" daemon [_thread_blocked, id=15356, stack(0x0000002c1ba00000,0x0000002c1bb00000)]
  0x0000012e6d5b6a50 JavaThread "ForkJoinPool.commonPool-worker-4" daemon [_thread_blocked, id=4552, stack(0x0000002c1bb00000,0x0000002c1bc00000)]

Other Threads:
=>0x0000012e67392200 VMThread "VM Thread" [stack: 0x0000002c18200000,0x0000002c18300000] [id=1840]
  0x0000012e5c5fb1a0 WatcherThread [stack: 0x0000002c18d00000,0x0000002c18e00000] [id=8208]
  0x0000012e5c5d5970 GCTaskThread "GC Thread#0" [stack: 0x0000002c17d00000,0x0000002c17e00000] [id=4924]
  0x0000012e6c7feae0 GCTaskThread "GC Thread#1" [stack: 0x0000002c18f00000,0x0000002c19000000] [id=3524]
  0x0000012e6c871760 GCTaskThread "GC Thread#2" [stack: 0x0000002c19000000,0x0000002c19100000] [id=11884]
  0x0000012e6c875a20 GCTaskThread "GC Thread#3" [stack: 0x0000002c19100000,0x0000002c19200000] [id=552]
  0x0000012e6c9b2a00 GCTaskThread "GC Thread#4" [stack: 0x0000002c19200000,0x0000002c19300000] [id=13544]
  0x0000012e6c8dd060 GCTaskThread "GC Thread#5" [stack: 0x0000002c19300000,0x0000002c19400000] [id=9372]
  0x0000012e6c8dd310 GCTaskThread "GC Thread#6" [stack: 0x0000002c19400000,0x0000002c19500000] [id=13424]
  0x0000012e6c8dd5c0 GCTaskThread "GC Thread#7" [stack: 0x0000002c19500000,0x0000002c19600000] [id=6792]
  0x0000012e5c5de8b0 ConcurrentGCThread "G1 Main Marker" [stack: 0x0000002c17e00000,0x0000002c17f00000] [id=11048]
  0x0000012e5c5e02d0 ConcurrentGCThread "G1 Conc#0" [stack: 0x0000002c17f00000,0x0000002c18000000] [id=10688]
  0x0000012e6cc71c00 ConcurrentGCThread "G1 Conc#1" [stack: 0x0000002c19900000,0x0000002c19a00000] [id=13400]
  0x0000012e67200090 ConcurrentGCThread "G1 Refine#0" [stack: 0x0000002c18000000,0x0000002c18100000] [id=13784]
  0x0000012e6de85820 ConcurrentGCThread "G1 Refine#1" [stack: 0x0000002c1b700000,0x0000002c1b800000] [id=15340]
  0x0000012e6d9e7dc0 ConcurrentGCThread "G1 Refine#2" [stack: 0x0000002c1b900000,0x0000002c1ba00000] [id=15348]
  0x0000012e67200ab0 ConcurrentGCThread "G1 Service" [stack: 0x0000002c18100000,0x0000002c18200000] [id=13300]

Threads with active compile tasks:

VM state: at safepoint (normal execution)

VM Mutex/Monitor currently owned by a thread:  ([mutex/lock_event])
[0x0000012e5a3ad6a0] Threads_lock - owner thread: 0x0000012e67392200
[0x0000012e5c594db0] Heap_lock - owner thread: 0x0000012e6d5b26f0

Heap address: 0x00000000c0000000, size: 1024 MB, Compressed Oops mode: 32-bit

CDS archive(s) not mapped
Compressed class space mapped at: 0x0000000100000000-0x0000000140000000, reserved size: 1073741824
Narrow klass base: 0x0000000000000000, Narrow klass shift: 3, Narrow klass range: 0x140000000

GC Precious Log:
 CPUs: 8 total, 8 available
 Memory: 7914M
 Large Page Support: Disabled
 NUMA Support: Disabled
 Compressed Oops: Enabled (32-bit)
 Heap Region Size: 1M
 Heap Min Capacity: 8M
 Heap Initial Capacity: 124M
 Heap Max Capacity: 1G
 Pre-touch: Disabled
 Parallel Workers: 8
 Concurrent Workers: 2
 Concurrent Refinement Workers: 8
 Periodic GC: Disabled

Heap:
 garbage-first heap   total 126976K, used 83697K [0x00000000c0000000, 0x0000000100000000)
  region size 1024K, 3 young (3072K), 3 survivors (3072K)
 Metaspace       used 44856K, committed 45312K, reserved 1114112K
  class space    used 5795K, committed 6016K, reserved 1048576K

Heap Regions: E=young(eden), S=young(survivor), O=old, HS=humongous(starts), HC=humongous(continues), CS=collection set, F=free, OA=open archive, CA=closed archive, TAMS=top-at-mark-start (previous, next)
|   0|0x00000000c0000000, 0x00000000c0100000, 0x00000000c0100000|100%| O|  |TAMS 0x00000000c0100000, 0x00000000c0100000| Untracked 
|   1|0x00000000c0100000, 0x00000000c0200000, 0x00000000c0200000|100%| O|  |TAMS 0x00000000c0200000, 0x00000000c0200000| Untracked 
|   2|0x00000000c0200000, 0x00000000c0300000, 0x00000000c0300000|100%| O|  |TAMS 0x00000000c0300000, 0x00000000c0300000| Untracked 
|   3|0x00000000c0300000, 0x00000000c0400000, 0x00000000c0400000|100%| O|  |TAMS 0x00000000c0400000, 0x00000000c0400000| Untracked 
|   4|0x00000000c0400000, 0x00000000c0500000, 0x00000000c0500000|100%| O|  |TAMS 0x00000000c0500000, 0x00000000c0500000| Untracked 
|   5|0x00000000c0500000, 0x00000000c0600000, 0x00000000c0600000|100%| O|  |TAMS 0x00000000c0600000, 0x00000000c0600000| Untracked 
|   6|0x00000000c0600000, 0x00000000c0700000, 0x00000000c0700000|100%| O|  |TAMS 0x00000000c0700000, 0x00000000c0700000| Untracked 
|   7|0x00000000c0700000, 0x00000000c0800000, 0x00000000c0800000|100%| O|  |TAMS 0x00000000c0800000, 0x00000000c0800000| Untracked 
|   8|0x00000000c0800000, 0x00000000c0900000, 0x00000000c0900000|100%| O|  |TAMS 0x00000000c0900000, 0x00000000c0900000| Untracked 
|   9|0x00000000c0900000, 0x00000000c0a00000, 0x00000000c0a00000|100%| O|  |TAMS 0x00000000c0a00000, 0x00000000c0a00000| Untracked 
|  10|0x00000000c0a00000, 0x00000000c0b00000, 0x00000000c0b00000|100%| O|  |TAMS 0x00000000c0b00000, 0x00000000c0b00000| Untracked 
|  11|0x00000000c0b00000, 0x00000000c0c00000, 0x00000000c0c00000|100%| O|  |TAMS 0x00000000c0c00000, 0x00000000c0c00000| Untracked 
|  12|0x00000000c0c00000, 0x00000000c0d00000, 0x00000000c0d00000|100%| O|  |TAMS 0x00000000c0c00000, 0x00000000c0c00000| Untracked 
|  13|0x00000000c0d00000, 0x00000000c0e00000, 0x00000000c0e00000|100%| O|  |TAMS 0x00000000c0e00000, 0x00000000c0e00000| Untracked 
|  14|0x00000000c0e00000, 0x00000000c0f00000, 0x00000000c0f00000|100%| O|  |TAMS 0x00000000c0f00000, 0x00000000c0f00000| Untracked 
|  15|0x00000000c0f00000, 0x00000000c1000000, 0x00000000c1000000|100%| O|  |TAMS 0x00000000c1000000, 0x00000000c1000000| Untracked 
|  16|0x00000000c1000000, 0x00000000c1100000, 0x00000000c1100000|100%| O|  |TAMS 0x00000000c1100000, 0x00000000c1100000| Untracked 
|  17|0x00000000c1100000, 0x00000000c1200000, 0x00000000c1200000|100%| O|  |TAMS 0x00000000c1200000, 0x00000000c1200000| Untracked 
|  18|0x00000000c1200000, 0x00000000c1300000, 0x00000000c1300000|100%| O|  |TAMS 0x00000000c1300000, 0x00000000c1300000| Untracked 
|  19|0x00000000c1300000, 0x00000000c1400000, 0x00000000c1400000|100%| O|  |TAMS 0x00000000c1400000, 0x00000000c1400000| Untracked 
|  20|0x00000000c1400000, 0x00000000c1500000, 0x00000000c1500000|100%| O|  |TAMS 0x00000000c1500000, 0x00000000c1500000| Untracked 
|  21|0x00000000c1500000, 0x00000000c1600000, 0x00000000c1600000|100%| O|  |TAMS 0x00000000c1600000, 0x00000000c1600000| Untracked 
|  22|0x00000000c1600000, 0x00000000c1700000, 0x00000000c1700000|100%| O|  |TAMS 0x00000000c1700000, 0x00000000c1700000| Untracked 
|  23|0x00000000c1700000, 0x00000000c1800000, 0x00000000c1800000|100%| O|  |TAMS 0x00000000c1800000, 0x00000000c1800000| Untracked 
|  24|0x00000000c1800000, 0x00000000c1900000, 0x00000000c1900000|100%| O|  |TAMS 0x00000000c1900000, 0x00000000c1900000| Untracked 
|  25|0x00000000c1900000, 0x00000000c1a00000, 0x00000000c1a00000|100%| O|  |TAMS 0x00000000c1a00000, 0x00000000c1a00000| Untracked 
|  26|0x00000000c1a00000, 0x00000000c1b00000, 0x00000000c1b00000|100%| O|  |TAMS 0x00000000c1b00000, 0x00000000c1b00000| Untracked 
|  27|0x00000000c1b00000, 0x00000000c1c00000, 0x00000000c1c00000|100%| O|  |TAMS 0x00000000c1c00000, 0x00000000c1c00000| Untracked 
|  28|0x00000000c1c00000, 0x00000000c1d00000, 0x00000000c1d00000|100%| O|  |TAMS 0x00000000c1d00000, 0x00000000c1d00000| Untracked 
|  29|0x00000000c1d00000, 0x00000000c1e00000, 0x00000000c1e00000|100%| O|  |TAMS 0x00000000c1e00000, 0x00000000c1e00000| Untracked 
|  30|0x00000000c1e00000, 0x00000000c1f00000, 0x00000000c1f00000|100%| O|  |TAMS 0x00000000c1f00000, 0x00000000c1f00000| Untracked 
|  31|0x00000000c1f00000, 0x00000000c2000000, 0x00000000c2000000|100%| O|  |TAMS 0x00000000c2000000, 0x00000000c2000000| Untracked 
|  32|0x00000000c2000000, 0x00000000c2100000, 0x00000000c2100000|100%| O|  |TAMS 0x00000000c2100000, 0x00000000c2100000| Untracked 
|  33|0x00000000c2100000, 0x00000000c2200000, 0x00000000c2200000|100%| O|  |TAMS 0x00000000c2200000, 0x00000000c2200000| Untracked 
|  34|0x00000000c2200000, 0x00000000c2300000, 0x00000000c2300000|100%| O|  |TAMS 0x00000000c2300000, 0x00000000c2300000| Untracked 
|  35|0x00000000c2300000, 0x00000000c2400000, 0x00000000c2400000|100%| O|  |TAMS 0x00000000c2400000, 0x00000000c2400000| Untracked 
|  36|0x00000000c2400000, 0x00000000c2500000, 0x00000000c2500000|100%| O|  |TAMS 0x00000000c2500000, 0x00000000c2500000| Untracked 
|  37|0x00000000c2500000, 0x00000000c2600000, 0x00000000c2600000|100%| O|  |TAMS 0x00000000c2600000, 0x00000000c2600000| Untracked 
|  38|0x00000000c2600000, 0x00000000c2700000, 0x00000000c2700000|100%| O|  |TAMS 0x00000000c2700000, 0x00000000c2700000| Untracked 
|  39|0x00000000c2700000, 0x00000000c2800000, 0x00000000c2800000|100%| O|  |TAMS 0x00000000c2800000, 0x00000000c2800000| Untracked 
|  40|0x00000000c2800000, 0x00000000c2900000, 0x00000000c2900000|100%| O|  |TAMS 0x00000000c2900000, 0x00000000c2900000| Untracked 
|  41|0x00000000c2900000, 0x00000000c2a00000, 0x00000000c2a00000|100%| O|  |TAMS 0x00000000c2a00000, 0x00000000c2a00000| Untracked 
|  42|0x00000000c2a00000, 0x00000000c2b00000, 0x00000000c2b00000|100%| O|  |TAMS 0x00000000c2b00000, 0x00000000c2b00000| Untracked 
|  43|0x00000000c2b00000, 0x00000000c2c00000, 0x00000000c2c00000|100%| O|  |TAMS 0x00000000c2c00000, 0x00000000c2c00000| Untracked 
|  44|0x00000000c2c00000, 0x00000000c2d00000, 0x00000000c2d00000|100%| O|  |TAMS 0x00000000c2d00000, 0x00000000c2d00000| Untracked 
|  45|0x00000000c2d00000, 0x00000000c2e00000, 0x00000000c2e00000|100%| O|  |TAMS 0x00000000c2e00000, 0x00000000c2e00000| Untracked 
|  46|0x00000000c2e00000, 0x00000000c2f00000, 0x00000000c2f00000|100%| O|  |TAMS 0x00000000c2f00000, 0x00000000c2f00000| Untracked 
|  47|0x00000000c2f00000, 0x00000000c3000000, 0x00000000c3000000|100%| O|  |TAMS 0x00000000c3000000, 0x00000000c3000000| Untracked 
|  48|0x00000000c3000000, 0x00000000c3100000, 0x00000000c3100000|100%| O|  |TAMS 0x00000000c3100000, 0x00000000c3100000| Untracked 
|  49|0x00000000c3100000, 0x00000000c3200000, 0x00000000c3200000|100%| O|  |TAMS 0x00000000c3200000, 0x00000000c3200000| Untracked 
|  50|0x00000000c3200000, 0x00000000c3300000, 0x00000000c3300000|100%| O|  |TAMS 0x00000000c3300000, 0x00000000c3300000| Untracked 
|  51|0x00000000c3300000, 0x00000000c3400000, 0x00000000c3400000|100%| O|  |TAMS 0x00000000c3400000, 0x00000000c3400000| Untracked 
|  52|0x00000000c3400000, 0x00000000c3500000, 0x00000000c3500000|100%| O|  |TAMS 0x00000000c3500000, 0x00000000c3500000| Untracked 
|  53|0x00000000c3500000, 0x00000000c3600000, 0x00000000c3600000|100%| O|  |TAMS 0x00000000c3600000, 0x00000000c3600000| Untracked 
|  54|0x00000000c3600000, 0x00000000c3700000, 0x00000000c3700000|100%| O|  |TAMS 0x00000000c36b3a00, 0x00000000c3700000| Untracked 
|  55|0x00000000c3700000, 0x00000000c3800000, 0x00000000c3800000|100%| O|  |TAMS 0x00000000c3700000, 0x00000000c3800000| Untracked 
|  56|0x00000000c3800000, 0x00000000c3900000, 0x00000000c3900000|100%| O|  |TAMS 0x00000000c3800000, 0x00000000c3900000| Untracked 
|  57|0x00000000c3900000, 0x00000000c3a00000, 0x00000000c3a00000|100%| O|  |TAMS 0x00000000c3900000, 0x00000000c3a00000| Untracked 
|  58|0x00000000c3a00000, 0x00000000c3b00000, 0x00000000c3b00000|100%| O|  |TAMS 0x00000000c3a00000, 0x00000000c3b00000| Untracked 
|  59|0x00000000c3b00000, 0x00000000c3c00000, 0x00000000c3c00000|100%| O|  |TAMS 0x00000000c3b00000, 0x00000000c3c00000| Untracked 
|  60|0x00000000c3c00000, 0x00000000c3d00000, 0x00000000c3d00000|100%|HS|  |TAMS 0x00000000c3c00000, 0x00000000c3d00000| Complete 
|  61|0x00000000c3d00000, 0x00000000c3e00000, 0x00000000c3e00000|100%|HS|  |TAMS 0x00000000c3d00000, 0x00000000c3e00000| Complete 
|  62|0x00000000c3e00000, 0x00000000c3f00000, 0x00000000c3f00000|100%| O|  |TAMS 0x00000000c3e00000, 0x00000000c3f00000| Untracked 
|  63|0x00000000c3f00000, 0x00000000c4000000, 0x00000000c4000000|100%| O|  |TAMS 0x00000000c3f00000, 0x00000000c4000000| Untracked 
|  64|0x00000000c4000000, 0x00000000c4100000, 0x00000000c4100000|100%| O|  |TAMS 0x00000000c4000000, 0x00000000c4100000| Untracked 
|  65|0x00000000c4100000, 0x00000000c4200000, 0x00000000c4200000|100%| O|  |TAMS 0x00000000c4100000, 0x00000000c4200000| Untracked 
|  66|0x00000000c4200000, 0x00000000c4300000, 0x00000000c4300000|100%| O|  |TAMS 0x00000000c4200000, 0x00000000c4300000| Untracked 
|  67|0x00000000c4300000, 0x00000000c4400000, 0x00000000c4400000|100%| O|  |TAMS 0x00000000c4300000, 0x00000000c4400000| Untracked 
|  68|0x00000000c4400000, 0x00000000c4500000, 0x00000000c4500000|100%| O|  |TAMS 0x00000000c4400000, 0x00000000c4500000| Untracked 
|  69|0x00000000c4500000, 0x00000000c4600000, 0x00000000c4600000|100%| O|  |TAMS 0x00000000c4500000, 0x00000000c4600000| Untracked 
|  70|0x00000000c4600000, 0x00000000c4700000, 0x00000000c4700000|100%| O|  |TAMS 0x00000000c4600000, 0x00000000c4700000| Untracked 
|  71|0x00000000c4700000, 0x00000000c4800000, 0x00000000c4800000|100%| O|  |TAMS 0x00000000c4700000, 0x00000000c4800000| Untracked 
|  72|0x00000000c4800000, 0x00000000c4900000, 0x00000000c4900000|100%| O|  |TAMS 0x00000000c4800000, 0x00000000c4900000| Untracked 
|  73|0x00000000c4900000, 0x00000000c4a00000, 0x00000000c4a00000|100%| O|  |TAMS 0x00000000c4900000, 0x00000000c4a00000| Untracked 
|  74|0x00000000c4a00000, 0x00000000c4b00000, 0x00000000c4b00000|100%| O|  |TAMS 0x00000000c4a00000, 0x00000000c4a5dc00| Untracked 
|  75|0x00000000c4b00000, 0x00000000c4c00000, 0x00000000c4c00000|100%| O|  |TAMS 0x00000000c4b00000, 0x00000000c4b00000| Untracked 
|  76|0x00000000c4c00000, 0x00000000c4d00000, 0x00000000c4d00000|100%| O|  |TAMS 0x00000000c4c00000, 0x00000000c4c00000| Untracked 
|  77|0x00000000c4d00000, 0x00000000c4e00000, 0x00000000c4e00000|100%| O|  |TAMS 0x00000000c4d00000, 0x00000000c4d00000| Untracked 
|  78|0x00000000c4e00000, 0x00000000c4ebc400, 0x00000000c4f00000| 73%| O|  |TAMS 0x00000000c4e00000, 0x00000000c4e00000| Untracked 
|  79|0x00000000c4f00000, 0x00000000c4f00000, 0x00000000c5000000|  0%| F|  |TAMS 0x00000000c4f00000, 0x00000000c4f00000| Untracked 
|  80|0x00000000c5000000, 0x00000000c5000000, 0x00000000c5100000|  0%| F|  |TAMS 0x00000000c5000000, 0x00000000c5000000| Untracked 
|  81|0x00000000c5100000, 0x00000000c5100000, 0x00000000c5200000|  0%| F|  |TAMS 0x00000000c5100000, 0x00000000c5100000| Untracked 
|  82|0x00000000c5200000, 0x00000000c5200000, 0x00000000c5300000|  0%| F|  |TAMS 0x00000000c5200000, 0x00000000c5200000| Untracked 
|  83|0x00000000c5300000, 0x00000000c5300000, 0x00000000c5400000|  0%| F|  |TAMS 0x00000000c5300000, 0x00000000c5300000| Untracked 
|  84|0x00000000c5400000, 0x00000000c5400000, 0x00000000c5500000|  0%| F|  |TAMS 0x00000000c5400000, 0x00000000c5400000| Untracked 
|  85|0x00000000c5500000, 0x00000000c5500000, 0x00000000c5600000|  0%| F|  |TAMS 0x00000000c5500000, 0x00000000c5500000| Untracked 
|  86|0x00000000c5600000, 0x00000000c5600000, 0x00000000c5700000|  0%| F|  |TAMS 0x00000000c5600000, 0x00000000c5600000| Untracked 
|  87|0x00000000c5700000, 0x00000000c5700000, 0x00000000c5800000|  0%| F|  |TAMS 0x00000000c5700000, 0x00000000c5700000| Untracked 
|  88|0x00000000c5800000, 0x00000000c5800000, 0x00000000c5900000|  0%| F|  |TAMS 0x00000000c5800000, 0x00000000c5800000| Untracked 
|  89|0x00000000c5900000, 0x00000000c5900000, 0x00000000c5a00000|  0%| F|  |TAMS 0x00000000c5900000, 0x00000000c5900000| Untracked 
|  90|0x00000000c5a00000, 0x00000000c5a00000, 0x00000000c5b00000|  0%| F|  |TAMS 0x00000000c5a00000, 0x00000000c5a00000| Untracked 
|  91|0x00000000c5b00000, 0x00000000c5b00000, 0x00000000c5c00000|  0%| F|  |TAMS 0x00000000c5b00000, 0x00000000c5b00000| Untracked 
|  92|0x00000000c5c00000, 0x00000000c5c00000, 0x00000000c5d00000|  0%| F|  |TAMS 0x00000000c5c00000, 0x00000000c5c00000| Untracked 
|  93|0x00000000c5d00000, 0x00000000c5d00000, 0x00000000c5e00000|  0%| F|  |TAMS 0x00000000c5d00000, 0x00000000c5d00000| Untracked 
|  94|0x00000000c5e00000, 0x00000000c5e00000, 0x00000000c5f00000|  0%| F|  |TAMS 0x00000000c5e00000, 0x00000000c5e00000| Untracked 
|  95|0x00000000c5f00000, 0x00000000c5f00000, 0x00000000c6000000|  0%| F|  |TAMS 0x00000000c5f00000, 0x00000000c5f00000| Untracked 
|  96|0x00000000c6000000, 0x00000000c6000000, 0x00000000c6100000|  0%| F|  |TAMS 0x00000000c6000000, 0x00000000c6000000| Untracked 
|  97|0x00000000c6100000, 0x00000000c6100000, 0x00000000c6200000|  0%| F|  |TAMS 0x00000000c6100000, 0x00000000c6100000| Untracked 
|  98|0x00000000c6200000, 0x00000000c6200000, 0x00000000c6300000|  0%| F|  |TAMS 0x00000000c6200000, 0x00000000c6200000| Untracked 
|  99|0x00000000c6300000, 0x00000000c6300000, 0x00000000c6400000|  0%| F|  |TAMS 0x00000000c6300000, 0x00000000c6300000| Untracked 
| 100|0x00000000c6400000, 0x00000000c6400000, 0x00000000c6500000|  0%| F|  |TAMS 0x00000000c6400000, 0x00000000c6400000| Untracked 
| 101|0x00000000c6500000, 0x00000000c6500000, 0x00000000c6600000|  0%| F|  |TAMS 0x00000000c6500000, 0x00000000c6500000| Untracked 
| 102|0x00000000c6600000, 0x00000000c6600000, 0x00000000c6700000|  0%| F|  |TAMS 0x00000000c6600000, 0x00000000c6600000| Untracked 
| 103|0x00000000c6700000, 0x00000000c6700000, 0x00000000c6800000|  0%| F|  |TAMS 0x00000000c6700000, 0x00000000c6700000| Untracked 
| 104|0x00000000c6800000, 0x00000000c6800000, 0x00000000c6900000|  0%| F|  |TAMS 0x00000000c6800000, 0x00000000c6800000| Untracked 
| 105|0x00000000c6900000, 0x00000000c6a00000, 0x00000000c6a00000|100%| S|CS|TAMS 0x00000000c6900000, 0x00000000c6900000| Complete 
| 106|0x00000000c6a00000, 0x00000000c6b00000, 0x00000000c6b00000|100%| S|CS|TAMS 0x00000000c6a00000, 0x00000000c6a00000| Complete 
| 107|0x00000000c6b00000, 0x00000000c6c00000, 0x00000000c6c00000|100%| S|CS|TAMS 0x00000000c6b00000, 0x00000000c6b00000| Complete 
| 108|0x00000000c6c00000, 0x00000000c6c00000, 0x00000000c6d00000|  0%| F|  |TAMS 0x00000000c6c00000, 0x00000000c6c00000| Untracked 
| 109|0x00000000c6d00000, 0x00000000c6d00000, 0x00000000c6e00000|  0%| F|  |TAMS 0x00000000c6d00000, 0x00000000c6d00000| Untracked 
| 110|0x00000000c6e00000, 0x00000000c6e00000, 0x00000000c6f00000|  0%| F|  |TAMS 0x00000000c6e00000, 0x00000000c6e00000| Untracked 
| 111|0x00000000c6f00000, 0x00000000c6f00000, 0x00000000c7000000|  0%| F|  |TAMS 0x00000000c6f00000, 0x00000000c6f00000| Untracked 
| 112|0x00000000c7000000, 0x00000000c7000000, 0x00000000c7100000|  0%| F|  |TAMS 0x00000000c7000000, 0x00000000c7000000| Untracked 
| 113|0x00000000c7100000, 0x00000000c7100000, 0x00000000c7200000|  0%| F|  |TAMS 0x00000000c7100000, 0x00000000c7100000| Untracked 
| 114|0x00000000c7200000, 0x00000000c7200000, 0x00000000c7300000|  0%| F|  |TAMS 0x00000000c7200000, 0x00000000c7200000| Untracked 
| 115|0x00000000c7300000, 0x00000000c7300000, 0x00000000c7400000|  0%| F|  |TAMS 0x00000000c7300000, 0x00000000c7300000| Untracked 
| 116|0x00000000c7400000, 0x00000000c7400000, 0x00000000c7500000|  0%| F|  |TAMS 0x00000000c7400000, 0x00000000c7400000| Untracked 
| 117|0x00000000c7500000, 0x00000000c7500000, 0x00000000c7600000|  0%| F|  |TAMS 0x00000000c7500000, 0x00000000c7500000| Untracked 
| 118|0x00000000c7600000, 0x00000000c7600000, 0x00000000c7700000|  0%| F|  |TAMS 0x00000000c7600000, 0x00000000c7600000| Untracked 
| 119|0x00000000c7700000, 0x00000000c7700000, 0x00000000c7800000|  0%| F|  |TAMS 0x00000000c7700000, 0x00000000c7700000| Untracked 
| 120|0x00000000c7800000, 0x00000000c7800000, 0x00000000c7900000|  0%| F|  |TAMS 0x00000000c7800000, 0x00000000c7800000| Untracked 
| 121|0x00000000c7900000, 0x00000000c7900000, 0x00000000c7a00000|  0%| F|  |TAMS 0x00000000c7900000, 0x00000000c7900000| Untracked 
| 122|0x00000000c7a00000, 0x00000000c7a00000, 0x00000000c7b00000|  0%| F|  |TAMS 0x00000000c7a00000, 0x00000000c7a00000| Untracked 
| 123|0x00000000c7b00000, 0x00000000c7b00000, 0x00000000c7c00000|  0%| F|  |TAMS 0x00000000c7b00000, 0x00000000c7b00000| Untracked 

Card table byte_map: [0x0000012e62520000,0x0000012e62720000] _byte_map_base: 0x0000012e61f20000

Marking Bits (Prev, Next): (CMBitMap*) 0x0000012e5c5d5fc0, (CMBitMap*) 0x0000012e5c5d5f80
 Prev Bits: [0x0000012e63920000, 0x0000012e64920000)
 Next Bits: [0x0000012e62920000, 0x0000012e63920000)

Polling page: 0x0000012e5a360000

Metaspace:

Usage:
  Non-class:     38.15 MB used.
      Class:      5.66 MB used.
       Both:     43.80 MB used.

Virtual space:
  Non-class space:       64.00 MB reserved,      38.38 MB ( 60%) committed,  1 nodes.
      Class space:        1.00 GB reserved,       5.88 MB ( <1%) committed,  1 nodes.
             Both:        1.06 GB reserved,      44.25 MB (  4%) committed. 

Chunk freelists:
   Non-Class:  8.72 MB
       Class:  9.98 MB
        Both:  18.70 MB

MaxMetaspaceSize: unlimited
CompressedClassSpaceSize: 1.00 GB
Initial GC threshold: 21.00 MB
Current GC threshold: 71.69 MB
CDS: off
MetaspaceReclaimPolicy: balanced
 - commit_granule_bytes: 65536.
 - commit_granule_words: 8192.
 - virtual_space_node_default_size: 8388608.
 - enlarge_chunks_in_place: 1.
 - new_chunks_are_fully_committed: 0.
 - uncommit_free_chunks: 1.
 - use_allocation_guard: 0.
 - handle_deallocations: 1.


Internal statistics:

num_allocs_failed_limit: 11.
num_arena_births: 576.
num_arena_deaths: 0.
num_vsnodes_births: 2.
num_vsnodes_deaths: 0.
num_space_committed: 708.
num_space_uncommitted: 0.
num_chunks_returned_to_freelist: 11.
num_chunks_taken_from_freelist: 1961.
num_chunk_merges: 11.
num_chunk_splits: 1342.
num_chunks_enlarged: 993.
num_inconsistent_stats: 0.

CodeCache: size=49152Kb used=10329Kb max_used=10329Kb free=38822Kb
 bounds [0x0000012e5f210000, 0x0000012e5fc30000, 0x0000012e62210000]
 total_blobs=5161 nmethods=4591 adapters=494
 compilation: enabled
              stopped_count=0, restarted_count=0
 full_count=0

Compilation events (20 events):
Event: 16.037 Thread 0x0000012e6d70b710 4583       1       java.util.zip.Inflater::<init> (28 bytes)
Event: 16.037 Thread 0x0000012e674fe6a0 4584       1       java.util.zip.Inflater$InflaterZStreamRef::<init> (30 bytes)
Event: 16.037 Thread 0x0000012e674fe6a0 nmethod 4584 0x0000012e5fc22910 code [0x0000012e5fc22ac0, 0x0000012e5fc22db8]
Event: 16.037 Thread 0x0000012e6d70b710 nmethod 4583 0x0000012e5fc22f10 code [0x0000012e5fc230e0, 0x0000012e5fc23478]
Event: 16.038 Thread 0x0000012e674fe6a0 4585  s    1       sun.nio.ch.ChannelInputStream::read (77 bytes)
Event: 16.038 Thread 0x0000012e6d70b710 4586       1       org.eclipse.jdt.internal.compiler.classfmt.ClassFileStruct::u4At (73 bytes)
Event: 16.039 Thread 0x0000012e6cb36ef0 4587       1       org.eclipse.jdt.internal.compiler.classfmt.ModuleInfo::name (5 bytes)
Event: 16.039 Thread 0x0000012e6d70b710 nmethod 4586 0x0000012e5fc23610 code [0x0000012e5fc237a0, 0x0000012e5fc23918]
Event: 16.039 Thread 0x0000012e6cb36ef0 nmethod 4587 0x0000012e5fc23a10 code [0x0000012e5fc23ba0, 0x0000012e5fc23c78]
Event: 16.039 Thread 0x0000012e674fe6a0 nmethod 4585 0x0000012e5fc23d10 code [0x0000012e5fc23f20, 0x0000012e5fc244b8]
Event: 16.039 Thread 0x0000012e6cb36ef0 4588       1       java.nio.file.FileTreeWalker$DirectoryNode::stream (5 bytes)
Event: 16.039 Thread 0x0000012e6cb36ef0 nmethod 4588 0x0000012e5fc24790 code [0x0000012e5fc24920, 0x0000012e5fc249f8]
Event: 16.058 Thread 0x0000012e674fe6a0 4589       1       java.util.StringTokenizer::<init> (52 bytes)
Event: 16.058 Thread 0x0000012e67708e80 4590       1       java.util.StringTokenizer::setMaxDelimCodePoint (156 bytes)
Event: 16.063 Thread 0x0000012e6d70b710 4591 %     1       nonapi.io.github.classgraph.concurrency.WorkQueue::addWorkUnits @ 7 (32 bytes)
Event: 16.064 Thread 0x0000012e674fe6a0 nmethod 4589 0x0000012e5fc24a90 code [0x0000012e5fc24c40, 0x0000012e5fc24e08]
Event: 16.064 Thread 0x0000012e6d70b710 nmethod 4591% 0x0000012e5fc24f10 code [0x0000012e5fc250e0, 0x0000012e5fc252b8]
Event: 16.065 Thread 0x0000012e67708e80 nmethod 4590 0x0000012e5fc25410 code [0x0000012e5fc25600, 0x0000012e5fc25b58]
Event: 16.074 Thread 0x0000012e6d70b710 4592       1       java.lang.String::valueOf (9 bytes)
Event: 16.074 Thread 0x0000012e6d70b710 nmethod 4592 0x0000012e5fc25e90 code [0x0000012e5fc26020, 0x0000012e5fc26168]

GC Heap History (20 events):
Event: 13.570 GC heap after
{Heap after GC invocations=11 (full 0):
 garbage-first heap   total 65536K, used 32155K [0x00000000c0000000, 0x0000000100000000)
  region size 1024K, 3 young (3072K), 3 survivors (3072K)
 Metaspace       used 39155K, committed 39552K, reserved 1114112K
  class space    used 5126K, committed 5312K, reserved 1048576K
}
Event: 13.707 GC heap before
{Heap before GC invocations=11 (full 0):
 garbage-first heap   total 65536K, used 46491K [0x00000000c0000000, 0x0000000100000000)
  region size 1024K, 18 young (18432K), 3 survivors (3072K)
 Metaspace       used 39652K, committed 40064K, reserved 1114112K
  class space    used 5193K, committed 5376K, reserved 1048576K
}
Event: 13.712 GC heap after
{Heap after GC invocations=12 (full 0):
 garbage-first heap   total 65536K, used 35616K [0x00000000c0000000, 0x0000000100000000)
  region size 1024K, 3 young (3072K), 3 survivors (3072K)
 Metaspace       used 39652K, committed 40064K, reserved 1114112K
  class space    used 5193K, committed 5376K, reserved 1048576K
}
Event: 13.863 GC heap before
{Heap before GC invocations=13 (full 0):
 garbage-first heap   total 68608K, used 48928K [0x00000000c0000000, 0x0000000100000000)
  region size 1024K, 16 young (16384K), 3 survivors (3072K)
 Metaspace       used 40135K, committed 40640K, reserved 1114112K
  class space    used 5250K, committed 5504K, reserved 1048576K
}
Event: 13.870 GC heap after
{Heap after GC invocations=14 (full 0):
 garbage-first heap   total 68608K, used 37666K [0x00000000c0000000, 0x0000000100000000)
  region size 1024K, 2 young (2048K), 2 survivors (2048K)
 Metaspace       used 40135K, committed 40640K, reserved 1114112K
  class space    used 5250K, committed 5504K, reserved 1048576K
}
Event: 13.924 GC heap before
{Heap before GC invocations=14 (full 0):
 garbage-first heap   total 68608K, used 52002K [0x00000000c0000000, 0x0000000100000000)
  region size 1024K, 16 young (16384K), 2 survivors (2048K)
 Metaspace       used 40345K, committed 40832K, reserved 1114112K
  class space    used 5274K, committed 5504K, reserved 1048576K
}
Event: 13.931 GC heap after
{Heap after GC invocations=15 (full 0):
 garbage-first heap   total 124928K, used 40328K [0x00000000c0000000, 0x0000000100000000)
  region size 1024K, 2 young (2048K), 2 survivors (2048K)
 Metaspace       used 40345K, committed 40832K, reserved 1114112K
  class space    used 5274K, committed 5504K, reserved 1048576K
}
Event: 14.139 GC heap before
{Heap before GC invocations=16 (full 0):
 garbage-first heap   total 124928K, used 89480K [0x00000000c0000000, 0x0000000100000000)
  region size 1024K, 50 young (51200K), 2 survivors (2048K)
 Metaspace       used 41040K, committed 41472K, reserved 1114112K
  class space    used 5368K, committed 5568K, reserved 1048576K
}
Event: 14.157 GC heap after
{Heap after GC invocations=17 (full 0):
 garbage-first heap   total 124928K, used 52301K [0x00000000c0000000, 0x0000000100000000)
  region size 1024K, 7 young (7168K), 7 survivors (7168K)
 Metaspace       used 41040K, committed 41472K, reserved 1114112K
  class space    used 5368K, committed 5568K, reserved 1048576K
}
Event: 14.173 GC heap before
{Heap before GC invocations=17 (full 0):
 garbage-first heap   total 124928K, used 53325K [0x00000000c0000000, 0x0000000100000000)
  region size 1024K, 8 young (8192K), 7 survivors (7168K)
 Metaspace       used 41076K, committed 41472K, reserved 1114112K
  class space    used 5374K, committed 5568K, reserved 1048576K
}
Event: 14.182 GC heap after
{Heap after GC invocations=18 (full 0):
 garbage-first heap   total 124928K, used 53588K [0x00000000c0000000, 0x0000000100000000)
  region size 1024K, 1 young (1024K), 1 survivors (1024K)
 Metaspace       used 41076K, committed 41472K, reserved 1114112K
  class space    used 5374K, committed 5568K, reserved 1048576K
}
Event: 15.238 GC heap before
{Heap before GC invocations=18 (full 0):
 garbage-first heap   total 124928K, used 88404K [0x00000000c0000000, 0x0000000100000000)
  region size 1024K, 36 young (36864K), 1 survivors (1024K)
 Metaspace       used 42614K, committed 43008K, reserved 1114112K
  class space    used 5497K, committed 5696K, reserved 1048576K
}
Event: 15.247 GC heap after
{Heap after GC invocations=19 (full 0):
 garbage-first heap   total 124928K, used 60608K [0x00000000c0000000, 0x0000000100000000)
  region size 1024K, 5 young (5120K), 5 survivors (5120K)
 Metaspace       used 42614K, committed 43008K, reserved 1114112K
  class space    used 5497K, committed 5696K, reserved 1048576K
}
Event: 15.626 GC heap before
{Heap before GC invocations=19 (full 0):
 garbage-first heap   total 124928K, used 64704K [0x00000000c0000000, 0x0000000100000000)
  region size 1024K, 11 young (11264K), 5 survivors (5120K)
 Metaspace       used 42962K, committed 43392K, reserved 1114112K
  class space    used 5547K, committed 5760K, reserved 1048576K
}
Event: 15.638 GC heap after
{Heap after GC invocations=20 (full 0):
 garbage-first heap   total 124928K, used 62637K [0x00000000c0000000, 0x0000000100000000)
  region size 1024K, 2 young (2048K), 2 survivors (2048K)
 Metaspace       used 42962K, committed 43392K, reserved 1114112K
  class space    used 5547K, committed 5760K, reserved 1048576K
}
Event: 15.926 GC heap before
{Heap before GC invocations=21 (full 0):
 garbage-first heap   total 124928K, used 91309K [0x00000000c0000000, 0x0000000100000000)
  region size 1024K, 29 young (29696K), 2 survivors (2048K)
 Metaspace       used 44291K, committed 44800K, reserved 1114112K
  class space    used 5708K, committed 5952K, reserved 1048576K
}
Event: 15.937 GC heap after
{Heap after GC invocations=22 (full 0):
 garbage-first heap   total 124928K, used 74521K [0x00000000c0000000, 0x0000000100000000)
  region size 1024K, 4 young (4096K), 4 survivors (4096K)
 Metaspace       used 44291K, committed 44800K, reserved 1114112K
  class space    used 5708K, committed 5952K, reserved 1048576K
}
Event: 15.947 GC heap before
{Heap before GC invocations=22 (full 0):
 garbage-first heap   total 124928K, used 76569K [0x00000000c0000000, 0x0000000100000000)
  region size 1024K, 6 young (6144K), 4 survivors (4096K)
 Metaspace       used 44348K, committed 44800K, reserved 1114112K
  class space    used 5715K, committed 5952K, reserved 1048576K
}
Event: 15.953 GC heap after
{Heap after GC invocations=23 (full 0):
 garbage-first heap   total 124928K, used 76151K [0x00000000c0000000, 0x0000000100000000)
  region size 1024K, 1 young (1024K), 1 survivors (1024K)
 Metaspace       used 44348K, committed 44800K, reserved 1114112K
  class space    used 5715K, committed 5952K, reserved 1048576K
}
Event: 16.076 GC heap before
{Heap before GC invocations=23 (full 0):
 garbage-first heap   total 124928K, used 88439K [0x00000000c0000000, 0x0000000100000000)
  region size 1024K, 14 young (14336K), 1 survivors (1024K)
 Metaspace       used 44856K, committed 45312K, reserved 1114112K
  class space    used 5795K, committed 6016K, reserved 1048576K
}

Dll operation events (8 events):
Event: 0.013 Loaded shared library c:\Users\ADMIN\.vscode\extensions\redhat.java-1.21.0-win32-x64\jre\17.0.7-win32-x86_64\bin\java.dll
Event: 0.393 Loaded shared library C:\Users\ADMIN\.vscode\extensions\redhat.java-1.21.0-win32-x64\jre\17.0.7-win32-x86_64\bin\net.dll
Event: 0.395 Loaded shared library C:\Users\ADMIN\.vscode\extensions\redhat.java-1.21.0-win32-x64\jre\17.0.7-win32-x86_64\bin\nio.dll
Event: 0.409 Loaded shared library C:\Users\ADMIN\.vscode\extensions\redhat.java-1.21.0-win32-x64\jre\17.0.7-win32-x86_64\bin\zip.dll
Event: 0.897 Loaded shared library C:\Users\ADMIN\.vscode\extensions\redhat.java-1.21.0-win32-x64\jre\17.0.7-win32-x86_64\bin\jimage.dll
Event: 10.946 Loaded shared library C:\Users\ADMIN\.vscode\extensions\redhat.java-1.21.0-win32-x64\jre\17.0.7-win32-x86_64\bin\management.dll
Event: 10.966 Loaded shared library C:\Users\ADMIN\.vscode\extensions\redhat.java-1.21.0-win32-x64\jre\17.0.7-win32-x86_64\bin\management_ext.dll
Event: 15.665 Loaded shared library C:\Users\ADMIN\.vscode\extensions\redhat.java-1.21.0-win32-x64\jre\17.0.7-win32-x86_64\bin\sunmscapi.dll

Deoptimization events (12 events):
Event: 4.857 Thread 0x0000012e5c596800 DEOPT PACKING pc=0x0000012e5f812999 sp=0x0000002c17cfd5d0
Event: 4.857 Thread 0x0000012e5c596800 DEOPT UNPACKING pc=0x0000012e5f26ace3 sp=0x0000002c17cfcab0 mode 3
Event: 12.421 Thread 0x0000012e6c6dc9f0 DEOPT PACKING pc=0x0000012e5f96c135 sp=0x0000002c19dfd1e0
Event: 12.421 Thread 0x0000012e6c6dc9f0 DEOPT UNPACKING pc=0x0000012e5f26ace3 sp=0x0000002c19dfc708 mode 3
Event: 12.678 Thread 0x0000012e6d3060c0 DEOPT PACKING pc=0x0000012e5f98bc2b sp=0x0000002c1a1fe8e0
Event: 12.678 Thread 0x0000012e6d3060c0 DEOPT UNPACKING pc=0x0000012e5f26ace3 sp=0x0000002c1a1fde28 mode 3
Event: 13.613 Thread 0x0000012e6cf3c840 DEOPT PACKING pc=0x0000012e5f7c5a81 sp=0x0000002c19cfdd50
Event: 13.613 Thread 0x0000012e6cf3c840 DEOPT UNPACKING pc=0x0000012e5f26ace3 sp=0x0000002c19cfd1e0 mode 3
Event: 13.645 Thread 0x0000012e6c6dc9f0 DEOPT PACKING pc=0x0000012e5f799c97 sp=0x0000002c19dfee10
Event: 13.645 Thread 0x0000012e6c6dc9f0 DEOPT UNPACKING pc=0x0000012e5f26ace3 sp=0x0000002c19dfe268 mode 3
Event: 15.358 Thread 0x0000012e6d5b3f00 DEOPT PACKING pc=0x0000012e5f3fe30c sp=0x0000002c1bafe850
Event: 15.358 Thread 0x0000012e6d5b3f00 DEOPT UNPACKING pc=0x0000012e5f26ace3 sp=0x0000002c1bafdd18 mode 0

Classes unloaded (0 events):
No events

Classes redefined (0 events):
No events

Internal exceptions (20 events):
Event: 13.591 Thread 0x0000012e6d5b43d0 Exception <a 'sun/nio/fs/WindowsException'{0x00000000c5c26690}> (0x00000000c5c26690) 
thrown [s\src\hotspot\share\prims\jni.cpp, line 516]
Event: 13.591 Thread 0x0000012e6d3048b0 Exception <a 'sun/nio/fs/WindowsException'{0x00000000c5cb15b8}> (0x00000000c5cb15b8) 
thrown [s\src\hotspot\share\prims\jni.cpp, line 516]
Event: 13.591 Thread 0x0000012e6d5b3560 Exception <a 'sun/nio/fs/WindowsException'{0x00000000c5cb6998}> (0x00000000c5cb6998) 
thrown [s\src\hotspot\share\prims\jni.cpp, line 516]
Event: 13.640 Thread 0x0000012e6c6dc9f0 Exception <a 'java/lang/NoSuchMethodError'{0x00000000c34c9a58}: 'java.lang.Object java.lang.invoke.DirectMethodHandle$Holder.newInvokeSpecial(java.lang.Object, java.lang.Object, int)'> (0x00000000c34c9a58) 
thrown [s\src\hotspot\share\interpreter\linkResolver.cpp, line 759]
Event: 13.989 Thread 0x0000012e6d5b2220 Exception <a 'sun/nio/fs/WindowsException'{0x00000000c6eb9be0}> (0x00000000c6eb9be0) 
thrown [s\src\hotspot\share\prims\jni.cpp, line 516]
Event: 13.989 Thread 0x0000012e6d5b2220 Exception <a 'sun/nio/fs/WindowsException'{0x00000000c6eba4e8}> (0x00000000c6eba4e8) 
thrown [s\src\hotspot\share\prims\jni.cpp, line 516]
Event: 13.989 Thread 0x0000012e6d5b2220 Exception <a 'sun/nio/fs/WindowsException'{0x00000000c6ebadb8}> (0x00000000c6ebadb8) 
thrown [s\src\hotspot\share\prims\jni.cpp, line 516]
Event: 13.989 Thread 0x0000012e6d5b2220 Exception <a 'sun/nio/fs/WindowsException'{0x00000000c6ebb6c0}> (0x00000000c6ebb6c0) 
thrown [s\src\hotspot\share\prims\jni.cpp, line 516]
Event: 13.990 Thread 0x0000012e6d5b2220 Exception <a 'sun/nio/fs/WindowsException'{0x00000000c6ebc098}> (0x00000000c6ebc098) 
thrown [s\src\hotspot\share\prims\jni.cpp, line 516]
Event: 13.990 Thread 0x0000012e6d5b2220 Exception <a 'sun/nio/fs/WindowsException'{0x00000000c6ebcad8}> (0x00000000c6ebcad8) 
thrown [s\src\hotspot\share\prims\jni.cpp, line 516]
Event: 13.991 Thread 0x0000012e6d5b2220 Exception <a 'sun/nio/fs/WindowsException'{0x00000000c6ec3d70}> (0x00000000c6ec3d70) 
thrown [s\src\hotspot\share\prims\jni.cpp, line 516]
Event: 13.991 Thread 0x0000012e6d5b2220 Exception <a 'sun/nio/fs/WindowsException'{0x00000000c6ec4678}> (0x00000000c6ec4678) 
thrown [s\src\hotspot\share\prims\jni.cpp, line 516]
Event: 13.991 Thread 0x0000012e6d5b2220 Exception <a 'sun/nio/fs/WindowsException'{0x00000000c6ec4f48}> (0x00000000c6ec4f48) 
thrown [s\src\hotspot\share\prims\jni.cpp, line 516]
Event: 13.991 Thread 0x0000012e6d5b2220 Exception <a 'sun/nio/fs/WindowsException'{0x00000000c6ec5850}> (0x00000000c6ec5850) 
thrown [s\src\hotspot\share\prims\jni.cpp, line 516]
Event: 13.992 Thread 0x0000012e6d5b2220 Exception <a 'sun/nio/fs/WindowsException'{0x00000000c6ec6228}> (0x00000000c6ec6228) 
thrown [s\src\hotspot\share\prims\jni.cpp, line 516]
Event: 13.992 Thread 0x0000012e6d5b2220 Exception <a 'sun/nio/fs/WindowsException'{0x00000000c6ec6c68}> (0x00000000c6ec6c68) 
thrown [s\src\hotspot\share\prims\jni.cpp, line 516]
Event: 13.998 Thread 0x0000012e6d5b2220 Exception <a 'sun/nio/fs/WindowsException'{0x00000000c6dd0478}> (0x00000000c6dd0478) 
thrown [s\src\hotspot\share\prims\jni.cpp, line 516]
Event: 14.402 Thread 0x0000012e6d5b3f00 Exception <a 'java/lang/NoSuchMethodError'{0x00000000c6288148}: 'void java.lang.invoke.DirectMethodHandle$Holder.invokeVirtual(java.lang.Object, java.lang.Object, java.lang.Object, java.lang.Object)'> (0x00000000c6288148) 
thrown [s\src\hotspot\share\interpreter\linkResolver.cpp, line 759]
Event: 15.709 Thread 0x0000012e6d5b3f00 Exception <a 'sun/nio/fs/WindowsException'{0x00000000c75f3ef0}> (0x00000000c75f3ef0) 
thrown [s\src\hotspot\share\prims\jni.cpp, line 516]
Event: 15.777 Thread 0x0000012e6d5b26f0 Exception <a 'java/lang/NoSuchMethodError'{0x00000000c6f17f40}: 'java.lang.Object java.lang.invoke.Invokers$Holder.invoke_MT(java.lang.Object, java.lang.Object, java.lang.Object)'> (0x00000000c6f17f40) 
thrown [s\src\hotspot\share\interpreter\linkResolver.cpp, line 759]

VM Operations (20 events):
Event: 15.639 Executing VM operation: G1TryInitiateConcMark done
Event: 15.704 Executing VM operation: HandshakeAllThreads
Event: 15.707 Executing VM operation: HandshakeAllThreads done
Event: 15.710 Executing VM operation: HandshakeAllThreads
Event: 15.710 Executing VM operation: HandshakeAllThreads done
Event: 15.711 Executing VM operation: HandshakeAllThreads
Event: 15.711 Executing VM operation: HandshakeAllThreads done
Event: 15.719 Executing VM operation: G1Concurrent
Event: 15.755 Executing VM operation: G1Concurrent done
Event: 15.788 Executing VM operation: G1Concurrent
Event: 15.789 Executing VM operation: G1Concurrent done
Event: 15.882 Executing VM operation: HandshakeAllThreads
Event: 15.882 Executing VM operation: HandshakeAllThreads done
Event: 15.925 Executing VM operation: G1CollectForAllocation
Event: 15.937 Executing VM operation: G1CollectForAllocation done
Event: 15.947 Executing VM operation: G1CollectForAllocation
Event: 15.953 Executing VM operation: G1CollectForAllocation done
Event: 16.076 Executing VM operation: G1TryInitiateConcMark
Event: 16.076 Executing VM operation: G1TryInitiateConcMark done
Event: 16.076 Executing VM operation: G1TryInitiateConcMark

Events (20 events):
Event: 15.972 loading class sun/net/www/protocol/https/DelegateHttpsURLConnection
Event: 15.972 loading class sun/net/www/protocol/https/AbstractDelegateHttpsURLConnection
Event: 15.972 loading class sun/net/www/protocol/http/HttpURLConnection
Event: 15.974 loading class sun/net/www/protocol/http/HttpURLConnection done
Event: 15.974 loading class sun/net/www/protocol/https/AbstractDelegateHttpsURLConnection done
Event: 15.974 loading class sun/net/www/protocol/https/DelegateHttpsURLConnection done
Event: 15.975 loading class sun/net/NetProperties
Event: 15.975 loading class sun/net/NetProperties done
Event: 15.975 loading class sun/net/NetProperties$1
Event: 15.975 loading class sun/net/NetProperties$1 done
Event: 15.977 loading class sun/net/www/protocol/http/HttpURLConnection$TunnelState
Event: 15.977 loading class sun/net/www/protocol/http/HttpURLConnection$TunnelState done
Event: 15.977 loading class sun/net/www/protocol/http/HttpURLConnection$2
Event: 15.977 loading class sun/net/www/protocol/http/HttpURLConnection$2 done
Event: 15.978 loading class java/net/CookieHandler
Event: 15.978 loading class java/net/CookieHandler done
Event: 15.978 loading class sun/net/www/protocol/http/HttpURLConnection$3
Event: 15.978 loading class sun/net/www/protocol/http/HttpURLConnection$3 done
Event: 15.978 loading class java/net/ResponseCache
Event: 15.978 loading class java/net/ResponseCache done


Dynamic libraries:
0x00007ff76f040000 - 0x00007ff76f04e000 	c:\Users\ADMIN\.vscode\extensions\redhat.java-1.21.0-win32-x64\jre\17.0.7-win32-x86_64\bin\java.exe
0x00007ff8cc540000 - 0x00007ff8cc730000 	C:\WINDOWS\SYSTEM32\ntdll.dll
0x00007ff8cb6b0000 - 0x00007ff8cb762000 	C:\WINDOWS\System32\KERNEL32.DLL
0x00007ff8c98a0000 - 0x00007ff8c9b43000 	C:\WINDOWS\System32\KERNELBASE.dll
0x00007ff8c96c0000 - 0x00007ff8c97ba000 	C:\WINDOWS\System32\ucrtbase.dll
0x00007ff8b36d0000 - 0x00007ff8b36e7000 	c:\Users\ADMIN\.vscode\extensions\redhat.java-1.21.0-win32-x64\jre\17.0.7-win32-x86_64\bin\jli.dll
0x00007ff8b3180000 - 0x00007ff8b3199000 	c:\Users\ADMIN\.vscode\extensions\redhat.java-1.21.0-win32-x64\jre\17.0.7-win32-x86_64\bin\VCRUNTIME140.dll
0x00007ff8cba40000 - 0x00007ff8cbbd4000 	C:\WINDOWS\System32\USER32.dll
0x00007ff8b3950000 - 0x00007ff8b3bd5000 	C:\WINDOWS\WinSxS\amd64_microsoft.windows.common-controls_6595b64144ccf1df_6.0.18362.592_none_e6c0b1911312be02\COMCTL32.dll
0x00007ff8c9870000 - 0x00007ff8c9891000 	C:\WINDOWS\System32\win32u.dll
0x00007ff8cb7e0000 - 0x00007ff8cb87e000 	C:\WINDOWS\System32\msvcrt.dll
0x00007ff8cb620000 - 0x00007ff8cb646000 	C:\WINDOWS\System32\GDI32.dll
0x00007ff8cc0d0000 - 0x00007ff8cc406000 	C:\WINDOWS\System32\combase.dll
0x00007ff8ca320000 - 0x00007ff8ca4b4000 	C:\WINDOWS\System32\gdi32full.dll
0x00007ff8cb130000 - 0x00007ff8cb250000 	C:\WINDOWS\System32\RPCRT4.dll
0x00007ff8c9620000 - 0x00007ff8c96be000 	C:\WINDOWS\System32\msvcp_win.dll
0x00007ff8ca570000 - 0x00007ff8ca5f0000 	C:\WINDOWS\System32\bcryptPrimitives.dll
0x00007ff8cafe0000 - 0x00007ff8cb00e000 	C:\WINDOWS\System32\IMM32.DLL
0x00007ff8b2c80000 - 0x00007ff8b2c8c000 	c:\Users\ADMIN\.vscode\extensions\redhat.java-1.21.0-win32-x64\jre\17.0.7-win32-x86_64\bin\vcruntime140_1.dll
0x00007ff8addf0000 - 0x00007ff8ade81000 	c:\Users\ADMIN\.vscode\extensions\redhat.java-1.21.0-win32-x64\jre\17.0.7-win32-x86_64\bin\msvcp140.dll
0x00007ff8ac1b0000 - 0x00007ff8acdf8000 	c:\Users\ADMIN\.vscode\extensions\redhat.java-1.21.0-win32-x64\jre\17.0.7-win32-x86_64\bin\server\jvm.dll
0x00007ff8cc450000 - 0x00007ff8cc4f3000 	C:\WINDOWS\System32\ADVAPI32.dll
0x00007ff8cb090000 - 0x00007ff8cb127000 	C:\WINDOWS\System32\sechost.dll
0x00007ff8b2c70000 - 0x00007ff8b2c79000 	C:\WINDOWS\SYSTEM32\WSOCK32.dll
0x00007ff8cb770000 - 0x00007ff8cb7df000 	C:\WINDOWS\System32\WS2_32.dll
0x00007ff8c46a0000 - 0x00007ff8c46c4000 	C:\WINDOWS\SYSTEM32\WINMM.dll
0x00007ff8b91b0000 - 0x00007ff8b91ba000 	C:\WINDOWS\SYSTEM32\VERSION.dll
0x00007ff8c4670000 - 0x00007ff8c469d000 	C:\WINDOWS\SYSTEM32\WINMMBASE.dll
0x00007ff8ca2d0000 - 0x00007ff8ca31a000 	C:\WINDOWS\System32\cfgmgr32.dll
0x00007ff8c9470000 - 0x00007ff8c9481000 	C:\WINDOWS\System32\kernel.appcore.dll
0x00007ff8b2c40000 - 0x00007ff8b2c4a000 	c:\Users\ADMIN\.vscode\extensions\redhat.java-1.21.0-win32-x64\jre\17.0.7-win32-x86_64\bin\jimage.dll
0x00007ff8c7d20000 - 0x00007ff8c7f14000 	C:\WINDOWS\SYSTEM32\DBGHELP.DLL
0x00007ff89fcd0000 - 0x00007ff89fcfa000 	C:\WINDOWS\SYSTEM32\dbgcore.DLL
0x00007ff8addc0000 - 0x00007ff8adde5000 	c:\Users\ADMIN\.vscode\extensions\redhat.java-1.21.0-win32-x64\jre\17.0.7-win32-x86_64\bin\java.dll
0x00007ff8b29b0000 - 0x00007ff8b29c8000 	c:\Users\ADMIN\.vscode\extensions\redhat.java-1.21.0-win32-x64\jre\17.0.7-win32-x86_64\bin\zip.dll
0x00007ff8ca7e0000 - 0x00007ff8caec5000 	C:\WINDOWS\System32\SHELL32.dll
0x00007ff8ca730000 - 0x00007ff8ca7d9000 	C:\WINDOWS\System32\shcore.dll
0x00007ff8c9b50000 - 0x00007ff8ca2cf000 	C:\WINDOWS\System32\windows.storage.dll
0x00007ff8c94b0000 - 0x00007ff8c94cf000 	C:\WINDOWS\System32\profapi.dll
0x00007ff8c9420000 - 0x00007ff8c946a000 	C:\WINDOWS\System32\powrprof.dll
0x00007ff8c9410000 - 0x00007ff8c9420000 	C:\WINDOWS\System32\UMPDC.dll
0x00007ff8cb880000 - 0x00007ff8cb8d2000 	C:\WINDOWS\System32\shlwapi.dll
0x00007ff8c9820000 - 0x00007ff8c9837000 	C:\WINDOWS\System32\cryptsp.dll
0x00007ff8adda0000 - 0x00007ff8addb9000 	C:\Users\ADMIN\.vscode\extensions\redhat.java-1.21.0-win32-x64\jre\17.0.7-win32-x86_64\bin\net.dll
0x00007ff8c4b60000 - 0x00007ff8c4c50000 	C:\WINDOWS\SYSTEM32\WINHTTP.dll
0x00007ff8c8c80000 - 0x00007ff8c8ce7000 	C:\WINDOWS\system32\mswsock.dll
0x00007ff8add80000 - 0x00007ff8add95000 	C:\Users\ADMIN\.vscode\extensions\redhat.java-1.21.0-win32-x64\jre\17.0.7-win32-x86_64\bin\nio.dll
0x00007ff8c87f0000 - 0x00007ff8c8823000 	C:\WINDOWS\system32\rsaenh.dll
0x00007ff8c9840000 - 0x00007ff8c9866000 	C:\WINDOWS\System32\bcrypt.dll
0x00007ff8c9330000 - 0x00007ff8c9355000 	C:\WINDOWS\SYSTEM32\USERENV.dll
0x00007ff8c8e50000 - 0x00007ff8c8e5c000 	C:\WINDOWS\SYSTEM32\CRYPTBASE.dll
0x00007ff8c8990000 - 0x00007ff8c89ca000 	C:\WINDOWS\SYSTEM32\IPHLPAPI.DLL
0x00007ff8cb3f0000 - 0x00007ff8cb3f8000 	C:\WINDOWS\System32\NSI.dll
0x00007ff8c2a20000 - 0x00007ff8c2a36000 	C:\WINDOWS\SYSTEM32\dhcpcsvc6.DLL
0x00007ff8c13b0000 - 0x00007ff8c13cc000 	C:\WINDOWS\SYSTEM32\dhcpcsvc.DLL
0x00007ff8c89d0000 - 0x00007ff8c8a9a000 	C:\WINDOWS\SYSTEM32\DNSAPI.dll
0x00007ff8c3a20000 - 0x00007ff8c3a29000 	C:\Users\ADMIN\.vscode\extensions\redhat.java-1.21.0-win32-x64\jre\17.0.7-win32-x86_64\bin\management.dll
0x00007ff8becd0000 - 0x00007ff8becdb000 	C:\Users\ADMIN\.vscode\extensions\redhat.java-1.21.0-win32-x64\jre\17.0.7-win32-x86_64\bin\management_ext.dll
0x00007ff8cc440000 - 0x00007ff8cc448000 	C:\WINDOWS\System32\PSAPI.DLL
0x00007ff8adbb0000 - 0x00007ff8adbbe000 	C:\Users\ADMIN\.vscode\extensions\redhat.java-1.21.0-win32-x64\jre\17.0.7-win32-x86_64\bin\sunmscapi.dll
0x00007ff8c94d0000 - 0x00007ff8c9619000 	C:\WINDOWS\System32\CRYPT32.dll
0x00007ff8c9490000 - 0x00007ff8c94a2000 	C:\WINDOWS\System32\MSASN1.dll
0x00007ff8c8f50000 - 0x00007ff8c8f76000 	C:\WINDOWS\SYSTEM32\ncrypt.dll
0x00007ff8c8f10000 - 0x00007ff8c8f4b000 	C:\WINDOWS\SYSTEM32\NTASN1.dll

dbghelp: loaded successfully - version: 4.0.5 - missing functions: none
symbol engine: initialized successfully - sym options: 0x614 - pdb path: .;c:\Users\ADMIN\.vscode\extensions\redhat.java-1.21.0-win32-x64\jre\17.0.7-win32-x86_64\bin;C:\WINDOWS\SYSTEM32;C:\WINDOWS\WinSxS\amd64_microsoft.windows.common-controls_6595b64144ccf1df_6.0.18362.592_none_e6c0b1911312be02;c:\Users\ADMIN\.vscode\extensions\redhat.java-1.21.0-win32-x64\jre\17.0.7-win32-x86_64\bin\server

VM Arguments:
jvm_args: -XX:+HeapDumpOnOutOfMemoryError -Xmx1024m -Dsts.lsp.client=vscode -Dsts.log.file=/dev/null -XX:TieredStopAtLevel=1 -Xlog:jni+resolve=off -Dspring.config.location=file:c:\Users\ADMIN\.vscode\extensions\vmware.vscode-spring-boot-1.48.0\language-server\BOOT-INF\classes\application.properties 
java_command: org.springframework.ide.vscode.boot.app.BootLanguageServerBootApp
java_class_path (initial): c:\Users\ADMIN\.vscode\extensions\vmware.vscode-spring-boot-1.48.0\language-server\BOOT-INF\classes;c:\Users\ADMIN\.vscode\extensions\vmware.vscode-spring-boot-1.48.0\language-server\BOOT-INF\lib\annotations-24.0.1.jar;c:\Users\ADMIN\.vscode\extensions\vmware.vscode-spring-boot-1.48.0\language-server\BOOT-INF\lib\antlr-runtime-3.5.3.jar;c:\Users\ADMIN\.vscode\extensions\vmware.vscode-spring-boot-1.48.0\language-server\BOOT-INF\lib\antlr4-4.11.1.jar;c:\Users\ADMIN\.vscode\extensions\vmware.vscode-spring-boot-1.48.0\language-server\BOOT-INF\lib\antlr4-runtime-4.11.1.jar;c:\Users\ADMIN\.vscode\extensions\vmware.vscode-spring-boot-1.48.0\language-server\BOOT-INF\lib\archunit-1.0.1.jar;c:\Users\ADMIN\.vscode\extensions\vmware.vscode-spring-boot-1.48.0\language-server\BOOT-INF\lib\asm-9.5.jar;c:\Users\ADMIN\.vscode\extensions\vmware.vscode-spring-boot-1.48.0\language-server\BOOT-INF\lib\asm-analysis-9.5.jar;c:\Users\ADMIN\.vscode\extensions\vmware.vscode-spring-boot-1.48.0\language-server\BOOT-INF\lib\asm-tree-9.5.jar;c:\Users\ADMIN\.vscode\extensions\vmware.vscode-spring-boot-1.48.0\language-server\BOOT-INF\lib\asm-util-9.5.jar;c:\Users\ADMIN\.vscode\extensions\vmware.vscode-spring-boot-1.48.0\language-server\BOOT-INF\lib\bosh-language-server-1.48.0-SNAPSHOT.jar;c:\Users\ADMIN\.vscode\extensions\vmware.vscode-spring-boot-1.48.0\language-server\BOOT-INF\lib\caffeine-3.1.6.jar;c:\Users\ADMIN\.vscode\extensions\vmware.vscode-spring-boot-1.48.0\language-server\BOOT-INF\lib\checker-qual-3.12.0.jar;c:\Users\ADMIN\.vscode\extensions\vmware.vscode-spring-boot-1.48.0\language-server\BOOT-INF\lib\classgraph-4.8.149.jar;c:\Users\ADMIN\.vscode\extensions\vmware.vscode-spring-boot-1.48.0\language-server\BOOT-INF\lib\commons-codec-1.15.jar;c:\Users\ADMIN\.vscode\extensions\vmware.vscode-spring-boot-1.48.0\language-server\BOOT-INF\lib\commons-compress-1.23.0.jar;c:\Users\ADMIN\.vscode\extensions\vmware.vscode-spring-boot-1.48.0\language-server\BOOT-INF\lib\
Launcher Type: SUN_STANDARD

[Global flags]
     intx CICompilerCount                          = 4                                         {product} {ergonomic}
     uint ConcGCThreads                            = 2                                         {product} {ergonomic}
     uint G1ConcRefinementThreads                  = 8                                         {product} {ergonomic}
   size_t G1HeapRegionSize                         = 1048576                                   {product} {ergonomic}
    uintx GCDrainStackTargetSize                   = 64                                        {product} {ergonomic}
     bool HeapDumpOnOutOfMemoryError               = true                                   {manageable} {command line}
   size_t InitialHeapSize                          = 130023424                                 {product} {ergonomic}
   size_t MarkStackSize                            = 4194304                                   {product} {ergonomic}
   size_t MaxHeapSize                              = 1073741824                                {product} {command line}
   size_t MaxNewSize                               = 643825664                                 {product} {ergonomic}
   size_t MinHeapDeltaBytes                        = 1048576                                   {product} {ergonomic}
   size_t MinHeapSize                              = 8388608                                   {product} {ergonomic}
    uintx NonProfiledCodeHeapSize                  = 0                                      {pd product} {ergonomic}
     bool ProfileInterpreter                       = false                                  {pd product} {command line}
    uintx ProfiledCodeHeapSize                     = 0                                      {pd product} {ergonomic}
   size_t SoftMaxHeapSize                          = 1073741824                             {manageable} {ergonomic}
     intx TieredStopAtLevel                        = 1                                         {product} {command line}
     bool UseCompressedClassPointers               = true                           {product lp64_product} {ergonomic}
     bool UseCompressedOops                        = true                           {product lp64_product} {ergonomic}
     bool UseG1GC                                  = true                                      {product} {ergonomic}
     bool UseLargePagesIndividualAllocation        = false                                  {pd product} {ergonomic}

Logging:
Log output configuration:
 #0: stdout all=warning,jni+resolve=off uptime,level,tags
 #1: stderr all=off uptime,level,tags

Environment Variables:
PATH=C:\Program Files\Common Files\Oracle\Java\javapath;C:\Program Files (x86)\VMware\VMware Player\bin\;C:\WINDOWS\system32;C:\WINDOWS;C:\WINDOWS\System32\Wbem;C:\WINDOWS\System32\WindowsPowerShell\v1.0\;C:\WINDOWS\System32\OpenSSH\;C:\Program Files\Microsoft SQL Server\Client SDK\ODBC\110\Tools\Binn\;C:\Program Files (x86)\Microsoft SQL Server\120\Tools\Binn\;C:\Program Files\Microsoft SQL Server\120\Tools\Binn\;C:\Program Files\Microsoft SQL Server\120\DTS\Binn\;C:\Program Files (x86)\Microsoft SQL Server\120\Tools\Binn\ManagementStudio\;C:\Program Files (x86)\Microsoft SQL Server\120\DTS\Binn\;C:\Program Files\nodejs\;D:\laragon\bin\php\php-8.1.10-Win32-vs16-x64;C:\ProgramData\ComposerSetup\bin;C:\Program Files (x86)\dotnet\;D:\Javajdk\jdk-20\bin;C:\Users\ADMIN\AppData\Local\Microsoft\WindowsApps;C:\Users\ADMIN\AppData\Local\Programs\Microsoft VS Code\bin;C:\Program Files\JetBrains\PyCharm Community Edition 2022.3.2\bin;;C:\Users\ADMIN\AppData\Roaming\npm;D:\laragon\bin\php\php-8.1.10-Win32-vs16-x64\php.exe;C:\Users\ADMIN\AppData\Roaming\Composer\vendor\bin
USERNAME=ADMIN
OS=Windows_NT
PROCESSOR_IDENTIFIER=Intel64 Family 6 Model 140 Stepping 1, GenuineIntel
TMP=C:\Users\ADMIN\AppData\Local\Temp
TEMP=C:\Users\ADMIN\AppData\Local\Temp



---------------  S Y S T E M  ---------------

OS:
 Windows 10 , 64 bit Build 18362 (10.0.18362.329)
OS uptime: 0 days 0:39 hours

CPU: total 8 (initial active 8) (4 cores per cpu, 2 threads per core) family 6 model 140 stepping 1 microcode 0xa4, cx8, cmov, fxsr, ht, mmx, 3dnowpref, sse, sse2, sse3, ssse3, sse4.1, sse4.2, popcnt, lzcnt, tsc, tscinvbit, avx, avx2, aes, erms, clmul, bmi1, bmi2, adx, avx512f, avx512dq, avx512cd, avx512bw, avx512vl, sha, fma, vzeroupper, avx512_vpopcntdq, avx512_vpclmulqdq, avx512_vaes, avx512_vnni, clflush, clflushopt, clwb, avx512_vbmi2, avx512_vbmi

Memory: 4k page, system-wide physical 7914M (1084M free)
TotalPageFile size 9190M (AvailPageFile size 45M)
current process WorkingSet (physical memory assigned to process): 236M, peak: 236M
current process commit charge ("private bytes"): 277M, peak: 467M

vm_info: OpenJDK 64-Bit Server VM (17.0.7+7) for windows-amd64 JRE (17.0.7+7), built on Apr 18 2023 22:10:42 by "temurin" with MS VC++ 16.7 (VS2019)

END.
