#
# There is insufficient memory for the Java Runtime Environment to continue.
# Native memory allocation (malloc) failed to allocate 1838512 bytes for Chunk::new
# Possible reasons:
#   The system is out of physical RAM or swap space
#   The process is running with CompressedOops enabled, and the Java Heap may be blocking the growth of the native heap
# Possible solutions:
#   Reduce memory load on the system
#   Increase physical memory or swap space
#   Check if swap backing store is full
#   Decrease Java heap size (-Xmx/-Xms)
#   Decrease number of Java threads
#   Decrease Java thread stack sizes (-Xss)
#   Set larger code cache with -XX:ReservedCodeCacheSize=
#   JVM is running with Unscaled Compressed Oops mode in which the Java heap is
#     placed in the first 4GB address space. The Java Heap base address is the
#     maximum limit for the native heap growth. Please use -XX:HeapBaseMinAddress
#     to set the Java Heap base and to place the Java Heap above 4GB virtual address.
# This output file may be truncated or incomplete.
#
#  Out of Memory Error (arena.cpp:189), pid=14668, tid=14764
#
# JRE version: OpenJDK Runtime Environment Temurin-17.0.7+7 (17.0.7+7) (build 17.0.7+7)
# Java VM: OpenJDK 64-Bit Server VM Temurin-17.0.7+7 (17.0.7+7, mixed mode, tiered, compressed oops, compressed class ptrs, g1 gc, windows-amd64)
# No core dump will be written. Minidumps are not enabled by default on client versions of Windows
#

---------------  S U M M A R Y ------------

Command Line: -XX:+ShowCodeDetailsInExceptionMessages com.nguyenngoctrinh.backend.BackendApplication

Host: 11th Gen Intel(R) Core(TM) i5-1135G7 @ 2.40GHz, 8 cores, 7G,  Windows 10 , 64 bit Build 18362 (10.0.18362.329)
Time: Fri Aug 18 14:06:09 2023 SE Asia Standard Time elapsed time: 18.944800 seconds (0d 0h 0m 18s)

---------------  T H R E A D  ---------------

Current thread (0x0000017dc143e620):  JavaThread "C2 CompilerThread0" daemon [_thread_in_native, id=14764, stack(0x00000052f3400000,0x00000052f3500000)]


Current CompileTask:
C2:  18944 5312   !   4       org.springframework.core.annotation.AnnotationsScanner::processMethodHierarchy (276 bytes)

Stack: [0x00000052f3400000,0x00000052f3500000]
Native frames: (J=compiled Java code, j=interpreted, Vv=VM code, C=native code)
V  [jvm.dll+0x67754a]
V  [jvm.dll+0x834304]
V  [jvm.dll+0x835aae]
V  [jvm.dll+0x836113]
V  [jvm.dll+0x24696f]
V  [jvm.dll+0xac0ac]
V  [jvm.dll+0xac67c]
V  [jvm.dll+0x364e37]
V  [jvm.dll+0x32f6b1]
V  [jvm.dll+0x32eb5a]
V  [jvm.dll+0x219641]
V  [jvm.dll+0x218a61]
V  [jvm.dll+0x1a4d8d]
V  [jvm.dll+0x2284da]
V  [jvm.dll+0x226615]
V  [jvm.dll+0x7ea90b]
V  [jvm.dll+0x7e4e7a]
V  [jvm.dll+0x676395]
C  [ucrtbase.dll+0x20e72]
C  [KERNEL32.DLL+0x17bd4]
C  [ntdll.dll+0x6ced1]


---------------  P R O C E S S  ---------------

Threads class SMR info:
_java_thread_list=0x0000017dcb819330, length=20, elements={
0x0000017da808e7f0, 0x0000017dc1422740, 0x0000017dc14230f0, 0x0000017dc1438d40,
0x0000017dc14396f0, 0x0000017dc143c0b0, 0x0000017dc143d980, 0x0000017dc143e620,
0x0000017dc15544f0, 0x0000017dc1554df0, 0x0000017dc16d56b0, 0x0000017dc16dc240,
0x0000017dc8ddb020, 0x0000017dc8768790, 0x0000017dc84cc450, 0x0000017dc7045370,
0x0000017dc70461e0, 0x0000017dc7047520, 0x0000017dc93f1870, 0x0000017dc7342ea0
}

Java Threads: ( => current thread )
  0x0000017da808e7f0 JavaThread "main" [_thread_in_vm, id=14688, stack(0x00000052f2700000,0x00000052f2800000)]
  0x0000017dc1422740 JavaThread "Reference Handler" daemon [_thread_blocked, id=14736, stack(0x00000052f2e00000,0x00000052f2f00000)]
  0x0000017dc14230f0 JavaThread "Finalizer" daemon [_thread_blocked, id=14740, stack(0x00000052f2f00000,0x00000052f3000000)]
  0x0000017dc1438d40 JavaThread "Signal Dispatcher" daemon [_thread_blocked, id=14748, stack(0x00000052f3000000,0x00000052f3100000)]
  0x0000017dc14396f0 JavaThread "Attach Listener" daemon [_thread_blocked, id=14752, stack(0x00000052f3100000,0x00000052f3200000)]
  0x0000017dc143c0b0 JavaThread "Service Thread" daemon [_thread_blocked, id=14756, stack(0x00000052f3200000,0x00000052f3300000)]
  0x0000017dc143d980 JavaThread "Monitor Deflation Thread" daemon [_thread_blocked, id=14760, stack(0x00000052f3300000,0x00000052f3400000)]
=>0x0000017dc143e620 JavaThread "C2 CompilerThread0" daemon [_thread_in_native, id=14764, stack(0x00000052f3400000,0x00000052f3500000)]
  0x0000017dc15544f0 JavaThread "C1 CompilerThread0" daemon [_thread_blocked, id=14768, stack(0x00000052f3500000,0x00000052f3600000)]
  0x0000017dc1554df0 JavaThread "Sweeper thread" daemon [_thread_blocked, id=14772, stack(0x00000052f3600000,0x00000052f3700000)]
  0x0000017dc16d56b0 JavaThread "Notification Thread" daemon [_thread_blocked, id=14784, stack(0x00000052f3700000,0x00000052f3800000)]
  0x0000017dc16dc240 JavaThread "Common-Cleaner" daemon [_thread_blocked, id=14792, stack(0x00000052f3900000,0x00000052f3a00000)]
  0x0000017dc8ddb020 JavaThread "Catalina-utility-1" [_thread_blocked, id=15016, stack(0x00000052f4100000,0x00000052f4200000)]
  0x0000017dc8768790 JavaThread "Catalina-utility-2" [_thread_blocked, id=5352, stack(0x00000052f4500000,0x00000052f4600000)]
  0x0000017dc84cc450 JavaThread "container-0" [_thread_blocked, id=15056, stack(0x00000052f4600000,0x00000052f4700000)]
  0x0000017dc7045370 JavaThread "mysql-cj-abandoned-connection-cleanup" daemon [_thread_blocked, id=15064, stack(0x00000052f4700000,0x00000052f4800000)]
  0x0000017dc70461e0 JavaThread "HikariPool-1 housekeeper" daemon [_thread_blocked, id=15032, stack(0x00000052f4800000,0x00000052f4900000)]
  0x0000017dc7047520 JavaThread "HikariPool-1 connection adder" daemon [_thread_blocked, id=15008, stack(0x00000052f4900000,0x00000052f4a00000)]
  0x0000017dc93f1870 JavaThread "C2 CompilerThread1" daemon [_thread_in_native, id=4352, stack(0x00000052f4000000,0x00000052f4100000)]
  0x0000017dc7342ea0 JavaThread "C2 CompilerThread2" daemon [_thread_in_native, id=9292, stack(0x00000052f4a00000,0x00000052f4b00000)]

Other Threads:
  0x0000017dc13fde10 VMThread "VM Thread" [stack: 0x00000052f2d00000,0x00000052f2e00000] [id=14732]
  0x0000017dc16d5f90 WatcherThread [stack: 0x00000052f3800000,0x00000052f3900000] [id=14788]
  0x0000017da80f4a70 GCTaskThread "GC Thread#0" [stack: 0x00000052f2800000,0x00000052f2900000] [id=14700]
  0x0000017dc674cce0 GCTaskThread "GC Thread#1" [stack: 0x00000052f3a00000,0x00000052f3b00000] [id=14944]
  0x0000017dc6b90fc0 GCTaskThread "GC Thread#2" [stack: 0x00000052f3b00000,0x00000052f3c00000] [id=14952]
  0x0000017dc6b91680 GCTaskThread "GC Thread#3" [stack: 0x00000052f3c00000,0x00000052f3d00000] [id=14956]
  0x0000017dc6b91930 GCTaskThread "GC Thread#4" [stack: 0x00000052f3d00000,0x00000052f3e00000] [id=14960]
  0x0000017dc6b91be0 GCTaskThread "GC Thread#5" [stack: 0x00000052f3e00000,0x00000052f3f00000] [id=14964]
  0x0000017dc74e2010 GCTaskThread "GC Thread#6" [stack: 0x00000052f4200000,0x00000052f4300000] [id=15144]
  0x0000017dc6eb23f0 GCTaskThread "GC Thread#7" [stack: 0x00000052f4300000,0x00000052f4400000] [id=15148]
  0x0000017da8105030 ConcurrentGCThread "G1 Main Marker" [stack: 0x00000052f2900000,0x00000052f2a00000] [id=14704]
  0x0000017da8105940 ConcurrentGCThread "G1 Conc#0" [stack: 0x00000052f2a00000,0x00000052f2b00000] [id=14708]
  0x0000017dc7776130 ConcurrentGCThread "G1 Conc#1" [stack: 0x00000052f4400000,0x00000052f4500000] [id=15152]
  0x0000017dc12720c0 ConcurrentGCThread "G1 Refine#0" [stack: 0x00000052f2b00000,0x00000052f2c00000] [id=14712]
  0x0000017dc12729e0 ConcurrentGCThread "G1 Service" [stack: 0x00000052f2c00000,0x00000052f2d00000] [id=14716]

Threads with active compile tasks:
C2 CompilerThread0    18963 5312   !   4       org.springframework.core.annotation.AnnotationsScanner::processMethodHierarchy (276 bytes)
C2 CompilerThread1    18963 5313       4       org.springframework.core.annotation.AnnotationsScanner::scan (21 bytes)
C2 CompilerThread2    18963 5332       4       org.springframework.core.annotation.AnnotationsScanner::process (55 bytes)

VM state: not at safepoint (normal execution)

VM Mutex/Monitor currently owned by a thread: None

Heap address: 0x0000000084400000, size: 1980 MB, Compressed Oops mode: 32-bit

CDS archive(s) not mapped
Compressed class space mapped at: 0x0000000100000000-0x0000000140000000, reserved size: 1073741824
Narrow klass base: 0x0000000000000000, Narrow klass shift: 3, Narrow klass range: 0x140000000

GC Precious Log:
 CPUs: 8 total, 8 available
 Memory: 7914M
 Large Page Support: Disabled
 NUMA Support: Disabled
 Compressed Oops: Enabled (32-bit)
 Heap Region Size: 1M
 Heap Min Capacity: 8M
 Heap Initial Capacity: 124M
 Heap Max Capacity: 1980M
 Pre-touch: Disabled
 Parallel Workers: 8
 Concurrent Workers: 2
 Concurrent Refinement Workers: 8
 Periodic GC: Disabled

Heap:
 garbage-first heap   total 53248K, used 25283K [0x0000000084400000, 0x0000000100000000)
  region size 1024K, 3 young (3072K), 1 survivors (1024K)
 Metaspace       used 60817K, committed 61312K, reserved 1114112K
  class space    used 8009K, committed 8256K, reserved 1048576K

Heap Regions: E=young(eden), S=young(survivor), O=old, HS=humongous(starts), HC=humongous(continues), CS=collection set, F=free, OA=open archive, CA=closed archive, TAMS=top-at-mark-start (previous, next)
|   0|0x0000000084400000, 0x0000000084500000, 0x0000000084500000|100%|HS|  |TAMS 0x0000000084500000, 0x0000000084400000| Complete 
|   1|0x0000000084500000, 0x0000000084600000, 0x0000000084600000|100%| O|  |TAMS 0x0000000084600000, 0x0000000084500000| Untracked 
|   2|0x0000000084600000, 0x0000000084700000, 0x0000000084700000|100%| O|  |TAMS 0x0000000084700000, 0x0000000084600000| Untracked 
|   3|0x0000000084700000, 0x0000000084800000, 0x0000000084800000|100%| O|  |TAMS 0x0000000084800000, 0x0000000084700000| Untracked 
|   4|0x0000000084800000, 0x0000000084900000, 0x0000000084900000|100%| O|  |TAMS 0x0000000084900000, 0x0000000084800000| Untracked 
|   5|0x0000000084900000, 0x0000000084a00000, 0x0000000084a00000|100%| O|  |TAMS 0x0000000084a00000, 0x0000000084900000| Untracked 
|   6|0x0000000084a00000, 0x0000000084b00000, 0x0000000084b00000|100%| O|  |TAMS 0x0000000084b00000, 0x0000000084a00000| Untracked 
|   7|0x0000000084b00000, 0x0000000084c00000, 0x0000000084c00000|100%| O|  |TAMS 0x0000000084c00000, 0x0000000084b00000| Untracked 
|   8|0x0000000084c00000, 0x0000000084d00000, 0x0000000084d00000|100%| O|  |TAMS 0x0000000084d00000, 0x0000000084c00000| Untracked 
|   9|0x0000000084d00000, 0x0000000084e00000, 0x0000000084e00000|100%| O|  |TAMS 0x0000000084e00000, 0x0000000084d00000| Untracked 
|  10|0x0000000084e00000, 0x0000000084f00000, 0x0000000084f00000|100%| O|  |TAMS 0x0000000084f00000, 0x0000000084e00000| Untracked 
|  11|0x0000000084f00000, 0x0000000085000000, 0x0000000085000000|100%| O|  |TAMS 0x0000000085000000, 0x0000000084f00000| Untracked 
|  12|0x0000000085000000, 0x0000000085100000, 0x0000000085100000|100%| O|  |TAMS 0x0000000085100000, 0x0000000085000000| Untracked 
|  13|0x0000000085100000, 0x0000000085200000, 0x0000000085200000|100%| O|  |TAMS 0x0000000085200000, 0x0000000085100000| Untracked 
|  14|0x0000000085200000, 0x0000000085300000, 0x0000000085300000|100%| O|  |TAMS 0x0000000085300000, 0x0000000085200000| Untracked 
|  15|0x0000000085300000, 0x0000000085400000, 0x0000000085400000|100%| O|  |TAMS 0x0000000085400000, 0x0000000085300000| Untracked 
|  16|0x0000000085400000, 0x0000000085500000, 0x0000000085500000|100%| O|  |TAMS 0x0000000085500000, 0x0000000085400000| Untracked 
|  17|0x0000000085500000, 0x0000000085600000, 0x0000000085600000|100%| O|  |TAMS 0x0000000085600000, 0x0000000085500000| Untracked 
|  18|0x0000000085600000, 0x0000000085700000, 0x0000000085700000|100%| O|  |TAMS 0x0000000085700000, 0x0000000085600000| Untracked 
|  19|0x0000000085700000, 0x0000000085800000, 0x0000000085800000|100%| O|  |TAMS 0x0000000085800000, 0x0000000085700000| Untracked 
|  20|0x0000000085800000, 0x0000000085900000, 0x0000000085900000|100%| O|  |TAMS 0x0000000085900000, 0x0000000085800000| Untracked 
|  21|0x0000000085900000, 0x0000000085a00000, 0x0000000085a00000|100%| O|  |TAMS 0x0000000085966400, 0x0000000085900000| Untracked 
|  22|0x0000000085a00000, 0x0000000085b00000, 0x0000000085b00000|100%| O|  |TAMS 0x0000000085a00000, 0x0000000085a00000| Untracked 
|  23|0x0000000085b00000, 0x0000000085b6cc00, 0x0000000085c00000| 42%| O|  |TAMS 0x0000000085b00000, 0x0000000085b00000| Untracked 
|  24|0x0000000085c00000, 0x0000000085c00000, 0x0000000085d00000|  0%| F|  |TAMS 0x0000000085c00000, 0x0000000085c00000| Untracked 
|  25|0x0000000085d00000, 0x0000000085d00000, 0x0000000085e00000|  0%| F|  |TAMS 0x0000000085d00000, 0x0000000085d00000| Untracked 
|  26|0x0000000085e00000, 0x0000000085e00000, 0x0000000085f00000|  0%| F|  |TAMS 0x0000000085e00000, 0x0000000085e00000| Untracked 
|  27|0x0000000085f00000, 0x0000000085f00000, 0x0000000086000000|  0%| F|  |TAMS 0x0000000085f00000, 0x0000000085f00000| Untracked 
|  28|0x0000000086000000, 0x0000000086000000, 0x0000000086100000|  0%| F|  |TAMS 0x0000000086000000, 0x0000000086000000| Untracked 
|  29|0x0000000086100000, 0x0000000086100000, 0x0000000086200000|  0%| F|  |TAMS 0x0000000086100000, 0x0000000086100000| Untracked 
|  30|0x0000000086200000, 0x0000000086200000, 0x0000000086300000|  0%| F|  |TAMS 0x0000000086200000, 0x0000000086200000| Untracked 
|  31|0x0000000086300000, 0x0000000086300000, 0x0000000086400000|  0%| F|  |TAMS 0x0000000086300000, 0x0000000086300000| Untracked 
|  32|0x0000000086400000, 0x0000000086400000, 0x0000000086500000|  0%| F|  |TAMS 0x0000000086400000, 0x0000000086400000| Untracked 
|  33|0x0000000086500000, 0x0000000086500000, 0x0000000086600000|  0%| F|  |TAMS 0x0000000086500000, 0x0000000086500000| Untracked 
|  34|0x0000000086600000, 0x0000000086600000, 0x0000000086700000|  0%| F|  |TAMS 0x0000000086600000, 0x0000000086600000| Untracked 
|  35|0x0000000086700000, 0x0000000086700000, 0x0000000086800000|  0%| F|  |TAMS 0x0000000086700000, 0x0000000086700000| Untracked 
|  36|0x0000000086800000, 0x0000000086800000, 0x0000000086900000|  0%| F|  |TAMS 0x0000000086800000, 0x0000000086800000| Untracked 
|  37|0x0000000086900000, 0x0000000086900000, 0x0000000086a00000|  0%| F|  |TAMS 0x0000000086900000, 0x0000000086900000| Untracked 
|  38|0x0000000086a00000, 0x0000000086a00000, 0x0000000086b00000|  0%| F|  |TAMS 0x0000000086a00000, 0x0000000086a00000| Untracked 
|  39|0x0000000086b00000, 0x0000000086b00000, 0x0000000086c00000|  0%| F|  |TAMS 0x0000000086b00000, 0x0000000086b00000| Untracked 
|  40|0x0000000086c00000, 0x0000000086c00000, 0x0000000086d00000|  0%| F|  |TAMS 0x0000000086c00000, 0x0000000086c00000| Untracked 
|  41|0x0000000086d00000, 0x0000000086d00000, 0x0000000086e00000|  0%| F|  |TAMS 0x0000000086d00000, 0x0000000086d00000| Untracked 
|  42|0x0000000086e00000, 0x0000000086e00000, 0x0000000086f00000|  0%| F|  |TAMS 0x0000000086e00000, 0x0000000086e00000| Untracked 
|  43|0x0000000086f00000, 0x0000000086f00000, 0x0000000087000000|  0%| F|  |TAMS 0x0000000086f00000, 0x0000000086f00000| Untracked 
|  44|0x0000000087000000, 0x0000000087000000, 0x0000000087100000|  0%| F|  |TAMS 0x0000000087000000, 0x0000000087000000| Untracked 
|  45|0x0000000087100000, 0x0000000087100000, 0x0000000087200000|  0%| F|  |TAMS 0x0000000087100000, 0x0000000087100000| Untracked 
|  46|0x0000000087200000, 0x0000000087200000, 0x0000000087300000|  0%| F|  |TAMS 0x0000000087200000, 0x0000000087200000| Untracked 
|  91|0x0000000089f00000, 0x0000000089f00000, 0x000000008a000000|  0%| F|  |TAMS 0x0000000089f00000, 0x0000000089f00000| Untracked 
|  92|0x000000008a000000, 0x000000008a000000, 0x000000008a100000|  0%| F|  |TAMS 0x000000008a000000, 0x000000008a000000| Untracked 
|  93|0x000000008a100000, 0x000000008a200000, 0x000000008a200000|100%| E|  |TAMS 0x000000008a100000, 0x000000008a100000| Complete 
| 122|0x000000008be00000, 0x000000008be440b0, 0x000000008bf00000| 26%| S|CS|TAMS 0x000000008be00000, 0x000000008be00000| Complete 
| 123|0x000000008bf00000, 0x000000008c000000, 0x000000008c000000|100%| E|CS|TAMS 0x000000008bf00000, 0x000000008bf00000| Complete 

Card table byte_map: [0x0000017dba420000,0x0000017dba800000] _byte_map_base: 0x0000017db9ffe000

Marking Bits (Prev, Next): (CMBitMap*) 0x0000017da80f4fc0, (CMBitMap*) 0x0000017da80f4f80
 Prev Bits: [0x0000017dbcad0000, 0x0000017dbe9c0000)
 Next Bits: [0x0000017dbabe0000, 0x0000017dbcad0000)

Polling page: 0x0000017da6060000

Metaspace:

Usage:
  Non-class:     51.58 MB used.
      Class:      7.82 MB used.
       Both:     59.40 MB used.

Virtual space:
  Non-class space:       64.00 MB reserved,      51.81 MB ( 81%) committed,  1 nodes.
      Class space:        1.00 GB reserved,       8.06 MB ( <1%) committed,  1 nodes.
             Both:        1.06 GB reserved,      59.88 MB (  6%) committed. 

Chunk freelists:
   Non-Class:  11.70 MB
       Class:  7.92 MB
        Both:  19.63 MB

MaxMetaspaceSize: unlimited
CompressedClassSpaceSize: 1.00 GB
Initial GC threshold: 21.00 MB
Current GC threshold: 99.38 MB
CDS: off
MetaspaceReclaimPolicy: balanced
 - commit_granule_bytes: 65536.
 - commit_granule_words: 8192.
 - virtual_space_node_default_size: 8388608.
 - enlarge_chunks_in_place: 1.
 - new_chunks_are_fully_committed: 0.
 - uncommit_free_chunks: 1.
 - use_allocation_guard: 0.
 - handle_deallocations: 1.


Internal statistics:

num_allocs_failed_limit: 9.
num_arena_births: 668.
num_arena_deaths: 0.
num_vsnodes_births: 2.
num_vsnodes_deaths: 0.
num_space_committed: 958.
num_space_uncommitted: 0.
num_chunks_returned_to_freelist: 9.
num_chunks_taken_from_freelist: 2599.
num_chunk_merges: 9.
num_chunk_splits: 1899.
num_chunks_enlarged: 1482.
num_inconsistent_stats: 0.

CodeHeap 'non-profiled nmethods': size=120000Kb used=2882Kb max_used=3536Kb free=117117Kb
 bounds [0x0000017db27e0000, 0x0000017db2b60000, 0x0000017db9d10000]
CodeHeap 'profiled nmethods': size=120000Kb used=8394Kb max_used=10726Kb free=111605Kb
 bounds [0x0000017daad10000, 0x0000017dab790000, 0x0000017db2240000]
CodeHeap 'non-nmethods': size=5760Kb used=1330Kb max_used=1364Kb free=4429Kb
 bounds [0x0000017db2240000, 0x0000017db24b0000, 0x0000017db27e0000]
 total_blobs=5198 nmethods=4549 adapters=561
 compilation: enabled
              stopped_count=0, restarted_count=0
 full_count=0

Compilation events (20 events):
Event: 18.783 Thread 0x0000017dc15544f0 5345       3       java.lang.reflect.Method::setMethodAccessor (21 bytes)
Event: 18.784 Thread 0x0000017dc15544f0 nmethod 5345 0x0000017daad32090 code [0x0000017daad32240, 0x0000017daad32528]
Event: 18.784 Thread 0x0000017dc15544f0 5344       1       jdk.internal.reflect.NativeMethodAccessorImpl::setParent (6 bytes)
Event: 18.784 Thread 0x0000017dc15544f0 nmethod 5344 0x0000017db27ee510 code [0x0000017db27ee6a0, 0x0000017db27ee7b8]
Event: 18.806 Thread 0x0000017dc15544f0 5346       3       org.springframework.core.convert.support.GenericConversionService$Converters$$Lambda$78/0x000000010011d3d8::apply (8 bytes)
Event: 18.807 Thread 0x0000017dc15544f0 nmethod 5346 0x0000017daadf2090 code [0x0000017daadf2280, 0x0000017daadf2998]
Event: 18.807 Thread 0x0000017dc15544f0 5347       3       org.springframework.core.convert.support.GenericConversionService$Converters::lambda$getMatchableConverters$0 (8 bytes)
Event: 18.807 Thread 0x0000017dc15544f0 nmethod 5347 0x0000017daadf4b10 code [0x0000017daadf4ce0, 0x0000017daadf5298]
Event: 18.807 Thread 0x0000017dc15544f0 5348       3       org.springframework.core.convert.support.GenericConversionService$ConvertersForPair::<init> (16 bytes)
Event: 18.808 Thread 0x0000017dc15544f0 nmethod 5348 0x0000017daad4df90 code [0x0000017daad4e160, 0x0000017daad4e678]
Event: 18.808 Thread 0x0000017dc15544f0 5349       3       java.util.concurrent.ConcurrentLinkedDeque::<init> (21 bytes)
Event: 18.808 Thread 0x0000017dc15544f0 nmethod 5349 0x0000017daade0f90 code [0x0000017daade1140, 0x0000017daade14d8]
Event: 18.814 Thread 0x0000017dc15544f0 5350       3       org.springframework.core.annotation.AnnotationAwareOrderComparator::findOrder (18 bytes)
Event: 18.814 Thread 0x0000017dc15544f0 nmethod 5350 0x0000017daad10d90 code [0x0000017daad10f80, 0x0000017daad114e8]
Event: 18.819 Thread 0x0000017dc15544f0 5351       3       java.lang.invoke.MethodHandle::bindArgumentL (10 bytes)
Event: 18.821 Thread 0x0000017dc15544f0 nmethod 5351 0x0000017daae7cb10 code [0x0000017daae7cd00, 0x0000017daae7d368]
Event: 18.821 Thread 0x0000017dc15544f0 5352       3       java.lang.invoke.MethodHandles::constant (88 bytes)
Event: 18.822 Thread 0x0000017dc15544f0 nmethod 5352 0x0000017daae3e610 code [0x0000017daae3e900, 0x0000017daae3f818]
Event: 18.823 Thread 0x0000017dc15544f0 5353       1       java.util.stream.ForEachOps$ForEachOp::get (2 bytes)
Event: 18.823 Thread 0x0000017dc15544f0 nmethod 5353 0x0000017db2827590 code [0x0000017db2827720, 0x0000017db28277f8]

GC Heap History (20 events):
Event: 10.151 GC heap before
{Heap before GC invocations=5 (full 0):
 garbage-first heap   total 40960K, used 29067K [0x0000000084400000, 0x0000000100000000)
  region size 1024K, 18 young (18432K), 1 survivors (1024K)
 Metaspace       used 26844K, committed 27008K, reserved 1114112K
  class space    used 3173K, committed 3264K, reserved 1048576K
}
Event: 10.162 GC heap after
{Heap after GC invocations=6 (full 0):
 garbage-first heap   total 40960K, used 12680K [0x0000000084400000, 0x0000000100000000)
  region size 1024K, 2 young (2048K), 2 survivors (2048K)
 Metaspace       used 26844K, committed 27008K, reserved 1114112K
  class space    used 3173K, committed 3264K, reserved 1048576K
}
Event: 11.644 GC heap before
{Heap before GC invocations=6 (full 0):
 garbage-first heap   total 40960K, used 30088K [0x0000000084400000, 0x0000000100000000)
  region size 1024K, 19 young (19456K), 2 survivors (2048K)
 Metaspace       used 30131K, committed 30464K, reserved 1114112K
  class space    used 3651K, committed 3776K, reserved 1048576K
}
Event: 11.661 GC heap after
{Heap after GC invocations=7 (full 0):
 garbage-first heap   total 40960K, used 14567K [0x0000000084400000, 0x0000000100000000)
  region size 1024K, 3 young (3072K), 3 survivors (3072K)
 Metaspace       used 30131K, committed 30464K, reserved 1114112K
  class space    used 3651K, committed 3776K, reserved 1048576K
}
Event: 12.990 GC heap before
{Heap before GC invocations=7 (full 0):
 garbage-first heap   total 40960K, used 29927K [0x0000000084400000, 0x0000000100000000)
  region size 1024K, 19 young (19456K), 3 survivors (3072K)
 Metaspace       used 34316K, committed 34752K, reserved 1114112K
  class space    used 4187K, committed 4352K, reserved 1048576K
}
Event: 13.011 GC heap after
{Heap after GC invocations=8 (full 0):
 garbage-first heap   total 53248K, used 16880K [0x0000000084400000, 0x0000000100000000)
  region size 1024K, 3 young (3072K), 3 survivors (3072K)
 Metaspace       used 34316K, committed 34752K, reserved 1114112K
  class space    used 4187K, committed 4352K, reserved 1048576K
}
Event: 13.584 GC heap before
{Heap before GC invocations=8 (full 0):
 garbage-first heap   total 53248K, used 27120K [0x0000000084400000, 0x0000000100000000)
  region size 1024K, 14 young (14336K), 3 survivors (3072K)
 Metaspace       used 35879K, committed 36288K, reserved 1114112K
  class space    used 4404K, committed 4608K, reserved 1048576K
}
Event: 13.587 GC heap after
{Heap after GC invocations=9 (full 0):
 garbage-first heap   total 53248K, used 17915K [0x0000000084400000, 0x0000000100000000)
  region size 1024K, 1 young (1024K), 1 survivors (1024K)
 Metaspace       used 35879K, committed 36288K, reserved 1114112K
  class space    used 4404K, committed 4608K, reserved 1048576K
}
Event: 14.512 GC heap before
{Heap before GC invocations=10 (full 0):
 garbage-first heap   total 53248K, used 38395K [0x0000000084400000, 0x0000000100000000)
  region size 1024K, 21 young (21504K), 1 survivors (1024K)
 Metaspace       used 41335K, committed 41792K, reserved 1114112K
  class space    used 5256K, committed 5440K, reserved 1048576K
}
Event: 14.514 GC heap after
{Heap after GC invocations=11 (full 0):
 garbage-first heap   total 53248K, used 18650K [0x0000000084400000, 0x0000000100000000)
  region size 1024K, 2 young (2048K), 2 survivors (2048K)
 Metaspace       used 41335K, committed 41792K, reserved 1114112K
  class space    used 5256K, committed 5440K, reserved 1048576K
}
Event: 15.344 GC heap before
{Heap before GC invocations=11 (full 0):
 garbage-first heap   total 53248K, used 39130K [0x0000000084400000, 0x0000000100000000)
  region size 1024K, 22 young (22528K), 2 survivors (2048K)
 Metaspace       used 47343K, committed 47744K, reserved 1114112K
  class space    used 6021K, committed 6208K, reserved 1048576K
}
Event: 15.347 GC heap after
{Heap after GC invocations=12 (full 0):
 garbage-first heap   total 53248K, used 20799K [0x0000000084400000, 0x0000000100000000)
  region size 1024K, 3 young (3072K), 3 survivors (3072K)
 Metaspace       used 47343K, committed 47744K, reserved 1114112K
  class space    used 6021K, committed 6208K, reserved 1048576K
}
Event: 16.834 GC heap before
{Heap before GC invocations=12 (full 0):
 garbage-first heap   total 53248K, used 40255K [0x0000000084400000, 0x0000000100000000)
  region size 1024K, 22 young (22528K), 3 survivors (3072K)
 Metaspace       used 53597K, committed 54016K, reserved 1114112K
  class space    used 6977K, committed 7168K, reserved 1048576K
}
Event: 16.839 GC heap after
{Heap after GC invocations=13 (full 0):
 garbage-first heap   total 53248K, used 22089K [0x0000000084400000, 0x0000000100000000)
  region size 1024K, 2 young (2048K), 2 survivors (2048K)
 Metaspace       used 53597K, committed 54016K, reserved 1114112K
  class space    used 6977K, committed 7168K, reserved 1048576K
}
Event: 17.639 GC heap before
{Heap before GC invocations=13 (full 0):
 garbage-first heap   total 53248K, used 40521K [0x0000000084400000, 0x0000000100000000)
  region size 1024K, 20 young (20480K), 2 survivors (2048K)
 Metaspace       used 56290K, committed 56768K, reserved 1114112K
  class space    used 7386K, committed 7616K, reserved 1048576K
}
Event: 17.643 GC heap after
{Heap after GC invocations=14 (full 0):
 garbage-first heap   total 53248K, used 22509K [0x0000000084400000, 0x0000000100000000)
  region size 1024K, 2 young (2048K), 2 survivors (2048K)
 Metaspace       used 56290K, committed 56768K, reserved 1114112K
  class space    used 7386K, committed 7616K, reserved 1048576K
}
Event: 18.845 GC heap before
{Heap before GC invocations=14 (full 0):
 garbage-first heap   total 53248K, used 40941K [0x0000000084400000, 0x0000000100000000)
  region size 1024K, 20 young (20480K), 2 survivors (2048K)
 Metaspace       used 60269K, committed 60736K, reserved 1114112K
  class space    used 7942K, committed 8192K, reserved 1048576K
}
Event: 18.850 GC heap after
{Heap after GC invocations=15 (full 0):
 garbage-first heap   total 53248K, used 24115K [0x0000000084400000, 0x0000000100000000)
  region size 1024K, 3 young (3072K), 3 survivors (3072K)
 Metaspace       used 60269K, committed 60736K, reserved 1114112K
  class space    used 7942K, committed 8192K, reserved 1048576K
}
Event: 18.857 GC heap before
{Heap before GC invocations=15 (full 0):
 garbage-first heap   total 53248K, used 24115K [0x0000000084400000, 0x0000000100000000)
  region size 1024K, 4 young (4096K), 3 survivors (3072K)
 Metaspace       used 60333K, committed 60800K, reserved 1114112K
  class space    used 7943K, committed 8192K, reserved 1048576K
}
Event: 18.861 GC heap after
{Heap after GC invocations=16 (full 0):
 garbage-first heap   total 53248K, used 24259K [0x0000000084400000, 0x0000000100000000)
  region size 1024K, 1 young (1024K), 1 survivors (1024K)
 Metaspace       used 60333K, committed 60800K, reserved 1114112K
  class space    used 7943K, committed 8192K, reserved 1048576K
}

Dll operation events (9 events):
Event: 0.011 Loaded shared library C:\Users\ADMIN\.vscode\extensions\redhat.java-1.21.0-win32-x64\jre\17.0.7-win32-x86_64\bin\java.dll
Event: 0.478 Loaded shared library C:\Users\ADMIN\.vscode\extensions\redhat.java-1.21.0-win32-x64\jre\17.0.7-win32-x86_64\bin\net.dll
Event: 0.481 Loaded shared library C:\Users\ADMIN\.vscode\extensions\redhat.java-1.21.0-win32-x64\jre\17.0.7-win32-x86_64\bin\nio.dll
Event: 0.492 Loaded shared library C:\Users\ADMIN\.vscode\extensions\redhat.java-1.21.0-win32-x64\jre\17.0.7-win32-x86_64\bin\zip.dll
Event: 0.789 Loaded shared library C:\Users\ADMIN\.vscode\extensions\redhat.java-1.21.0-win32-x64\jre\17.0.7-win32-x86_64\bin\jimage.dll
Event: 12.898 Loaded shared library C:\Users\ADMIN\.vscode\extensions\redhat.java-1.21.0-win32-x64\jre\17.0.7-win32-x86_64\bin\sunmscapi.dll
Event: 12.910 Loaded shared library C:\Users\ADMIN\.vscode\extensions\redhat.java-1.21.0-win32-x64\jre\17.0.7-win32-x86_64\bin\management.dll
Event: 12.914 Loaded shared library C:\Users\ADMIN\.vscode\extensions\redhat.java-1.21.0-win32-x64\jre\17.0.7-win32-x86_64\bin\management_ext.dll
Event: 14.082 Loaded shared library C:\Users\ADMIN\.vscode\extensions\redhat.java-1.21.0-win32-x64\jre\17.0.7-win32-x86_64\bin\verify.dll

Deoptimization events (20 events):
Event: 18.611 Thread 0x0000017da808e7f0 Uncommon trap: trap_request=0xffffffde fr.pc=0x0000017db29f8e38 relative=0x0000000000000218
Event: 18.611 Thread 0x0000017da808e7f0 Uncommon trap: reason=class_check action=maybe_recompile pc=0x0000017db29f8e38 method=sun.reflect.generics.reflectiveObjects.TypeVariableImpl.hashCode()I @ 4 c2
Event: 18.611 Thread 0x0000017da808e7f0 DEOPT PACKING pc=0x0000017db29f8e38 sp=0x00000052f27fbf50
Event: 18.611 Thread 0x0000017da808e7f0 DEOPT UNPACKING pc=0x0000017db229a1a3 sp=0x00000052f27fbee8 mode 2
Event: 18.611 Thread 0x0000017da808e7f0 Uncommon trap: trap_request=0xffffffde fr.pc=0x0000017db29f8e38 relative=0x0000000000000218
Event: 18.611 Thread 0x0000017da808e7f0 Uncommon trap: reason=class_check action=maybe_recompile pc=0x0000017db29f8e38 method=sun.reflect.generics.reflectiveObjects.TypeVariableImpl.hashCode()I @ 4 c2
Event: 18.611 Thread 0x0000017da808e7f0 DEOPT PACKING pc=0x0000017db29f8e38 sp=0x00000052f27fbf30
Event: 18.611 Thread 0x0000017da808e7f0 DEOPT UNPACKING pc=0x0000017db229a1a3 sp=0x00000052f27fbec8 mode 2
Event: 18.611 Thread 0x0000017da808e7f0 Uncommon trap: trap_request=0xffffffde fr.pc=0x0000017db29f8e38 relative=0x0000000000000218
Event: 18.611 Thread 0x0000017da808e7f0 Uncommon trap: reason=class_check action=maybe_recompile pc=0x0000017db29f8e38 method=sun.reflect.generics.reflectiveObjects.TypeVariableImpl.hashCode()I @ 4 c2
Event: 18.611 Thread 0x0000017da808e7f0 DEOPT PACKING pc=0x0000017db29f8e38 sp=0x00000052f27fc070
Event: 18.611 Thread 0x0000017da808e7f0 DEOPT UNPACKING pc=0x0000017db229a1a3 sp=0x00000052f27fc008 mode 2
Event: 18.615 Thread 0x0000017da808e7f0 Uncommon trap: trap_request=0xffffff45 fr.pc=0x0000017db2a25f48 relative=0x0000000000001128
Event: 18.615 Thread 0x0000017da808e7f0 Uncommon trap: reason=unstable_if action=reinterpret pc=0x0000017db2a25f48 method=java.util.concurrent.ConcurrentHashMap.putVal(Ljava/lang/Object;Ljava/lang/Object;Z)Ljava/lang/Object; @ 402 c2
Event: 18.615 Thread 0x0000017da808e7f0 DEOPT PACKING pc=0x0000017db2a25f48 sp=0x00000052f27fc490
Event: 18.615 Thread 0x0000017da808e7f0 DEOPT UNPACKING pc=0x0000017db229a1a3 sp=0x00000052f27fc420 mode 2
Event: 18.618 Thread 0x0000017da808e7f0 Uncommon trap: trap_request=0xffffff45 fr.pc=0x0000017db298227c relative=0x000000000000025c
Event: 18.618 Thread 0x0000017da808e7f0 Uncommon trap: reason=unstable_if action=reinterpret pc=0x0000017db298227c method=java.util.concurrent.ConcurrentHashMap.get(Ljava/lang/Object;)Ljava/lang/Object; @ 86 c2
Event: 18.618 Thread 0x0000017da808e7f0 DEOPT PACKING pc=0x0000017db298227c sp=0x00000052f27fc530
Event: 18.618 Thread 0x0000017da808e7f0 DEOPT UNPACKING pc=0x0000017db229a1a3 sp=0x00000052f27fc498 mode 2

Classes unloaded (0 events):
No events

Classes redefined (0 events):
No events

Internal exceptions (20 events):
Event: 17.561 Thread 0x0000017da808e7f0 Exception <a 'java/lang/NoSuchMethodError'{0x00000000867c9370}: 'void java.lang.invoke.DirectMethodHandle$Holder.invokeStaticInit(java.lang.Object, int, java.lang.Object, java.lang.Object, java.lang.Object, java.lang.Object)'> (0x00000000867c9370) 
thrown [s\src\hotspot\share\interpreter\linkResolver.cpp, line 759]
Event: 17.630 Thread 0x0000017da808e7f0 Exception <a 'java/lang/NoSuchMethodError'{0x00000000866d7610}: 'java.lang.Object java.lang.invoke.DirectMethodHandle$Holder.newInvokeSpecial(java.lang.Object, java.lang.Object, java.lang.Object, java.lang.Object, java.lang.Object, java.lang.Object)'> (0x00000000866d7610) 
thrown [s\src\hotspot\share\interpreter\linkResolver.cpp, line 759]
Event: 17.635 Thread 0x0000017da808e7f0 Exception <a 'java/lang/NoSuchMethodError'{0x00000000866e7008}: 'int java.lang.invoke.DirectMethodHandle$Holder.invokeStatic(java.lang.Object, java.lang.Object, java.lang.Object, java.lang.Object, java.lang.Object)'> (0x00000000866e7008) 
thrown [s\src\hotspot\share\interpreter\linkResolver.cpp, line 759]
Event: 17.665 Thread 0x0000017da808e7f0 Exception <a 'java/lang/NoSuchMethodError'{0x000000008bf7e9a8}: 'void java.lang.invoke.DirectMethodHandle$Holder.invokeInterface(java.lang.Object, java.lang.Object, int, java.lang.Object)'> (0x000000008bf7e9a8) 
thrown [s\src\hotspot\share\interpreter\linkResolver.cpp, line 759]
Event: 17.669 Thread 0x0000017da808e7f0 Exception <a 'java/lang/NoSuchMethodError'{0x000000008bfa4180}: 'java.lang.Object java.lang.invoke.DirectMethodHandle$Holder.newInvokeSpecial(java.lang.Object, java.lang.Object, int, java.lang.Object)'> (0x000000008bfa4180) 
thrown [s\src\hotspot\share\interpreter\linkResolver.cpp, line 759]
Event: 17.670 Thread 0x0000017da808e7f0 Exception <a 'java/lang/NoSuchMethodError'{0x000000008bfa7d48}: 'java.lang.Object java.lang.invoke.Invokers$Holder.linkToTargetMethod(java.lang.Object, int, java.lang.Object, java.lang.Object)'> (0x000000008bfa7d48) 
thrown [s\src\hotspot\share\interpreter\linkResolver.cpp, line 759]
Event: 17.764 Thread 0x0000017da808e7f0 Exception <a 'java/lang/NoSuchMethodError'{0x000000008a1563d0}: 'int java.lang.invoke.DirectMethodHandle$Holder.invokeStatic(java.lang.Object, int, java.lang.Object)'> (0x000000008a1563d0) 
thrown [s\src\hotspot\share\interpreter\linkResolver.cpp, line 759]
Event: 17.768 Thread 0x0000017da808e7f0 Exception <a 'java/lang/NoSuchMethodError'{0x000000008a1728a8}: 'java.lang.Object java.lang.invoke.DirectMethodHandle$Holder.newInvokeSpecial(java.lang.Object, java.lang.Object, java.lang.Object, java.lang.Object, java.lang.Object, int)'> (0x000000008a1728a8) 
thrown [s\src\hotspot\share\interpreter\linkResolver.cpp, line 759]
Event: 17.768 Thread 0x0000017da808e7f0 Exception <a 'java/lang/NoSuchMethodError'{0x000000008a176968}: 'java.lang.Object java.lang.invoke.Invokers$Holder.linkToTargetMethod(java.lang.Object, java.lang.Object, java.lang.Object, java.lang.Object, int, java.lang.Object)'> (0x000000008a176968) 
thrown [s\src\hotspot\share\interpreter\linkResolver.cpp, line 759]
Event: 17.780 Thread 0x0000017da808e7f0 Exception <a 'java/lang/NoSuchMethodError'{0x000000008a1b2d78}: 'java.lang.Object java.lang.invoke.DirectMethodHandle$Holder.newInvokeSpecial(java.lang.Object, java.lang.Object, java.lang.Object, java.lang.Object, java.lang.Object, java.lang.Object, java.lang.Object, java.lang.Object, java.lang.Object, java.lang.Object, java.lang.Object)'> (0x000000008a1b2d78) 
thrown [s\src\hotspot\share\interpreter\linkResolver.cpp, line 759]
Event: 17.781 Thread 0x0000017da808e7f0 Exception <a 'java/lang/NoSuchMethodError'{0x000000008a1b7cf8}: 'java.lang.Object java.lang.invoke.DirectMethodHandle$Holder.invokeSpecial(java.lang.Object, java.lang.Object, java.lang.Object, java.lang.Object, java.lang.Object, java.lang.Object, java.lang.Object, java.lang.Object, java.lang.Object, java.lang.Object, java.lang.Object, java.lang.Object)'> (0x000000008a1b7cf8) 
thrown [s\src\hotspot\share\interpreter\linkResolver.cpp, line 759]
Event: 17.781 Thread 0x0000017da808e7f0 Exception <a 'java/lang/NoSuchMethodError'{0x000000008a1bc298}: 'java.lang.Object java.lang.invoke.Invokers$Holder.linkToTargetMethod(java.lang.Object, java.lang.Object, java.lang.Object, java.lang.Object, java.lang.Object, java.lang.Object, java.lang.Object, java.lang.Object, java.lang.Object, java.lang.Object, java.lang.Object)'> (0x000000008a1bc298) 
thrown [s\src\hotspot\share\interpreter\linkResolver.cpp, line 759]
Event: 17.838 Thread 0x0000017da808e7f0 Exception <a 'java/lang/NoSuchMethodError'{0x0000000089f4c448}: 'java.lang.Object java.lang.invoke.DirectMethodHandle$Holder.newInvokeSpecial(java.lang.Object, java.lang.Object, java.lang.Object, java.lang.Object, java.lang.Object, java.lang.Object, java.lang.Object, int)'> (0x0000000089f4c448) 
thrown [s\src\hotspot\share\interpreter\linkResolver.cpp, line 759]
Event: 17.839 Thread 0x0000017da808e7f0 Exception <a 'java/lang/NoSuchMethodError'{0x0000000089f51440}: 'java.lang.Object java.lang.invoke.DirectMethodHandle$Holder.invokeSpecial(java.lang.Object, java.lang.Object, java.lang.Object, java.lang.Object, java.lang.Object, java.lang.Object, java.lang.Object, java.lang.Object, int)'> (0x0000000089f51440) 
thrown [s\src\hotspot\share\interpreter\linkResolver.cpp, line 759]
Event: 17.879 Thread 0x0000017da808e7f0 Exception <a 'java/lang/NoSuchMethodError'{0x0000000087250ff0}: 'java.lang.Object java.lang.invoke.DirectMethodHandle$Holder.newInvokeSpecial(java.lang.Object, java.lang.Object, int, java.lang.Object, int, java.lang.Object, java.lang.Object)'> (0x0000000087250ff0) 
thrown [s\src\hotspot\share\interpreter\linkResolver.cpp, line 759]
Event: 17.903 Thread 0x0000017da808e7f0 Exception <a 'java/lang/NoSuchMethodError'{0x00000000872d9578}: 'void java.lang.invoke.DirectMethodHandle$Holder.invokeInterface(java.lang.Object, java.lang.Object)'> (0x00000000872d9578) 
thrown [s\src\hotspot\share\interpreter\linkResolver.cpp, line 759]
Event: 18.372 Thread 0x0000017da808e7f0 Exception <a 'java/lang/NoSuchMethodError'{0x0000000086dac3e8}: 'java.lang.Object java.lang.invoke.DirectMethodHandle$Holder.invokeSpecial(java.lang.Object, java.lang.Object, int, java.lang.Object, int)'> (0x0000000086dac3e8) 
thrown [s\src\hotspot\share\interpreter\linkResolver.cpp, line 759]
Event: 18.617 Thread 0x0000017da808e7f0 Exception <a 'java/lang/IncompatibleClassChangeError'{0x0000000086875cd8}: Found class java.lang.Object, but interface was expected> (0x0000000086875cd8) 
thrown [s\src\hotspot\share\interpreter\linkResolver.cpp, line 826]
Event: 18.734 Thread 0x0000017da808e7f0 Exception <a 'java/lang/IncompatibleClassChangeError'{0x00000000868eee58}: Found class java.lang.Object, but interface was expected> (0x00000000868eee58) 
thrown [s\src\hotspot\share\interpreter\linkResolver.cpp, line 826]
Event: 18.814 Thread 0x0000017da808e7f0 Exception <a 'java/lang/IncompatibleClassChangeError'{0x0000000086652940}: Found class java.lang.Object, but interface was expected> (0x0000000086652940) 
thrown [s\src\hotspot\share\interpreter\linkResolver.cpp, line 826]

VM Operations (20 events):
Event: 17.638 Executing VM operation: G1CollectForAllocation
Event: 17.644 Executing VM operation: G1CollectForAllocation done
Event: 17.858 Executing VM operation: HandshakeAllThreads
Event: 17.858 Executing VM operation: HandshakeAllThreads done
Event: 18.130 Executing VM operation: HandshakeAllThreads
Event: 18.130 Executing VM operation: HandshakeAllThreads done
Event: 18.608 Executing VM operation: HandshakeAllThreads
Event: 18.608 Executing VM operation: HandshakeAllThreads done
Event: 18.628 Executing VM operation: HandshakeAllThreads
Event: 18.628 Executing VM operation: HandshakeAllThreads done
Event: 18.652 Executing VM operation: HandshakeAllThreads
Event: 18.652 Executing VM operation: HandshakeAllThreads done
Event: 18.652 Executing VM operation: Cleanup
Event: 18.652 Executing VM operation: Cleanup done
Event: 18.844 Executing VM operation: G1CollectForAllocation
Event: 18.852 Executing VM operation: G1CollectForAllocation done
Event: 18.857 Executing VM operation: CollectForMetadataAllocation
Event: 18.861 Executing VM operation: CollectForMetadataAllocation done
Event: 18.891 Executing VM operation: G1Concurrent
Event: 18.902 Executing VM operation: G1Concurrent done

Events (20 events):
Event: 18.661 Thread 0x0000017dc1554df0 flushing nmethod 0x0000017dab5ffa10
Event: 18.661 Thread 0x0000017dc1554df0 flushing nmethod 0x0000017dab600390
Event: 18.661 Thread 0x0000017dc1554df0 flushing nmethod 0x0000017dab600d10
Event: 18.661 Thread 0x0000017dc1554df0 flushing nmethod 0x0000017dab601810
Event: 18.661 Thread 0x0000017dc1554df0 flushing nmethod 0x0000017dab601e90
Event: 18.661 Thread 0x0000017dc1554df0 flushing nmethod 0x0000017dab602210
Event: 18.661 Thread 0x0000017dc1554df0 flushing nmethod 0x0000017dab603b10
Event: 18.661 Thread 0x0000017dc1554df0 flushing nmethod 0x0000017dab604e10
Event: 18.661 Thread 0x0000017dc1554df0 flushing nmethod 0x0000017dab607610
Event: 18.661 Thread 0x0000017dc1554df0 flushing nmethod 0x0000017dab60b010
Event: 18.661 Thread 0x0000017dc1554df0 flushing nmethod 0x0000017dab60b390
Event: 18.661 Thread 0x0000017dc1554df0 flushing nmethod 0x0000017dab60b890
Event: 18.661 Thread 0x0000017dc1554df0 flushing nmethod 0x0000017dab60f290
Event: 18.661 Thread 0x0000017dc1554df0 flushing nmethod 0x0000017dab614b10
Event: 18.661 Thread 0x0000017dc1554df0 flushing nmethod 0x0000017dab61b010
Event: 18.661 Thread 0x0000017dc1554df0 flushing nmethod 0x0000017dab622990
Event: 18.662 Thread 0x0000017dc1554df0 flushing nmethod 0x0000017dab62f310
Event: 18.662 Thread 0x0000017dc1554df0 flushing nmethod 0x0000017dab66b890
Event: 18.662 Thread 0x0000017dc1554df0 flushing nmethod 0x0000017dab6b7c10
Event: 18.662 Thread 0x0000017dc1554df0 flushing nmethod 0x0000017dab6f8410


Dynamic libraries:
0x00007ff76f040000 - 0x00007ff76f04e000 	C:\Users\ADMIN\.vscode\extensions\redhat.java-1.21.0-win32-x64\jre\17.0.7-win32-x86_64\bin\java.exe
0x00007ff8cc540000 - 0x00007ff8cc730000 	C:\WINDOWS\SYSTEM32\ntdll.dll
0x00007ff8cb6b0000 - 0x00007ff8cb762000 	C:\WINDOWS\System32\KERNEL32.DLL
0x00007ff8c98a0000 - 0x00007ff8c9b43000 	C:\WINDOWS\System32\KERNELBASE.dll
0x00007ff8c96c0000 - 0x00007ff8c97ba000 	C:\WINDOWS\System32\ucrtbase.dll
0x00007ff8b36d0000 - 0x00007ff8b36e7000 	C:\Users\ADMIN\.vscode\extensions\redhat.java-1.21.0-win32-x64\jre\17.0.7-win32-x86_64\bin\jli.dll
0x00007ff8b3180000 - 0x00007ff8b3199000 	C:\Users\ADMIN\.vscode\extensions\redhat.java-1.21.0-win32-x64\jre\17.0.7-win32-x86_64\bin\VCRUNTIME140.dll
0x00007ff8cba40000 - 0x00007ff8cbbd4000 	C:\WINDOWS\System32\USER32.dll
0x00007ff8c9870000 - 0x00007ff8c9891000 	C:\WINDOWS\System32\win32u.dll
0x00007ff8cb620000 - 0x00007ff8cb646000 	C:\WINDOWS\System32\GDI32.dll
0x00007ff8b3950000 - 0x00007ff8b3bd5000 	C:\WINDOWS\WinSxS\amd64_microsoft.windows.common-controls_6595b64144ccf1df_6.0.18362.592_none_e6c0b1911312be02\COMCTL32.dll
0x00007ff8ca320000 - 0x00007ff8ca4b4000 	C:\WINDOWS\System32\gdi32full.dll
0x00007ff8cb7e0000 - 0x00007ff8cb87e000 	C:\WINDOWS\System32\msvcrt.dll
0x00007ff8c9620000 - 0x00007ff8c96be000 	C:\WINDOWS\System32\msvcp_win.dll
0x00007ff8cc0d0000 - 0x00007ff8cc406000 	C:\WINDOWS\System32\combase.dll
0x00007ff8cb130000 - 0x00007ff8cb250000 	C:\WINDOWS\System32\RPCRT4.dll
0x00007ff8ca570000 - 0x00007ff8ca5f0000 	C:\WINDOWS\System32\bcryptPrimitives.dll
0x00007ff8cafe0000 - 0x00007ff8cb00e000 	C:\WINDOWS\System32\IMM32.DLL
0x00007ff8b2c80000 - 0x00007ff8b2c8c000 	C:\Users\ADMIN\.vscode\extensions\redhat.java-1.21.0-win32-x64\jre\17.0.7-win32-x86_64\bin\vcruntime140_1.dll
0x00007ff8addf0000 - 0x00007ff8ade81000 	C:\Users\ADMIN\.vscode\extensions\redhat.java-1.21.0-win32-x64\jre\17.0.7-win32-x86_64\bin\msvcp140.dll
0x00007ff8ac1b0000 - 0x00007ff8acdf8000 	C:\Users\ADMIN\.vscode\extensions\redhat.java-1.21.0-win32-x64\jre\17.0.7-win32-x86_64\bin\server\jvm.dll
0x00007ff8cc450000 - 0x00007ff8cc4f3000 	C:\WINDOWS\System32\ADVAPI32.dll
0x00007ff8cb090000 - 0x00007ff8cb127000 	C:\WINDOWS\System32\sechost.dll
0x00007ff8b2c70000 - 0x00007ff8b2c79000 	C:\WINDOWS\SYSTEM32\WSOCK32.dll
0x00007ff8cb770000 - 0x00007ff8cb7df000 	C:\WINDOWS\System32\WS2_32.dll
0x00007ff8c46a0000 - 0x00007ff8c46c4000 	C:\WINDOWS\SYSTEM32\WINMM.dll
0x00007ff8b91b0000 - 0x00007ff8b91ba000 	C:\WINDOWS\SYSTEM32\VERSION.dll
0x00007ff8c4670000 - 0x00007ff8c469d000 	C:\WINDOWS\SYSTEM32\WINMMBASE.dll
0x00007ff8ca2d0000 - 0x00007ff8ca31a000 	C:\WINDOWS\System32\cfgmgr32.dll
0x00007ff8c9470000 - 0x00007ff8c9481000 	C:\WINDOWS\System32\kernel.appcore.dll
0x00007ff8b2c40000 - 0x00007ff8b2c4a000 	C:\Users\ADMIN\.vscode\extensions\redhat.java-1.21.0-win32-x64\jre\17.0.7-win32-x86_64\bin\jimage.dll
0x00007ff8c7d20000 - 0x00007ff8c7f14000 	C:\WINDOWS\SYSTEM32\DBGHELP.DLL
0x00007ff89fcd0000 - 0x00007ff89fcfa000 	C:\WINDOWS\SYSTEM32\dbgcore.DLL
0x00007ff8addc0000 - 0x00007ff8adde5000 	C:\Users\ADMIN\.vscode\extensions\redhat.java-1.21.0-win32-x64\jre\17.0.7-win32-x86_64\bin\java.dll
0x00007ff8b29b0000 - 0x00007ff8b29c8000 	C:\Users\ADMIN\.vscode\extensions\redhat.java-1.21.0-win32-x64\jre\17.0.7-win32-x86_64\bin\zip.dll
0x00007ff8ca7e0000 - 0x00007ff8caec5000 	C:\WINDOWS\System32\SHELL32.dll
0x00007ff8ca730000 - 0x00007ff8ca7d9000 	C:\WINDOWS\System32\shcore.dll
0x00007ff8c9b50000 - 0x00007ff8ca2cf000 	C:\WINDOWS\System32\windows.storage.dll
0x00007ff8c94b0000 - 0x00007ff8c94cf000 	C:\WINDOWS\System32\profapi.dll
0x00007ff8c9420000 - 0x00007ff8c946a000 	C:\WINDOWS\System32\powrprof.dll
0x00007ff8c9410000 - 0x00007ff8c9420000 	C:\WINDOWS\System32\UMPDC.dll
0x00007ff8cb880000 - 0x00007ff8cb8d2000 	C:\WINDOWS\System32\shlwapi.dll
0x00007ff8c9820000 - 0x00007ff8c9837000 	C:\WINDOWS\System32\cryptsp.dll
0x00007ff8adda0000 - 0x00007ff8addb9000 	C:\Users\ADMIN\.vscode\extensions\redhat.java-1.21.0-win32-x64\jre\17.0.7-win32-x86_64\bin\net.dll
0x00007ff8c4b60000 - 0x00007ff8c4c50000 	C:\WINDOWS\SYSTEM32\WINHTTP.dll
0x00007ff8c8c80000 - 0x00007ff8c8ce7000 	C:\WINDOWS\system32\mswsock.dll
0x00007ff8add80000 - 0x00007ff8add95000 	C:\Users\ADMIN\.vscode\extensions\redhat.java-1.21.0-win32-x64\jre\17.0.7-win32-x86_64\bin\nio.dll
0x00007ff8c87f0000 - 0x00007ff8c8823000 	C:\WINDOWS\system32\rsaenh.dll
0x00007ff8c9840000 - 0x00007ff8c9866000 	C:\WINDOWS\System32\bcrypt.dll
0x00007ff8c9330000 - 0x00007ff8c9355000 	C:\WINDOWS\SYSTEM32\USERENV.dll
0x00007ff8c8e50000 - 0x00007ff8c8e5c000 	C:\WINDOWS\SYSTEM32\CRYPTBASE.dll
0x00007ff8c8990000 - 0x00007ff8c89ca000 	C:\WINDOWS\SYSTEM32\IPHLPAPI.DLL
0x00007ff8cb3f0000 - 0x00007ff8cb3f8000 	C:\WINDOWS\System32\NSI.dll
0x00007ff8c2a20000 - 0x00007ff8c2a36000 	C:\WINDOWS\SYSTEM32\dhcpcsvc6.DLL
0x00007ff8c13b0000 - 0x00007ff8c13cc000 	C:\WINDOWS\SYSTEM32\dhcpcsvc.DLL
0x00007ff8c89d0000 - 0x00007ff8c8a9a000 	C:\WINDOWS\SYSTEM32\DNSAPI.dll
0x00007ff8adbb0000 - 0x00007ff8adbbe000 	C:\Users\ADMIN\.vscode\extensions\redhat.java-1.21.0-win32-x64\jre\17.0.7-win32-x86_64\bin\sunmscapi.dll
0x00007ff8c94d0000 - 0x00007ff8c9619000 	C:\WINDOWS\System32\CRYPT32.dll
0x00007ff8c9490000 - 0x00007ff8c94a2000 	C:\WINDOWS\System32\MSASN1.dll
0x00007ff8c8f50000 - 0x00007ff8c8f76000 	C:\WINDOWS\SYSTEM32\ncrypt.dll
0x00007ff8c8f10000 - 0x00007ff8c8f4b000 	C:\WINDOWS\SYSTEM32\NTASN1.dll
0x00007ff8c3a20000 - 0x00007ff8c3a29000 	C:\Users\ADMIN\.vscode\extensions\redhat.java-1.21.0-win32-x64\jre\17.0.7-win32-x86_64\bin\management.dll
0x00007ff8becd0000 - 0x00007ff8becdb000 	C:\Users\ADMIN\.vscode\extensions\redhat.java-1.21.0-win32-x64\jre\17.0.7-win32-x86_64\bin\management_ext.dll
0x00007ff8cc440000 - 0x00007ff8cc448000 	C:\WINDOWS\System32\PSAPI.DLL
0x00007ff8b0070000 - 0x00007ff8b0080000 	C:\Users\ADMIN\.vscode\extensions\redhat.java-1.21.0-win32-x64\jre\17.0.7-win32-x86_64\bin\verify.dll
0x00007ff8c1930000 - 0x00007ff8c193a000 	C:\Windows\System32\rasadhlp.dll
0x00007ff8c0960000 - 0x00007ff8c09d7000 	C:\WINDOWS\System32\fwpuclnt.dll

dbghelp: loaded successfully - version: 4.0.5 - missing functions: none
symbol engine: initialized successfully - sym options: 0x614 - pdb path: .;C:\Users\ADMIN\.vscode\extensions\redhat.java-1.21.0-win32-x64\jre\17.0.7-win32-x86_64\bin;C:\WINDOWS\SYSTEM32;C:\WINDOWS\WinSxS\amd64_microsoft.windows.common-controls_6595b64144ccf1df_6.0.18362.592_none_e6c0b1911312be02;C:\Users\ADMIN\.vscode\extensions\redhat.java-1.21.0-win32-x64\jre\17.0.7-win32-x86_64\bin\server

VM Arguments:
jvm_args: -XX:+ShowCodeDetailsInExceptionMessages 
java_command: com.nguyenngoctrinh.backend.BackendApplication
java_class_path (initial): D:\Java\backend\target\classes;C:\Users\ADMIN\.m2\repository\org\springframework\boot\spring-boot-starter-data-jpa\3.1.2\spring-boot-starter-data-jpa-3.1.2.jar;C:\Users\ADMIN\.m2\repository\org\springframework\boot\spring-boot-starter-aop\3.1.2\spring-boot-starter-aop-3.1.2.jar;C:\Users\ADMIN\.m2\repository\org\springframework\spring-aop\6.0.11\spring-aop-6.0.11.jar;C:\Users\ADMIN\.m2\repository\org\aspectj\aspectjweaver\1.9.19\aspectjweaver-1.9.19.jar;C:\Users\ADMIN\.m2\repository\org\springframework\boot\spring-boot-starter-jdbc\3.1.2\spring-boot-starter-jdbc-3.1.2.jar;C:\Users\ADMIN\.m2\repository\com\zaxxer\HikariCP\5.0.1\HikariCP-5.0.1.jar;C:\Users\ADMIN\.m2\repository\org\springframework\spring-jdbc\6.0.11\spring-jdbc-6.0.11.jar;C:\Users\ADMIN\.m2\repository\org\hibernate\orm\hibernate-core\6.2.6.Final\hibernate-core-6.2.6.Final.jar;C:\Users\ADMIN\.m2\repository\jakarta\persistence\jakarta.persistence-api\3.1.0\jakarta.persistence-api-3.1.0.jar;C:\Users\ADMIN\.m2\repository\jakarta\transaction\jakarta.transaction-api\2.0.1\jakarta.transaction-api-2.0.1.jar;C:\Users\ADMIN\.m2\repository\org\jboss\logging\jboss-logging\3.5.3.Final\jboss-logging-3.5.3.Final.jar;C:\Users\ADMIN\.m2\repository\org\hibernate\common\hibernate-commons-annotations\6.0.6.Final\hibernate-commons-annotations-6.0.6.Final.jar;C:\Users\ADMIN\.m2\repository\io\smallrye\jandex\3.0.5\jandex-3.0.5.jar;C:\Users\ADMIN\.m2\repository\com\fasterxml\classmate\1.5.1\classmate-1.5.1.jar;C:\Users\ADMIN\.m2\repository\net\bytebuddy\byte-buddy\1.14.5\byte-buddy-1.14.5.jar;C:\Users\ADMIN\.m2\repository\org\glassfish\jaxb\jaxb-runtime\4.0.3\jaxb-runtime-4.0.3.jar;C:\Users\ADMIN\.m2\repository\org\glassfish\jaxb\jaxb-core\4.0.3\jaxb-core-4.0.3.jar;C:\Users\ADMIN\.m2\repository\org\eclipse\angus\angus-activation\2.0.1\angus-activation-2.0.1.jar;C:\Users\ADMIN\.m2\repository\org\glassfish\jaxb\txw2\4.0.3\txw2-4.0.3.jar;C:\Users\ADMIN\.m2\repository\com\sun\istack\istack-commons-runt
Launcher Type: SUN_STANDARD

[Global flags]
     intx CICompilerCount                          = 4                                         {product} {ergonomic}
     uint ConcGCThreads                            = 2                                         {product} {ergonomic}
     uint G1ConcRefinementThreads                  = 8                                         {product} {ergonomic}
   size_t G1HeapRegionSize                         = 1048576                                   {product} {ergonomic}
    uintx GCDrainStackTargetSize                   = 64                                        {product} {ergonomic}
   size_t InitialHeapSize                          = 130023424                                 {product} {ergonomic}
   size_t MarkStackSize                            = 4194304                                   {product} {ergonomic}
   size_t MaxHeapSize                              = 2076180480                                {product} {ergonomic}
   size_t MaxNewSize                               = 1245708288                                {product} {ergonomic}
   size_t MinHeapDeltaBytes                        = 1048576                                   {product} {ergonomic}
   size_t MinHeapSize                              = 8388608                                   {product} {ergonomic}
    uintx NonNMethodCodeHeapSize                   = 5839372                                {pd product} {ergonomic}
    uintx NonProfiledCodeHeapSize                  = 122909434                              {pd product} {ergonomic}
    uintx ProfiledCodeHeapSize                     = 122909434                              {pd product} {ergonomic}
    uintx ReservedCodeCacheSize                    = 251658240                              {pd product} {ergonomic}
     bool SegmentedCodeCache                       = true                                      {product} {ergonomic}
     bool ShowCodeDetailsInExceptionMessages       = true                                   {manageable} {command line}
   size_t SoftMaxHeapSize                          = 2076180480                             {manageable} {ergonomic}
     bool UseCompressedClassPointers               = true                           {product lp64_product} {ergonomic}
     bool UseCompressedOops                        = true                           {product lp64_product} {ergonomic}
     bool UseG1GC                                  = true                                      {product} {ergonomic}
     bool UseLargePagesIndividualAllocation        = false                                  {pd product} {ergonomic}

Logging:
Log output configuration:
 #0: stdout all=warning uptime,level,tags
 #1: stderr all=off uptime,level,tags

Environment Variables:
PATH=C:\Program Files\Common Files\Oracle\Java\javapath;C:\Program Files (x86)\VMware\VMware Player\bin\;C:\WINDOWS\system32;C:\WINDOWS;C:\WINDOWS\System32\Wbem;C:\WINDOWS\System32\WindowsPowerShell\v1.0\;C:\WINDOWS\System32\OpenSSH\;C:\Program Files\Microsoft SQL Server\Client SDK\ODBC\110\Tools\Binn\;C:\Program Files (x86)\Microsoft SQL Server\120\Tools\Binn\;C:\Program Files\Microsoft SQL Server\120\Tools\Binn\;C:\Program Files\Microsoft SQL Server\120\DTS\Binn\;C:\Program Files (x86)\Microsoft SQL Server\120\Tools\Binn\ManagementStudio\;C:\Program Files (x86)\Microsoft SQL Server\120\DTS\Binn\;C:\Program Files\nodejs\;D:\laragon\bin\php\php-8.1.10-Win32-vs16-x64;C:\ProgramData\ComposerSetup\bin;C:\Program Files (x86)\dotnet\;D:\Javajdk\jdk-20\bin;C:\Users\ADMIN\AppData\Local\Microsoft\WindowsApps;C:\Users\ADMIN\AppData\Local\Programs\Microsoft VS Code\bin;C:\Program Files\JetBrains\PyCharm Community Edition 2022.3.2\bin;;C:\Users\ADMIN\AppData\Roaming\npm;D:\laragon\bin\php\php-8.1.10-Win32-vs16-x64\php.exe;C:\Users\ADMIN\AppData\Roaming\Composer\vendor\bin
USERNAME=ADMIN
LANG=en_US.UTF-8
OS=Windows_NT
PROCESSOR_IDENTIFIER=Intel64 Family 6 Model 140 Stepping 1, GenuineIntel
TMP=C:\Users\ADMIN\AppData\Local\Temp
TEMP=C:\Users\ADMIN\AppData\Local\Temp



---------------  S Y S T E M  ---------------

OS:
 Windows 10 , 64 bit Build 18362 (10.0.18362.329)
OS uptime: 0 days 0:39 hours

CPU: total 8 (initial active 8) (4 cores per cpu, 2 threads per core) family 6 model 140 stepping 1 microcode 0xa4, cx8, cmov, fxsr, ht, mmx, 3dnowpref, sse, sse2, sse3, ssse3, sse4.1, sse4.2, popcnt, lzcnt, tsc, tscinvbit, avx, avx2, aes, erms, clmul, bmi1, bmi2, adx, avx512f, avx512dq, avx512cd, avx512bw, avx512vl, sha, fma, vzeroupper, avx512_vpopcntdq, avx512_vpclmulqdq, avx512_vaes, avx512_vnni, clflush, clflushopt, clwb, avx512_vbmi2, avx512_vbmi

Memory: 4k page, system-wide physical 7914M (1045M free)
TotalPageFile size 9190M (AvailPageFile size 5M)
current process WorkingSet (physical memory assigned to process): 245M, peak: 247M
current process commit charge ("private bytes"): 281M, peak: 285M

vm_info: OpenJDK 64-Bit Server VM (17.0.7+7) for windows-amd64 JRE (17.0.7+7), built on Apr 18 2023 22:10:42 by "temurin" with MS VC++ 16.7 (VS2019)

END.
