#
# There is insufficient memory for the Java Runtime Environment to continue.
# Native memory allocation (mmap) failed to map 90177536 bytes for G1 virtual space
# Possible reasons:
#   The system is out of physical RAM or swap space
#   The process is running with CompressedOops enabled, and the Java Heap may be blocking the growth of the native heap
# Possible solutions:
#   Reduce memory load on the system
#   Increase physical memory or swap space
#   Check if swap backing store is full
#   Decrease Java heap size (-Xmx/-Xms)
#   Decrease number of Java threads
#   Decrease Java thread stack sizes (-Xss)
#   Set larger code cache with -XX:ReservedCodeCacheSize=
#   JVM is running with Unscaled Compressed Oops mode in which the Java heap is
#     placed in the first 4GB address space. The Java Heap base address is the
#     maximum limit for the native heap growth. Please use -XX:HeapBaseMinAddress
#     to set the Java Heap base and to place the Java Heap above 4GB virtual address.
# This output file may be truncated or incomplete.
#
#  Out of Memory Error (os_windows.cpp:3559), pid=1376, tid=10480
#
# JRE version: OpenJDK Runtime Environment Temurin-17.0.7+7 (17.0.7+7) (build 17.0.7+7)
# Java VM: OpenJDK 64-Bit Server VM Temurin-17.0.7+7 (17.0.7+7, mixed mode, emulated-client, tiered, compressed oops, compressed class ptrs, g1 gc, windows-amd64)
# No core dump will be written. Minidumps are not enabled by default on client versions of Windows
#

---------------  S U M M A R Y ------------

Command Line: -XX:+HeapDumpOnOutOfMemoryError -Xmx1024m -Dsts.lsp.client=vscode -Dsts.log.file=/dev/null -XX:TieredStopAtLevel=1 -Xlog:jni+resolve=off -Dspring.config.location=file:c:\Users\ADMIN\.vscode\extensions\vmware.vscode-spring-boot-1.48.0\language-server\BOOT-INF\classes\application.properties org.springframework.ide.vscode.boot.app.BootLanguageServerBootApp

Host: 11th Gen Intel(R) Core(TM) i5-1135G7 @ 2.40GHz, 8 cores, 7G,  Windows 10 , 64 bit Build 18362 (10.0.18362.329)
Time: Fri Aug 18 16:13:55 2023 SE Asia Standard Time elapsed time: 6.800705 seconds (0d 0h 0m 6s)

---------------  T H R E A D  ---------------

Current thread (0x000002343b752550):  VMThread "VM Thread" [stack: 0x000000c337f00000,0x000000c338000000] [id=10480]

Stack: [0x000000c337f00000,0x000000c338000000]
Native frames: (J=compiled Java code, j=interpreted, Vv=VM code, C=native code)
V  [jvm.dll+0x67754a]
V  [jvm.dll+0x834304]
V  [jvm.dll+0x835aae]
V  [jvm.dll+0x836113]
V  [jvm.dll+0x24696f]
V  [jvm.dll+0x6743f9]
V  [jvm.dll+0x668c8a]
V  [jvm.dll+0x3061bb]
V  [jvm.dll+0x30d6a6]
V  [jvm.dll+0x35cece]
V  [jvm.dll+0x35d0ff]
V  [jvm.dll+0x2dd048]
V  [jvm.dll+0x2db20c]
V  [jvm.dll+0x2da7dc]
V  [jvm.dll+0x31e6db]
V  [jvm.dll+0x83a5bb]
V  [jvm.dll+0x83b2f4]
V  [jvm.dll+0x83b80c]
V  [jvm.dll+0x83bbe4]
V  [jvm.dll+0x83bcb0]
V  [jvm.dll+0x7e4e7a]
V  [jvm.dll+0x676395]
C  [ucrtbase.dll+0x20e72]
C  [KERNEL32.DLL+0x17bd4]
C  [ntdll.dll+0x6ced1]

VM_Operation (0x000000c33b1f8490): G1CollectForAllocation, mode: safepoint, requested by thread 0x00000234411a02d0


---------------  P R O C E S S  ---------------

Threads class SMR info:
_java_thread_list=0x00000234406e4a20, length=47, elements={
0x000002343b7733a0, 0x000002343b773d50, 0x000002343b8c95c0, 0x000002343b8c9f70,
0x000002343b8ca920, 0x000002343b8cfac0, 0x000002343b8ce6e0, 0x000002343b7a77b0,
0x000002343bad24c0, 0x000002343badf2e0, 0x000002343bae7390, 0x000002343baf4e80,
0x0000023440c2fe50, 0x0000023440668030, 0x00000234411c80a0, 0x000002343b9f5040,
0x00000234412b7fe0, 0x000002342e9b85d0, 0x00000234412e1630, 0x000002344139c7f0,
0x00000234413accd0, 0x00000234413ad1a0, 0x00000234413ad670, 0x00000234413bc4a0,
0x00000234413bdcb0, 0x00000234413be650, 0x00000234413bc970, 0x00000234413beff0,
0x00000234413bd310, 0x00000234413be180, 0x00000234413bce40, 0x00000234413beb20,
0x00000234413bf4c0, 0x00000234413bf990, 0x00000234413bbfd0, 0x00000234413bd7e0,
0x00000234411a1fb0, 0x00000234411a4b00, 0x00000234411a07a0, 0x00000234411a1ae0,
0x000002344119f930, 0x00000234411a02d0, 0x00000234411a37c0, 0x00000234411a4160,
0x00000234411a5e40, 0x00000234411a1610, 0x00000234411a3c90
}

Java Threads: ( => current thread )
  0x000002343b7733a0 JavaThread "Reference Handler" daemon [_thread_blocked, id=10708, stack(0x000000c338000000,0x000000c338100000)]
  0x000002343b773d50 JavaThread "Finalizer" daemon [_thread_blocked, id=2960, stack(0x000000c338100000,0x000000c338200000)]
  0x000002343b8c95c0 JavaThread "Signal Dispatcher" daemon [_thread_blocked, id=11704, stack(0x000000c338200000,0x000000c338300000)]
  0x000002343b8c9f70 JavaThread "Attach Listener" daemon [_thread_blocked, id=13880, stack(0x000000c338300000,0x000000c338400000)]
  0x000002343b8ca920 JavaThread "Service Thread" daemon [_thread_blocked, id=4420, stack(0x000000c338400000,0x000000c338500000)]
  0x000002343b8cfac0 JavaThread "Monitor Deflation Thread" daemon [_thread_blocked, id=7740, stack(0x000000c338500000,0x000000c338600000)]
  0x000002343b8ce6e0 JavaThread "C1 CompilerThread0" daemon [_thread_blocked, id=10532, stack(0x000000c338600000,0x000000c338700000)]
  0x000002343b7a77b0 JavaThread "Sweeper thread" daemon [_thread_blocked, id=9084, stack(0x000000c338700000,0x000000c338800000)]
  0x000002343bad24c0 JavaThread "C1 CompilerThread1" daemon [_thread_blocked, id=14784, stack(0x000000c338800000,0x000000c338900000)]
  0x000002343badf2e0 JavaThread "C1 CompilerThread2" daemon [_thread_blocked, id=6628, stack(0x000000c338900000,0x000000c338a00000)]
  0x000002343bae7390 JavaThread "Notification Thread" daemon [_thread_blocked, id=7784, stack(0x000000c338a00000,0x000000c338b00000)]
  0x000002343baf4e80 JavaThread "Common-Cleaner" daemon [_thread_blocked, id=11768, stack(0x000000c338c00000,0x000000c338d00000)]
  0x0000023440c2fe50 JavaThread "C1 CompilerThread3" daemon [_thread_blocked, id=6860, stack(0x000000c339500000,0x000000c339600000)]
  0x0000023440668030 JavaThread "boundedElastic-evictor-1" daemon [_thread_blocked, id=15884, stack(0x000000c339400000,0x000000c339500000)]
  0x00000234411c80a0 JavaThread "boundedElastic-evictor-2" daemon [_thread_blocked, id=2156, stack(0x000000c339700000,0x000000c339800000)]
  0x000002343b9f5040 JavaThread "pool-11-thread-1" [_thread_blocked, id=14720, stack(0x000000c339800000,0x000000c339900000)]
  0x00000234412b7fe0 JavaThread "LanguageServerApp-lifecycle" [_thread_blocked, id=2980, stack(0x000000c339900000,0x000000c339a00000)]
  0x000002342e9b85d0 JavaThread "DestroyJavaVM" [_thread_blocked, id=11128, stack(0x000000c337900000,0x000000c337a00000)]
  0x00000234412e1630 JavaThread "pool-12-thread-1" [_thread_in_native, id=11320, stack(0x000000c339a00000,0x000000c339b00000)]
  0x000002344139c7f0 JavaThread "Simple-Language-Server main thread" daemon [_thread_blocked, id=13568, stack(0x000000c339b00000,0x000000c339c00000)]
  0x00000234413accd0 JavaThread "pool-3-thread-1" [_thread_blocked, id=3160, stack(0x000000c339c00000,0x000000c339d00000)]
  0x00000234413ad1a0 JavaThread "pool-3-thread-2" [_thread_blocked, id=10640, stack(0x000000c339d00000,0x000000c339e00000)]
  0x00000234413ad670 JavaThread "pool-3-thread-3" [_thread_blocked, id=8852, stack(0x000000c339e00000,0x000000c339f00000)]
  0x00000234413bc4a0 JavaThread "pool-7-thread-1" [_thread_blocked, id=5496, stack(0x000000c339f00000,0x000000c33a000000)]
  0x00000234413bdcb0 JavaThread "ForkJoinPool.commonPool-worker-1" daemon [_thread_blocked, id=208, stack(0x000000c33a000000,0x000000c33a100000)]
  0x00000234413be650 JavaThread "ClassGraph-worker-0" daemon [_thread_blocked, id=10676, stack(0x000000c33a100000,0x000000c33a200000)]
  0x00000234413bc970 JavaThread "ClassGraph-worker-1" daemon [_thread_blocked, id=6132, stack(0x000000c33a200000,0x000000c33a300000)]
  0x00000234413beff0 JavaThread "ClassGraph-worker-2" daemon [_thread_blocked, id=2332, stack(0x000000c33a300000,0x000000c33a400000)]
  0x00000234413bd310 JavaThread "ClassGraph-worker-3" daemon [_thread_blocked, id=7892, stack(0x000000c33a400000,0x000000c33a500000)]
  0x00000234413be180 JavaThread "ClassGraph-worker-4" daemon [_thread_blocked, id=4896, stack(0x000000c33a500000,0x000000c33a600000)]
  0x00000234413bce40 JavaThread "ClassGraph-worker-5" daemon [_thread_blocked, id=4352, stack(0x000000c33a600000,0x000000c33a700000)]
  0x00000234413beb20 JavaThread "ClassGraph-worker-6" daemon [_thread_blocked, id=15620, stack(0x000000c33a700000,0x000000c33a800000)]
  0x00000234413bf4c0 JavaThread "ClassGraph-worker-7" daemon [_thread_blocked, id=1840, stack(0x000000c33a800000,0x000000c33a900000)]
  0x00000234413bf990 JavaThread "ClassGraph-worker-8" daemon [_thread_blocked, id=956, stack(0x000000c33a900000,0x000000c33aa00000)]
  0x00000234413bbfd0 JavaThread "ClassGraph-worker-9" daemon [_thread_blocked, id=11480, stack(0x000000c33aa00000,0x000000c33ab00000)]
  0x00000234413bd7e0 JavaThread "ClassGraph-worker-10" daemon [_thread_blocked, id=6208, stack(0x000000c33ab00000,0x000000c33ac00000)]
  0x00000234411a1fb0 JavaThread "ClassGraph-worker-11" daemon [_thread_blocked, id=2516, stack(0x000000c33ac00000,0x000000c33ad00000)]
  0x00000234411a4b00 JavaThread "ClassGraph-worker-12" daemon [_thread_blocked, id=2236, stack(0x000000c33ad00000,0x000000c33ae00000)]
  0x00000234411a07a0 JavaThread "ClassGraph-worker-13" daemon [_thread_blocked, id=14312, stack(0x000000c33ae00000,0x000000c33af00000)]
  0x00000234411a1ae0 JavaThread "parallel-1" daemon [_thread_blocked, id=3124, stack(0x000000c33af00000,0x000000c33b000000)]
  0x000002344119f930 JavaThread "pool-4-thread-1" [_thread_blocked, id=15724, stack(0x000000c33b000000,0x000000c33b100000)]
  0x00000234411a02d0 JavaThread "ForkJoinPool.commonPool-worker-2" daemon [_thread_blocked, id=16184, stack(0x000000c33b100000,0x000000c33b200000)]
  0x00000234411a37c0 JavaThread "pool-5-thread-1" [_thread_blocked, id=10468, stack(0x000000c33b200000,0x000000c33b300000)]
  0x00000234411a4160 JavaThread "parallel-2" daemon [_thread_blocked, id=3980, stack(0x000000c33b300000,0x000000c33b400000)]
  0x00000234411a5e40 JavaThread "pool-4-thread-2" [_thread_blocked, id=2724, stack(0x000000c33b400000,0x000000c33b500000)]
  0x00000234411a1610 JavaThread "pool-4-thread-3" [_thread_blocked, id=14912, stack(0x000000c33b700000,0x000000c33b800000)]
  0x00000234411a3c90 JavaThread "ForkJoinPool.commonPool-worker-3" daemon [_thread_blocked, id=15612, stack(0x000000c33b800000,0x000000c33b900000)]

Other Threads:
=>0x000002343b752550 VMThread "VM Thread" [stack: 0x000000c337f00000,0x000000c338000000] [id=10480]
  0x000002343bae1820 WatcherThread [stack: 0x000000c338b00000,0x000000c338c00000] [id=13436]
  0x000002342e9f59d0 GCTaskThread "GC Thread#0" [stack: 0x000000c337a00000,0x000000c337b00000] [id=11724]
  0x00000234407dda80 GCTaskThread "GC Thread#1" [stack: 0x000000c338d00000,0x000000c338e00000] [id=10304]
  0x00000234408515a0 GCTaskThread "GC Thread#2" [stack: 0x000000c338e00000,0x000000c338f00000] [id=8724]
  0x0000023440851850 GCTaskThread "GC Thread#3" [stack: 0x000000c338f00000,0x000000c339000000] [id=2732]
  0x0000023440a8ea20 GCTaskThread "GC Thread#4" [stack: 0x000000c339000000,0x000000c339100000] [id=13344]
  0x0000023440a8ecd0 GCTaskThread "GC Thread#5" [stack: 0x000000c339100000,0x000000c339200000] [id=6496]
  0x0000023440a8f390 GCTaskThread "GC Thread#6" [stack: 0x000000c339200000,0x000000c339300000] [id=11196]
  0x0000023440a8f640 GCTaskThread "GC Thread#7" [stack: 0x000000c339300000,0x000000c339400000] [id=13952]
  0x000002342e9fe910 ConcurrentGCThread "G1 Main Marker" [stack: 0x000000c337b00000,0x000000c337c00000] [id=10196]
  0x000002342e9ff320 ConcurrentGCThread "G1 Conc#0" [stack: 0x000000c337c00000,0x000000c337d00000] [id=10564]
  0x0000023440cba720 ConcurrentGCThread "G1 Conc#1" [stack: 0x000000c339600000,0x000000c339700000] [id=1072]
  0x000002343b5c0090 ConcurrentGCThread "G1 Refine#0" [stack: 0x000000c337d00000,0x000000c337e00000] [id=6536]
  0x00000234413f6810 ConcurrentGCThread "G1 Refine#1" [stack: 0x000000c33b500000,0x000000c33b600000] [id=2740]
  0x0000023441421c00 ConcurrentGCThread "G1 Refine#2" [stack: 0x000000c33b600000,0x000000c33b700000] [id=10004]
  0x000002343b5c0ab0 ConcurrentGCThread "G1 Service" [stack: 0x000000c337e00000,0x000000c337f00000] [id=13820]

Threads with active compile tasks:

VM state: at safepoint (normal execution)

VM Mutex/Monitor currently owned by a thread:  ([mutex/lock_event])
[0x000002342e9b52c0] Threads_lock - owner thread: 0x000002343b752550
[0x000002342e9b5620] Heap_lock - owner thread: 0x00000234411a02d0

Heap address: 0x00000000c0000000, size: 1024 MB, Compressed Oops mode: 32-bit

CDS archive(s) not mapped
Compressed class space mapped at: 0x0000000100000000-0x0000000140000000, reserved size: 1073741824
Narrow klass base: 0x0000000000000000, Narrow klass shift: 3, Narrow klass range: 0x140000000

GC Precious Log:
 CPUs: 8 total, 8 available
 Memory: 7914M
 Large Page Support: Disabled
 NUMA Support: Disabled
 Compressed Oops: Enabled (32-bit)
 Heap Region Size: 1M
 Heap Min Capacity: 8M
 Heap Initial Capacity: 124M
 Heap Max Capacity: 1G
 Pre-touch: Disabled
 Parallel Workers: 8
 Concurrent Workers: 2
 Concurrent Refinement Workers: 8
 Periodic GC: Disabled

Heap:
 garbage-first heap   total 126976K, used 56279K [0x00000000c0000000, 0x0000000100000000)
  region size 1024K, 5 young (5120K), 5 survivors (5120K)
 Metaspace       used 42092K, committed 42560K, reserved 1114112K
  class space    used 5486K, committed 5696K, reserved 1048576K

Heap Regions: E=young(eden), S=young(survivor), O=old, HS=humongous(starts), HC=humongous(continues), CS=collection set, F=free, OA=open archive, CA=closed archive, TAMS=top-at-mark-start (previous, next)
|   0|0x00000000c0000000, 0x00000000c0100000, 0x00000000c0100000|100%| O|  |TAMS 0x00000000c0100000, 0x00000000c0000000| Untracked 
|   1|0x00000000c0100000, 0x00000000c0200000, 0x00000000c0200000|100%| O|  |TAMS 0x00000000c0200000, 0x00000000c0100000| Untracked 
|   2|0x00000000c0200000, 0x00000000c0300000, 0x00000000c0300000|100%| O|  |TAMS 0x00000000c0300000, 0x00000000c0200000| Untracked 
|   3|0x00000000c0300000, 0x00000000c0400000, 0x00000000c0400000|100%| O|  |TAMS 0x00000000c0400000, 0x00000000c0300000| Untracked 
|   4|0x00000000c0400000, 0x00000000c0500000, 0x00000000c0500000|100%| O|  |TAMS 0x00000000c0500000, 0x00000000c0400000| Untracked 
|   5|0x00000000c0500000, 0x00000000c0600000, 0x00000000c0600000|100%| O|  |TAMS 0x00000000c0600000, 0x00000000c0500000| Untracked 
|   6|0x00000000c0600000, 0x00000000c0700000, 0x00000000c0700000|100%| O|  |TAMS 0x00000000c0700000, 0x00000000c0600000| Untracked 
|   7|0x00000000c0700000, 0x00000000c0800000, 0x00000000c0800000|100%| O|  |TAMS 0x00000000c0800000, 0x00000000c0700000| Untracked 
|   8|0x00000000c0800000, 0x00000000c0900000, 0x00000000c0900000|100%| O|  |TAMS 0x00000000c0900000, 0x00000000c0800000| Untracked 
|   9|0x00000000c0900000, 0x00000000c0a00000, 0x00000000c0a00000|100%| O|  |TAMS 0x00000000c0a00000, 0x00000000c0900000| Untracked 
|  10|0x00000000c0a00000, 0x00000000c0b00000, 0x00000000c0b00000|100%| O|  |TAMS 0x00000000c0b00000, 0x00000000c0a00000| Untracked 
|  11|0x00000000c0b00000, 0x00000000c0c00000, 0x00000000c0c00000|100%| O|  |TAMS 0x00000000c0c00000, 0x00000000c0b00000| Untracked 
|  12|0x00000000c0c00000, 0x00000000c0d00000, 0x00000000c0d00000|100%| O|  |TAMS 0x00000000c0d00000, 0x00000000c0c00000| Untracked 
|  13|0x00000000c0d00000, 0x00000000c0e00000, 0x00000000c0e00000|100%| O|  |TAMS 0x00000000c0e00000, 0x00000000c0d00000| Untracked 
|  14|0x00000000c0e00000, 0x00000000c0f00000, 0x00000000c0f00000|100%| O|  |TAMS 0x00000000c0f00000, 0x00000000c0e00000| Untracked 
|  15|0x00000000c0f00000, 0x00000000c1000000, 0x00000000c1000000|100%| O|  |TAMS 0x00000000c1000000, 0x00000000c0f00000| Untracked 
|  16|0x00000000c1000000, 0x00000000c1100000, 0x00000000c1100000|100%| O|  |TAMS 0x00000000c1100000, 0x00000000c1000000| Untracked 
|  17|0x00000000c1100000, 0x00000000c1200000, 0x00000000c1200000|100%| O|  |TAMS 0x00000000c112de00, 0x00000000c1100000| Untracked 
|  18|0x00000000c1200000, 0x00000000c1300000, 0x00000000c1300000|100%| O|  |TAMS 0x00000000c1200000, 0x00000000c1200000| Untracked 
|  19|0x00000000c1300000, 0x00000000c1400000, 0x00000000c1400000|100%| O|  |TAMS 0x00000000c1300000, 0x00000000c1300000| Untracked 
|  20|0x00000000c1400000, 0x00000000c1500000, 0x00000000c1500000|100%| O|  |TAMS 0x00000000c1400000, 0x00000000c1400000| Untracked 
|  21|0x00000000c1500000, 0x00000000c1600000, 0x00000000c1600000|100%| O|  |TAMS 0x00000000c1500000, 0x00000000c1500000| Untracked 
|  22|0x00000000c1600000, 0x00000000c1700000, 0x00000000c1700000|100%| O|  |TAMS 0x00000000c1600000, 0x00000000c1600000| Untracked 
|  23|0x00000000c1700000, 0x00000000c1800000, 0x00000000c1800000|100%| O|  |TAMS 0x00000000c1700000, 0x00000000c1700000| Untracked 
|  24|0x00000000c1800000, 0x00000000c1900000, 0x00000000c1900000|100%| O|  |TAMS 0x00000000c1800000, 0x00000000c1800000| Untracked 
|  25|0x00000000c1900000, 0x00000000c1a00000, 0x00000000c1a00000|100%| O|  |TAMS 0x00000000c1900000, 0x00000000c1900000| Untracked 
|  26|0x00000000c1a00000, 0x00000000c1b00000, 0x00000000c1b00000|100%| O|  |TAMS 0x00000000c1a00000, 0x00000000c1a00000| Untracked 
|  27|0x00000000c1b00000, 0x00000000c1c00000, 0x00000000c1c00000|100%| O|  |TAMS 0x00000000c1b00000, 0x00000000c1b00000| Untracked 
|  28|0x00000000c1c00000, 0x00000000c1d00000, 0x00000000c1d00000|100%| O|  |TAMS 0x00000000c1c00000, 0x00000000c1c00000| Untracked 
|  29|0x00000000c1d00000, 0x00000000c1e00000, 0x00000000c1e00000|100%| O|  |TAMS 0x00000000c1d00000, 0x00000000c1d00000| Untracked 
|  30|0x00000000c1e00000, 0x00000000c1f00000, 0x00000000c1f00000|100%| O|  |TAMS 0x00000000c1e00000, 0x00000000c1e00000| Untracked 
|  31|0x00000000c1f00000, 0x00000000c2000000, 0x00000000c2000000|100%| O|  |TAMS 0x00000000c1f00000, 0x00000000c1f00000| Untracked 
|  32|0x00000000c2000000, 0x00000000c2100000, 0x00000000c2100000|100%| O|  |TAMS 0x00000000c2000000, 0x00000000c2000000| Untracked 
|  33|0x00000000c2100000, 0x00000000c2200000, 0x00000000c2200000|100%| O|  |TAMS 0x00000000c2100000, 0x00000000c2100000| Untracked 
|  34|0x00000000c2200000, 0x00000000c2300000, 0x00000000c2300000|100%| O|  |TAMS 0x00000000c2200000, 0x00000000c2200000| Untracked 
|  35|0x00000000c2300000, 0x00000000c2400000, 0x00000000c2400000|100%| O|  |TAMS 0x00000000c2300000, 0x00000000c2300000| Untracked 
|  36|0x00000000c2400000, 0x00000000c2500000, 0x00000000c2500000|100%| O|  |TAMS 0x00000000c2400000, 0x00000000c2400000| Untracked 
|  37|0x00000000c2500000, 0x00000000c2600000, 0x00000000c2600000|100%| O|  |TAMS 0x00000000c2500000, 0x00000000c2500000| Untracked 
|  38|0x00000000c2600000, 0x00000000c2700000, 0x00000000c2700000|100%| O|  |TAMS 0x00000000c2600000, 0x00000000c2600000| Untracked 
|  39|0x00000000c2700000, 0x00000000c2800000, 0x00000000c2800000|100%| O|  |TAMS 0x00000000c2700000, 0x00000000c2700000| Untracked 
|  40|0x00000000c2800000, 0x00000000c2900000, 0x00000000c2900000|100%| O|  |TAMS 0x00000000c2800000, 0x00000000c2800000| Untracked 
|  41|0x00000000c2900000, 0x00000000c2a00000, 0x00000000c2a00000|100%| O|  |TAMS 0x00000000c2900000, 0x00000000c2900000| Untracked 
|  42|0x00000000c2a00000, 0x00000000c2b00000, 0x00000000c2b00000|100%| O|  |TAMS 0x00000000c2a00000, 0x00000000c2a00000| Untracked 
|  43|0x00000000c2b00000, 0x00000000c2c00000, 0x00000000c2c00000|100%| O|  |TAMS 0x00000000c2b00000, 0x00000000c2b00000| Untracked 
|  44|0x00000000c2c00000, 0x00000000c2d00000, 0x00000000c2d00000|100%| O|  |TAMS 0x00000000c2c00000, 0x00000000c2c00000| Untracked 
|  45|0x00000000c2d00000, 0x00000000c2e00000, 0x00000000c2e00000|100%| O|  |TAMS 0x00000000c2d00000, 0x00000000c2d00000| Untracked 
|  46|0x00000000c2e00000, 0x00000000c2f00000, 0x00000000c2f00000|100%| O|  |TAMS 0x00000000c2e00000, 0x00000000c2e00000| Untracked 
|  47|0x00000000c2f00000, 0x00000000c3000000, 0x00000000c3000000|100%| O|  |TAMS 0x00000000c2f00000, 0x00000000c2f00000| Untracked 
|  48|0x00000000c3000000, 0x00000000c3100000, 0x00000000c3100000|100%| O|  |TAMS 0x00000000c3000000, 0x00000000c3000000| Untracked 
|  49|0x00000000c3100000, 0x00000000c31f5c00, 0x00000000c3200000| 95%| O|  |TAMS 0x00000000c3100000, 0x00000000c3100000| Untracked 
|  50|0x00000000c3200000, 0x00000000c3200000, 0x00000000c3300000|  0%| F|  |TAMS 0x00000000c3200000, 0x00000000c3200000| Untracked 
|  51|0x00000000c3300000, 0x00000000c3300000, 0x00000000c3400000|  0%| F|  |TAMS 0x00000000c3300000, 0x00000000c3300000| Untracked 
|  52|0x00000000c3400000, 0x00000000c3400000, 0x00000000c3500000|  0%| F|  |TAMS 0x00000000c3400000, 0x00000000c3400000| Untracked 
|  53|0x00000000c3500000, 0x00000000c3500000, 0x00000000c3600000|  0%| F|  |TAMS 0x00000000c3500000, 0x00000000c3500000| Untracked 
|  54|0x00000000c3600000, 0x00000000c3600000, 0x00000000c3700000|  0%| F|  |TAMS 0x00000000c3600000, 0x00000000c3600000| Untracked 
|  55|0x00000000c3700000, 0x00000000c3700000, 0x00000000c3800000|  0%| F|  |TAMS 0x00000000c3700000, 0x00000000c3700000| Untracked 
|  56|0x00000000c3800000, 0x00000000c3800000, 0x00000000c3900000|  0%| F|  |TAMS 0x00000000c3800000, 0x00000000c3800000| Untracked 
|  57|0x00000000c3900000, 0x00000000c3900000, 0x00000000c3a00000|  0%| F|  |TAMS 0x00000000c3900000, 0x00000000c3900000| Untracked 
|  58|0x00000000c3a00000, 0x00000000c3a00000, 0x00000000c3b00000|  0%| F|  |TAMS 0x00000000c3a00000, 0x00000000c3a00000| Untracked 
|  59|0x00000000c3b00000, 0x00000000c3b00000, 0x00000000c3c00000|  0%| F|  |TAMS 0x00000000c3b00000, 0x00000000c3b00000| Untracked 
|  60|0x00000000c3c00000, 0x00000000c3c00000, 0x00000000c3d00000|  0%| F|  |TAMS 0x00000000c3c00000, 0x00000000c3c00000| Untracked 
|  61|0x00000000c3d00000, 0x00000000c3d00000, 0x00000000c3e00000|  0%| F|  |TAMS 0x00000000c3d00000, 0x00000000c3d00000| Untracked 
|  62|0x00000000c3e00000, 0x00000000c3e00000, 0x00000000c3f00000|  0%| F|  |TAMS 0x00000000c3e00000, 0x00000000c3e00000| Untracked 
|  63|0x00000000c3f00000, 0x00000000c3f00000, 0x00000000c4000000|  0%| F|  |TAMS 0x00000000c3f00000, 0x00000000c3f00000| Untracked 
|  64|0x00000000c4000000, 0x00000000c4000000, 0x00000000c4100000|  0%| F|  |TAMS 0x00000000c4000000, 0x00000000c4000000| Untracked 
|  65|0x00000000c4100000, 0x00000000c4100000, 0x00000000c4200000|  0%| F|  |TAMS 0x00000000c4100000, 0x00000000c4100000| Untracked 
|  66|0x00000000c4200000, 0x00000000c4200000, 0x00000000c4300000|  0%| F|  |TAMS 0x00000000c4200000, 0x00000000c4200000| Untracked 
|  67|0x00000000c4300000, 0x00000000c4300000, 0x00000000c4400000|  0%| F|  |TAMS 0x00000000c4300000, 0x00000000c4300000| Untracked 
|  68|0x00000000c4400000, 0x00000000c4400000, 0x00000000c4500000|  0%| F|  |TAMS 0x00000000c4400000, 0x00000000c4400000| Untracked 
|  69|0x00000000c4500000, 0x00000000c4500000, 0x00000000c4600000|  0%| F|  |TAMS 0x00000000c4500000, 0x00000000c4500000| Untracked 
|  70|0x00000000c4600000, 0x00000000c4600000, 0x00000000c4700000|  0%| F|  |TAMS 0x00000000c4600000, 0x00000000c4600000| Untracked 
|  71|0x00000000c4700000, 0x00000000c4800000, 0x00000000c4800000|100%| S|CS|TAMS 0x00000000c4700000, 0x00000000c4700000| Complete 
|  72|0x00000000c4800000, 0x00000000c4900000, 0x00000000c4900000|100%| S|CS|TAMS 0x00000000c4800000, 0x00000000c4800000| Complete 
|  73|0x00000000c4900000, 0x00000000c4a00000, 0x00000000c4a00000|100%| S|CS|TAMS 0x00000000c4900000, 0x00000000c4900000| Complete 
|  74|0x00000000c4a00000, 0x00000000c4b00000, 0x00000000c4b00000|100%| S|CS|TAMS 0x00000000c4a00000, 0x00000000c4a00000| Complete 
|  75|0x00000000c4b00000, 0x00000000c4c00000, 0x00000000c4c00000|100%| S|CS|TAMS 0x00000000c4b00000, 0x00000000c4b00000| Complete 
|  76|0x00000000c4c00000, 0x00000000c4c00000, 0x00000000c4d00000|  0%| F|  |TAMS 0x00000000c4c00000, 0x00000000c4c00000| Untracked 
|  77|0x00000000c4d00000, 0x00000000c4d00000, 0x00000000c4e00000|  0%| F|  |TAMS 0x00000000c4d00000, 0x00000000c4d00000| Untracked 
|  78|0x00000000c4e00000, 0x00000000c4e00000, 0x00000000c4f00000|  0%| F|  |TAMS 0x00000000c4e00000, 0x00000000c4e00000| Untracked 
|  79|0x00000000c4f00000, 0x00000000c4f00000, 0x00000000c5000000|  0%| F|  |TAMS 0x00000000c4f00000, 0x00000000c4f00000| Untracked 
|  80|0x00000000c5000000, 0x00000000c5000000, 0x00000000c5100000|  0%| F|  |TAMS 0x00000000c5000000, 0x00000000c5000000| Untracked 
|  81|0x00000000c5100000, 0x00000000c5100000, 0x00000000c5200000|  0%| F|  |TAMS 0x00000000c5100000, 0x00000000c5100000| Untracked 
|  82|0x00000000c5200000, 0x00000000c5200000, 0x00000000c5300000|  0%| F|  |TAMS 0x00000000c5200000, 0x00000000c5200000| Untracked 
|  83|0x00000000c5300000, 0x00000000c5300000, 0x00000000c5400000|  0%| F|  |TAMS 0x00000000c5300000, 0x00000000c5300000| Untracked 
|  84|0x00000000c5400000, 0x00000000c5400000, 0x00000000c5500000|  0%| F|  |TAMS 0x00000000c5400000, 0x00000000c5400000| Untracked 
|  85|0x00000000c5500000, 0x00000000c5500000, 0x00000000c5600000|  0%| F|  |TAMS 0x00000000c5500000, 0x00000000c5500000| Untracked 
|  86|0x00000000c5600000, 0x00000000c5600000, 0x00000000c5700000|  0%| F|  |TAMS 0x00000000c5600000, 0x00000000c5600000| Untracked 
|  87|0x00000000c5700000, 0x00000000c5700000, 0x00000000c5800000|  0%| F|  |TAMS 0x00000000c5700000, 0x00000000c5700000| Untracked 
|  88|0x00000000c5800000, 0x00000000c5800000, 0x00000000c5900000|  0%| F|  |TAMS 0x00000000c5800000, 0x00000000c5800000| Untracked 
|  89|0x00000000c5900000, 0x00000000c5900000, 0x00000000c5a00000|  0%| F|  |TAMS 0x00000000c5900000, 0x00000000c5900000| Untracked 
|  90|0x00000000c5a00000, 0x00000000c5a00000, 0x00000000c5b00000|  0%| F|  |TAMS 0x00000000c5a00000, 0x00000000c5a00000| Untracked 
|  91|0x00000000c5b00000, 0x00000000c5b00000, 0x00000000c5c00000|  0%| F|  |TAMS 0x00000000c5b00000, 0x00000000c5b00000| Untracked 
|  92|0x00000000c5c00000, 0x00000000c5c00000, 0x00000000c5d00000|  0%| F|  |TAMS 0x00000000c5c00000, 0x00000000c5c00000| Untracked 
|  93|0x00000000c5d00000, 0x00000000c5d00000, 0x00000000c5e00000|  0%| F|  |TAMS 0x00000000c5d00000, 0x00000000c5d00000| Untracked 
|  94|0x00000000c5e00000, 0x00000000c5e00000, 0x00000000c5f00000|  0%| F|  |TAMS 0x00000000c5e00000, 0x00000000c5e00000| Untracked 
|  95|0x00000000c5f00000, 0x00000000c5f00000, 0x00000000c6000000|  0%| F|  |TAMS 0x00000000c5f00000, 0x00000000c5f00000| Untracked 
|  96|0x00000000c6000000, 0x00000000c6000000, 0x00000000c6100000|  0%| F|  |TAMS 0x00000000c6000000, 0x00000000c6000000| Untracked 
|  97|0x00000000c6100000, 0x00000000c6100000, 0x00000000c6200000|  0%| F|  |TAMS 0x00000000c6100000, 0x00000000c6100000| Untracked 
|  98|0x00000000c6200000, 0x00000000c6200000, 0x00000000c6300000|  0%| F|  |TAMS 0x00000000c6200000, 0x00000000c6200000| Untracked 
|  99|0x00000000c6300000, 0x00000000c6300000, 0x00000000c6400000|  0%| F|  |TAMS 0x00000000c6300000, 0x00000000c6300000| Untracked 
| 100|0x00000000c6400000, 0x00000000c6400000, 0x00000000c6500000|  0%| F|  |TAMS 0x00000000c6400000, 0x00000000c6400000| Untracked 
| 101|0x00000000c6500000, 0x00000000c6500000, 0x00000000c6600000|  0%| F|  |TAMS 0x00000000c6500000, 0x00000000c6500000| Untracked 
| 102|0x00000000c6600000, 0x00000000c6600000, 0x00000000c6700000|  0%| F|  |TAMS 0x00000000c6600000, 0x00000000c6600000| Untracked 
| 103|0x00000000c6700000, 0x00000000c6700000, 0x00000000c6800000|  0%| F|  |TAMS 0x00000000c6700000, 0x00000000c6700000| Untracked 
| 104|0x00000000c6800000, 0x00000000c6800000, 0x00000000c6900000|  0%| F|  |TAMS 0x00000000c6800000, 0x00000000c6800000| Untracked 
| 105|0x00000000c6900000, 0x00000000c6900000, 0x00000000c6a00000|  0%| F|  |TAMS 0x00000000c6900000, 0x00000000c6900000| Untracked 
| 106|0x00000000c6a00000, 0x00000000c6a00000, 0x00000000c6b00000|  0%| F|  |TAMS 0x00000000c6a00000, 0x00000000c6a00000| Untracked 
| 107|0x00000000c6b00000, 0x00000000c6b00000, 0x00000000c6c00000|  0%| F|  |TAMS 0x00000000c6b00000, 0x00000000c6b00000| Untracked 
| 108|0x00000000c6c00000, 0x00000000c6c00000, 0x00000000c6d00000|  0%| F|  |TAMS 0x00000000c6c00000, 0x00000000c6c00000| Untracked 
| 109|0x00000000c6d00000, 0x00000000c6d00000, 0x00000000c6e00000|  0%| F|  |TAMS 0x00000000c6d00000, 0x00000000c6d00000| Untracked 
| 110|0x00000000c6e00000, 0x00000000c6e00000, 0x00000000c6f00000|  0%| F|  |TAMS 0x00000000c6e00000, 0x00000000c6e00000| Untracked 
| 111|0x00000000c6f00000, 0x00000000c6f00000, 0x00000000c7000000|  0%| F|  |TAMS 0x00000000c6f00000, 0x00000000c6f00000| Untracked 
| 112|0x00000000c7000000, 0x00000000c7000000, 0x00000000c7100000|  0%| F|  |TAMS 0x00000000c7000000, 0x00000000c7000000| Untracked 
| 113|0x00000000c7100000, 0x00000000c7100000, 0x00000000c7200000|  0%| F|  |TAMS 0x00000000c7100000, 0x00000000c7100000| Untracked 
| 114|0x00000000c7200000, 0x00000000c7200000, 0x00000000c7300000|  0%| F|  |TAMS 0x00000000c7200000, 0x00000000c7200000| Untracked 
| 115|0x00000000c7300000, 0x00000000c7300000, 0x00000000c7400000|  0%| F|  |TAMS 0x00000000c7300000, 0x00000000c7300000| Untracked 
| 116|0x00000000c7400000, 0x00000000c7400000, 0x00000000c7500000|  0%| F|  |TAMS 0x00000000c7400000, 0x00000000c7400000| Untracked 
| 117|0x00000000c7500000, 0x00000000c7500000, 0x00000000c7600000|  0%| F|  |TAMS 0x00000000c7500000, 0x00000000c7500000| Untracked 
| 118|0x00000000c7600000, 0x00000000c7600000, 0x00000000c7700000|  0%| F|  |TAMS 0x00000000c7600000, 0x00000000c7600000| Untracked 
| 119|0x00000000c7700000, 0x00000000c7700000, 0x00000000c7800000|  0%| F|  |TAMS 0x00000000c7700000, 0x00000000c7700000| Untracked 
| 120|0x00000000c7800000, 0x00000000c7800000, 0x00000000c7900000|  0%| F|  |TAMS 0x00000000c7800000, 0x00000000c7800000| Untracked 
| 121|0x00000000c7900000, 0x00000000c7900000, 0x00000000c7a00000|  0%| F|  |TAMS 0x00000000c7900000, 0x00000000c7900000| Untracked 
| 122|0x00000000c7a00000, 0x00000000c7a00000, 0x00000000c7b00000|  0%| F|  |TAMS 0x00000000c7a00000, 0x00000000c7a00000| Untracked 
| 123|0x00000000c7b00000, 0x00000000c7b00000, 0x00000000c7c00000|  0%| F|  |TAMS 0x00000000c7b00000, 0x00000000c7b00000| Untracked 

Card table byte_map: [0x00000234368e0000,0x0000023436ae0000] _byte_map_base: 0x00000234362e0000

Marking Bits (Prev, Next): (CMBitMap*) 0x000002342e9f5fe0, (CMBitMap*) 0x000002342e9f6020
 Prev Bits: [0x0000023436ce0000, 0x0000023437ce0000)
 Next Bits: [0x0000023437ce0000, 0x0000023438ce0000)

Polling page: 0x000002342ea70000

Metaspace:

Usage:
  Non-class:     35.75 MB used.
      Class:      5.36 MB used.
       Both:     41.11 MB used.

Virtual space:
  Non-class space:       64.00 MB reserved,      36.00 MB ( 56%) committed,  1 nodes.
      Class space:        1.00 GB reserved,       5.56 MB ( <1%) committed,  1 nodes.
             Both:        1.06 GB reserved,      41.56 MB (  4%) committed. 

Chunk freelists:
   Non-Class:  11.63 MB
       Class:  10.39 MB
        Both:  22.02 MB

MaxMetaspaceSize: unlimited
CompressedClassSpaceSize: 1.00 GB
Initial GC threshold: 21.00 MB
Current GC threshold: 59.19 MB
CDS: off
MetaspaceReclaimPolicy: balanced
 - commit_granule_bytes: 65536.
 - commit_granule_words: 8192.
 - virtual_space_node_default_size: 8388608.
 - enlarge_chunks_in_place: 1.
 - new_chunks_are_fully_committed: 0.
 - uncommit_free_chunks: 1.
 - use_allocation_guard: 0.
 - handle_deallocations: 1.


Internal statistics:

num_allocs_failed_limit: 6.
num_arena_births: 560.
num_arena_deaths: 0.
num_vsnodes_births: 2.
num_vsnodes_deaths: 0.
num_space_committed: 665.
num_space_uncommitted: 0.
num_chunks_returned_to_freelist: 6.
num_chunks_taken_from_freelist: 1884.
num_chunk_merges: 3.
num_chunk_splits: 1265.
num_chunks_enlarged: 923.
num_inconsistent_stats: 0.

CodeCache: size=49152Kb used=9576Kb max_used=9576Kb free=39575Kb
 bounds [0x0000023432e00000, 0x0000023433760000, 0x0000023435e00000]
 total_blobs=4729 nmethods=4170 adapters=483
 compilation: enabled
              stopped_count=0, restarted_count=0
 full_count=0

Compilation events (20 events):
Event: 6.765 Thread 0x0000023440c2fe50 4160   !   1       jdk.internal.loader.BuiltinClassLoader::findMiscResource (122 bytes)
Event: 6.766 Thread 0x0000023440c2fe50 nmethod 4160 0x0000023433756890 code [0x0000023433756ac0, 0x00000234337573e8]
Event: 6.766 Thread 0x0000023440c2fe50 4161       1       jdk.internal.jimage.ImageReader::ensureOpen (18 bytes)
Event: 6.766 Thread 0x0000023440c2fe50 nmethod 4161 0x0000023433757810 code [0x00000234337579a0, 0x0000023433757b08]
Event: 6.773 Thread 0x0000023440c2fe50 4162       1       jdk.internal.jimage.ImageReader::findNode (13 bytes)
Event: 6.773 Thread 0x0000023440c2fe50 nmethod 4162 0x0000023433757b90 code [0x0000023433757d40, 0x0000023433757ed8]
Event: 6.773 Thread 0x000002343badf2e0 4163       1       jdk.internal.jrtfs.JrtPath::getFileSystem (5 bytes)
Event: 6.773 Thread 0x000002343badf2e0 nmethod 4163 0x0000023433758010 code [0x00000234337581a0, 0x0000023433758278]
Event: 6.774 Thread 0x000002343bad24c0 4164       1       jdk.internal.jimage.decompressor.CompressedResourceHeader::getSize (3 bytes)
Event: 6.774 Thread 0x000002343bad24c0 nmethod 4164 0x0000023433758310 code [0x00000234337584a0, 0x0000023433758558]
Event: 6.775 Thread 0x0000023440c2fe50 4165   !   1       java.nio.channels.spi.AbstractInterruptibleChannel::close (37 bytes)
Event: 6.776 Thread 0x0000023440c2fe50 nmethod 4165 0x0000023433758610 code [0x00000234337587c0, 0x0000023433758a08]
Event: 6.777 Thread 0x000002343bad24c0 4166       1       jdk.internal.jrtfs.JrtFileSystem::provider (5 bytes)
Event: 6.777 Thread 0x000002343bad24c0 nmethod 4166 0x0000023433758b10 code [0x0000023433758ca0, 0x0000023433758d78]
Event: 6.778 Thread 0x000002343bad24c0 4167       1       sun.nio.fs.WindowsPath$WindowsPathWithAttributes::compareTo (9 bytes)
Event: 6.778 Thread 0x000002343bad24c0 nmethod 4167 0x0000023433758e10 code [0x0000023433758fa0, 0x00000234337590c8]
Event: 6.785 Thread 0x000002343bad24c0 4169       1       jdk.internal.jrtfs.JrtPath::isAbsolute (29 bytes)
Event: 6.785 Thread 0x000002343bad24c0 nmethod 4169 0x0000023433759b90 code [0x0000023433759d40, 0x0000023433759f58]
Event: 6.788 Thread 0x000002343bad24c0 4170       1       jdk.internal.jrtfs.JrtFileSystem::isOpen (5 bytes)
Event: 6.788 Thread 0x000002343bad24c0 nmethod 4170 0x000002343375a090 code [0x000002343375a220, 0x000002343375a2f8]

GC Heap History (20 events):
Event: 2.649 GC heap after
{Heap after GC invocations=3 (full 0):
 garbage-first heap   total 126976K, used 13570K [0x00000000c0000000, 0x0000000100000000)
  region size 1024K, 3 young (3072K), 3 survivors (3072K)
 Metaspace       used 21368K, committed 21504K, reserved 1114112K
  class space    used 2621K, committed 2688K, reserved 1048576K
}
Event: 3.852 GC heap before
{Heap before GC invocations=4 (full 0):
 garbage-first heap   total 58368K, used 41218K [0x00000000c0000000, 0x0000000100000000)
  region size 1024K, 32 young (32768K), 3 survivors (3072K)
 Metaspace       used 27168K, committed 27392K, reserved 1114112K
  class space    used 3391K, committed 3520K, reserved 1048576K
}
Event: 3.861 GC heap after
{Heap after GC invocations=5 (full 0):
 garbage-first heap   total 58368K, used 15771K [0x00000000c0000000, 0x0000000100000000)
  region size 1024K, 5 young (5120K), 5 survivors (5120K)
 Metaspace       used 27168K, committed 27392K, reserved 1114112K
  class space    used 3391K, committed 3520K, reserved 1048576K
}
Event: 3.896 GC heap before
{Heap before GC invocations=5 (full 0):
 garbage-first heap   total 58368K, used 15771K [0x00000000c0000000, 0x0000000100000000)
  region size 1024K, 6 young (6144K), 5 survivors (5120K)
 Metaspace       used 27201K, committed 27456K, reserved 1114112K
  class space    used 3394K, committed 3520K, reserved 1048576K
}
Event: 3.907 GC heap after
{Heap after GC invocations=6 (full 0):
 garbage-first heap   total 58368K, used 16369K [0x00000000c0000000, 0x0000000100000000)
  region size 1024K, 1 young (1024K), 1 survivors (1024K)
 Metaspace       used 27201K, committed 27456K, reserved 1114112K
  class space    used 3394K, committed 3520K, reserved 1048576K
}
Event: 4.909 GC heap before
{Heap before GC invocations=6 (full 0):
 garbage-first heap   total 58368K, used 35825K [0x00000000c0000000, 0x0000000100000000)
  region size 1024K, 21 young (21504K), 1 survivors (1024K)
 Metaspace       used 30348K, committed 30656K, reserved 1114112K
  class space    used 3812K, committed 3968K, reserved 1048576K
}
Event: 4.918 GC heap after
{Heap after GC invocations=7 (full 0):
 garbage-first heap   total 58368K, used 17685K [0x00000000c0000000, 0x0000000100000000)
  region size 1024K, 2 young (2048K), 2 survivors (2048K)
 Metaspace       used 30348K, committed 30656K, reserved 1114112K
  class space    used 3812K, committed 3968K, reserved 1048576K
}
Event: 5.804 GC heap before
{Heap before GC invocations=7 (full 0):
 garbage-first heap   total 58368K, used 39189K [0x00000000c0000000, 0x0000000100000000)
  region size 1024K, 23 young (23552K), 2 survivors (2048K)
 Metaspace       used 33254K, committed 33600K, reserved 1114112K
  class space    used 4220K, committed 4352K, reserved 1048576K
}
Event: 5.810 GC heap after
{Heap after GC invocations=8 (full 0):
 garbage-first heap   total 58368K, used 20144K [0x00000000c0000000, 0x0000000100000000)
  region size 1024K, 3 young (3072K), 3 survivors (3072K)
 Metaspace       used 33254K, committed 33600K, reserved 1114112K
  class space    used 4220K, committed 4352K, reserved 1048576K
}
Event: 6.176 GC heap before
{Heap before GC invocations=8 (full 0):
 garbage-first heap   total 58368K, used 31408K [0x00000000c0000000, 0x0000000100000000)
  region size 1024K, 16 young (16384K), 3 survivors (3072K)
 Metaspace       used 35921K, committed 36288K, reserved 1114112K
  class space    used 4625K, committed 4800K, reserved 1048576K
}
Event: 6.179 GC heap after
{Heap after GC invocations=9 (full 0):
 garbage-first heap   total 58368K, used 21379K [0x00000000c0000000, 0x0000000100000000)
  region size 1024K, 2 young (2048K), 2 survivors (2048K)
 Metaspace       used 35921K, committed 36288K, reserved 1114112K
  class space    used 4625K, committed 4800K, reserved 1048576K
}
Event: 6.451 GC heap before
{Heap before GC invocations=10 (full 0):
 garbage-first heap   total 58368K, used 41859K [0x00000000c0000000, 0x0000000100000000)
  region size 1024K, 22 young (22528K), 2 survivors (2048K)
 Metaspace       used 39017K, committed 39360K, reserved 1114112K
  class space    used 5109K, committed 5248K, reserved 1048576K
}
Event: 6.456 GC heap after
{Heap after GC invocations=11 (full 0):
 garbage-first heap   total 107520K, used 23902K [0x00000000c0000000, 0x0000000100000000)
  region size 1024K, 3 young (3072K), 3 survivors (3072K)
 Metaspace       used 39017K, committed 39360K, reserved 1114112K
  class space    used 5109K, committed 5248K, reserved 1048576K
}
Event: 6.547 GC heap before
{Heap before GC invocations=11 (full 0):
 garbage-first heap   total 107520K, used 75102K [0x00000000c0000000, 0x0000000100000000)
  region size 1024K, 54 young (55296K), 3 survivors (3072K)
 Metaspace       used 39308K, committed 39680K, reserved 1114112K
  class space    used 5166K, committed 5312K, reserved 1048576K
}
Event: 6.557 GC heap after
{Heap after GC invocations=12 (full 0):
 garbage-first heap   total 107520K, used 34155K [0x00000000c0000000, 0x0000000100000000)
  region size 1024K, 7 young (7168K), 7 survivors (7168K)
 Metaspace       used 39308K, committed 39680K, reserved 1114112K
  class space    used 5166K, committed 5312K, reserved 1048576K
}
Event: 6.635 GC heap before
{Heap before GC invocations=12 (full 0):
 garbage-first heap   total 107520K, used 72043K [0x00000000c0000000, 0x0000000100000000)
  region size 1024K, 45 young (46080K), 7 survivors (7168K)
 Metaspace       used 40698K, committed 41152K, reserved 1114112K
  class space    used 5324K, committed 5568K, reserved 1048576K
}
Event: 6.644 GC heap after
{Heap after GC invocations=13 (full 0):
 garbage-first heap   total 107520K, used 40637K [0x00000000c0000000, 0x0000000100000000)
  region size 1024K, 6 young (6144K), 6 survivors (6144K)
 Metaspace       used 40698K, committed 41152K, reserved 1114112K
  class space    used 5324K, committed 5568K, reserved 1048576K
}
Event: 6.697 GC heap before
{Heap before GC invocations=13 (full 0):
 garbage-first heap   total 107520K, used 75453K [0x00000000c0000000, 0x0000000100000000)
  region size 1024K, 41 young (41984K), 6 survivors (6144K)
 Metaspace       used 41167K, committed 41600K, reserved 1114112K
  class space    used 5381K, committed 5568K, reserved 1048576K
}
Event: 6.709 GC heap after
{Heap after GC invocations=14 (full 0):
 garbage-first heap   total 107520K, used 49471K [0x00000000c0000000, 0x0000000100000000)
  region size 1024K, 6 young (6144K), 6 survivors (6144K)
 Metaspace       used 41167K, committed 41600K, reserved 1114112K
  class space    used 5381K, committed 5568K, reserved 1048576K
}
Event: 6.788 GC heap before
{Heap before GC invocations=14 (full 0):
 garbage-first heap   total 107520K, used 79167K [0x00000000c0000000, 0x0000000100000000)
  region size 1024K, 35 young (35840K), 6 survivors (6144K)
 Metaspace       used 42092K, committed 42560K, reserved 1114112K
  class space    used 5486K, committed 5696K, reserved 1048576K
}

Dll operation events (7 events):
Event: 0.008 Loaded shared library c:\Users\ADMIN\.vscode\extensions\redhat.java-1.21.0-win32-x64\jre\17.0.7-win32-x86_64\bin\java.dll
Event: 0.211 Loaded shared library C:\Users\ADMIN\.vscode\extensions\redhat.java-1.21.0-win32-x64\jre\17.0.7-win32-x86_64\bin\net.dll
Event: 0.212 Loaded shared library C:\Users\ADMIN\.vscode\extensions\redhat.java-1.21.0-win32-x64\jre\17.0.7-win32-x86_64\bin\nio.dll
Event: 0.219 Loaded shared library C:\Users\ADMIN\.vscode\extensions\redhat.java-1.21.0-win32-x64\jre\17.0.7-win32-x86_64\bin\zip.dll
Event: 0.604 Loaded shared library C:\Users\ADMIN\.vscode\extensions\redhat.java-1.21.0-win32-x64\jre\17.0.7-win32-x86_64\bin\jimage.dll
Event: 6.129 Loaded shared library C:\Users\ADMIN\.vscode\extensions\redhat.java-1.21.0-win32-x64\jre\17.0.7-win32-x86_64\bin\management.dll
Event: 6.130 Loaded shared library C:\Users\ADMIN\.vscode\extensions\redhat.java-1.21.0-win32-x64\jre\17.0.7-win32-x86_64\bin\management_ext.dll

Deoptimization events (10 events):
Event: 3.155 Thread 0x000002342e9b85d0 DEOPT PACKING pc=0x000002343340b599 sp=0x000000c3379fd1e0
Event: 3.155 Thread 0x000002342e9b85d0 DEOPT UNPACKING pc=0x0000023432e5ace3 sp=0x000000c3379fc6c0 mode 3
Event: 6.323 Thread 0x000002344139c7f0 DEOPT PACKING pc=0x00000234335ea2b5 sp=0x000000c339bfe040
Event: 6.323 Thread 0x000002344139c7f0 DEOPT UNPACKING pc=0x0000023432e5ace3 sp=0x000000c339bfd568 mode 3
Event: 6.352 Thread 0x00000234412e1630 DEOPT PACKING pc=0x00000234333b3381 sp=0x000000c339afdd80
Event: 6.352 Thread 0x00000234412e1630 DEOPT UNPACKING pc=0x0000023432e5ace3 sp=0x000000c339afd210 mode 3
Event: 6.358 Thread 0x000002344139c7f0 DEOPT PACKING pc=0x000002343338f617 sp=0x000000c339bff070
Event: 6.358 Thread 0x000002344139c7f0 DEOPT UNPACKING pc=0x0000023432e5ace3 sp=0x000000c339bfe4c8 mode 3
Event: 6.416 Thread 0x00000234413bdcb0 DEOPT PACKING pc=0x000002343360daab sp=0x000000c33a0fe2d0
Event: 6.416 Thread 0x00000234413bdcb0 DEOPT UNPACKING pc=0x0000023432e5ace3 sp=0x000000c33a0fd818 mode 3

Classes unloaded (0 events):
No events

Classes redefined (0 events):
No events

Internal exceptions (20 events):
Event: 6.530 Thread 0x000002344139c7f0 Exception <a 'java/lang/NoSuchMethodError'{0x00000000c43ecb88}: 'java.lang.Object java.lang.invoke.DirectMethodHandle$Holder.newInvokeSpecial(java.lang.Object, java.lang.Object, int)'> (0x00000000c43ecb88) 
thrown [s\src\hotspot\share\interpreter\linkResolver.cpp, line 759]
Event: 6.544 Thread 0x00000234413bbfd0 Exception <a 'sun/nio/fs/WindowsException'{0x00000000c39cd6c0}> (0x00000000c39cd6c0) 
thrown [s\src\hotspot\share\prims\jni.cpp, line 516]
Event: 6.544 Thread 0x00000234411a1fb0 Exception <a 'sun/nio/fs/WindowsException'{0x00000000c39f0c88}> (0x00000000c39f0c88) 
thrown [s\src\hotspot\share\prims\jni.cpp, line 516]
Event: 6.544 Thread 0x00000234413bd7e0 Exception <a 'sun/nio/fs/WindowsException'{0x00000000c38115f0}> (0x00000000c38115f0) 
thrown [s\src\hotspot\share\prims\jni.cpp, line 516]
Event: 6.545 Thread 0x00000234413bbfd0 Exception <a 'sun/nio/fs/WindowsException'{0x00000000c39cfeb8}> (0x00000000c39cfeb8) 
thrown [s\src\hotspot\share\prims\jni.cpp, line 516]
Event: 6.545 Thread 0x00000234411a1fb0 Exception <a 'sun/nio/fs/WindowsException'{0x00000000c38b59c0}> (0x00000000c38b59c0) 
thrown [s\src\hotspot\share\prims\jni.cpp, line 516]
Event: 6.545 Thread 0x00000234413bd7e0 Exception <a 'sun/nio/fs/WindowsException'{0x00000000c3813e10}> (0x00000000c3813e10) 
thrown [s\src\hotspot\share\prims\jni.cpp, line 516]
Event: 6.654 Thread 0x00000234411a37c0 Exception <a 'sun/nio/fs/WindowsException'{0x00000000c64293c0}> (0x00000000c64293c0) 
thrown [s\src\hotspot\share\prims\jni.cpp, line 516]
Event: 6.654 Thread 0x00000234411a37c0 Exception <a 'sun/nio/fs/WindowsException'{0x00000000c6429cd0}> (0x00000000c6429cd0) 
thrown [s\src\hotspot\share\prims\jni.cpp, line 516]
Event: 6.654 Thread 0x00000234411a37c0 Exception <a 'sun/nio/fs/WindowsException'{0x00000000c6486518}> (0x00000000c6486518) 
thrown [s\src\hotspot\share\prims\jni.cpp, line 516]
Event: 6.654 Thread 0x00000234411a37c0 Exception <a 'sun/nio/fs/WindowsException'{0x00000000c6486e28}> (0x00000000c6486e28) 
thrown [s\src\hotspot\share\prims\jni.cpp, line 516]
Event: 6.654 Thread 0x00000234411a37c0 Exception <a 'sun/nio/fs/WindowsException'{0x00000000c6487808}> (0x00000000c6487808) 
thrown [s\src\hotspot\share\prims\jni.cpp, line 516]
Event: 6.654 Thread 0x00000234411a37c0 Exception <a 'sun/nio/fs/WindowsException'{0x00000000c6488250}> (0x00000000c6488250) 
thrown [s\src\hotspot\share\prims\jni.cpp, line 516]
Event: 6.655 Thread 0x00000234411a37c0 Exception <a 'sun/nio/fs/WindowsException'{0x00000000c648f4e8}> (0x00000000c648f4e8) 
thrown [s\src\hotspot\share\prims\jni.cpp, line 516]
Event: 6.655 Thread 0x00000234411a37c0 Exception <a 'sun/nio/fs/WindowsException'{0x00000000c648fdf8}> (0x00000000c648fdf8) 
thrown [s\src\hotspot\share\prims\jni.cpp, line 516]
Event: 6.655 Thread 0x00000234411a37c0 Exception <a 'sun/nio/fs/WindowsException'{0x00000000c64906c8}> (0x00000000c64906c8) 
thrown [s\src\hotspot\share\prims\jni.cpp, line 516]
Event: 6.655 Thread 0x00000234411a37c0 Exception <a 'sun/nio/fs/WindowsException'{0x00000000c6490fd8}> (0x00000000c6490fd8) 
thrown [s\src\hotspot\share\prims\jni.cpp, line 516]
Event: 6.655 Thread 0x00000234411a37c0 Exception <a 'sun/nio/fs/WindowsException'{0x00000000c64919b8}> (0x00000000c64919b8) 
thrown [s\src\hotspot\share\prims\jni.cpp, line 516]
Event: 6.655 Thread 0x00000234411a37c0 Exception <a 'sun/nio/fs/WindowsException'{0x00000000c6492400}> (0x00000000c6492400) 
thrown [s\src\hotspot\share\prims\jni.cpp, line 516]
Event: 6.658 Thread 0x00000234411a37c0 Exception <a 'sun/nio/fs/WindowsException'{0x00000000c62ea678}> (0x00000000c62ea678) 
thrown [s\src\hotspot\share\prims\jni.cpp, line 516]

VM Operations (20 events):
Event: 6.196 Executing VM operation: G1Concurrent done
Event: 6.361 Executing VM operation: HandshakeAllThreads
Event: 6.361 Executing VM operation: HandshakeAllThreads done
Event: 6.451 Executing VM operation: G1CollectForAllocation
Event: 6.457 Executing VM operation: G1CollectForAllocation done
Event: 6.547 Executing VM operation: G1CollectForAllocation
Event: 6.557 Executing VM operation: G1CollectForAllocation done
Event: 6.564 Executing VM operation: HandshakeAllThreads
Event: 6.564 Executing VM operation: HandshakeAllThreads done
Event: 6.577 Executing VM operation: HandshakeAllThreads
Event: 6.580 Executing VM operation: HandshakeAllThreads done
Event: 6.594 Executing VM operation: HandshakeAllThreads
Event: 6.594 Executing VM operation: HandshakeAllThreads done
Event: 6.634 Executing VM operation: G1CollectForAllocation
Event: 6.644 Executing VM operation: G1CollectForAllocation done
Event: 6.674 Executing VM operation: HandshakeAllThreads
Event: 6.674 Executing VM operation: HandshakeAllThreads done
Event: 6.697 Executing VM operation: G1CollectForAllocation
Event: 6.710 Executing VM operation: G1CollectForAllocation done
Event: 6.788 Executing VM operation: G1CollectForAllocation

Events (20 events):
Event: 6.764 loading class java/util/ResourceBundle$ResourceBundleControlProviderHolder
Event: 6.764 loading class java/util/ResourceBundle$ResourceBundleControlProviderHolder done
Event: 6.765 loading class java/util/spi/ResourceBundleControlProvider
Event: 6.765 loading class java/util/spi/ResourceBundleControlProvider done
Event: 6.765 loading class java/util/ServiceLoader$ProviderSpliterator
Event: 6.765 loading class java/util/ServiceLoader$ProviderSpliterator done
Event: 6.766 loading class java/util/ResourceBundle$KeyElementReference
Event: 6.766 loading class java/util/ResourceBundle$CacheKeyReference
Event: 6.766 loading class java/util/ResourceBundle$CacheKeyReference done
Event: 6.766 loading class java/util/ResourceBundle$KeyElementReference done
Event: 6.768 loading class java/util/Collections$ReverseComparator
Event: 6.768 loading class java/util/Collections$ReverseComparator done
Event: 6.769 loading class java/util/Collections$ReverseComparator2
Event: 6.769 loading class java/util/Collections$ReverseComparator2 done
Event: 6.771 loading class java/util/ResourceBundle$Control$1
Event: 6.771 loading class java/util/ResourceBundle$Control$1 done
Event: 6.772 loading class java/util/ResourceBundle$BundleReference
Event: 6.772 loading class java/util/ResourceBundle$BundleReference done
Event: 6.772 loading class java/util/ResourceBundle$Control$2
Event: 6.773 loading class java/util/ResourceBundle$Control$2 done


Dynamic libraries:
0x00007ff6d8c20000 - 0x00007ff6d8c2e000 	c:\Users\ADMIN\.vscode\extensions\redhat.java-1.21.0-win32-x64\jre\17.0.7-win32-x86_64\bin\java.exe
0x00007ffc74ea0000 - 0x00007ffc75090000 	C:\WINDOWS\SYSTEM32\ntdll.dll
0x00007ffc73610000 - 0x00007ffc736c2000 	C:\WINDOWS\System32\KERNEL32.DLL
0x00007ffc72740000 - 0x00007ffc729e3000 	C:\WINDOWS\System32\KERNELBASE.dll
0x00007ffc71e30000 - 0x00007ffc71f2a000 	C:\WINDOWS\System32\ucrtbase.dll
0x00007ffc65080000 - 0x00007ffc65097000 	c:\Users\ADMIN\.vscode\extensions\redhat.java-1.21.0-win32-x64\jre\17.0.7-win32-x86_64\bin\jli.dll
0x00007ffc73130000 - 0x00007ffc732c4000 	C:\WINDOWS\System32\USER32.dll
0x00007ffc71f30000 - 0x00007ffc71f51000 	C:\WINDOWS\System32\win32u.dll
0x00007ffc6d090000 - 0x00007ffc6d0a9000 	c:\Users\ADMIN\.vscode\extensions\redhat.java-1.21.0-win32-x64\jre\17.0.7-win32-x86_64\bin\VCRUNTIME140.dll
0x00007ffc74270000 - 0x00007ffc74296000 	C:\WINDOWS\System32\GDI32.dll
0x00007ffc72db0000 - 0x00007ffc72f44000 	C:\WINDOWS\System32\gdi32full.dll
0x00007ffc48600000 - 0x00007ffc48885000 	C:\WINDOWS\WinSxS\amd64_microsoft.windows.common-controls_6595b64144ccf1df_6.0.18362.592_none_e6c0b1911312be02\COMCTL32.dll
0x00007ffc739e0000 - 0x00007ffc73a7e000 	C:\WINDOWS\System32\msvcrt.dll
0x00007ffc72b40000 - 0x00007ffc72bde000 	C:\WINDOWS\System32\msvcp_win.dll
0x00007ffc742a0000 - 0x00007ffc745d6000 	C:\WINDOWS\System32\combase.dll
0x00007ffc732d0000 - 0x00007ffc733f0000 	C:\WINDOWS\System32\RPCRT4.dll
0x00007ffc729f0000 - 0x00007ffc72a70000 	C:\WINDOWS\System32\bcryptPrimitives.dll
0x00007ffc74690000 - 0x00007ffc746be000 	C:\WINDOWS\System32\IMM32.DLL
0x00007ffc6df60000 - 0x00007ffc6df6c000 	c:\Users\ADMIN\.vscode\extensions\redhat.java-1.21.0-win32-x64\jre\17.0.7-win32-x86_64\bin\vcruntime140_1.dll
0x00007ffc56620000 - 0x00007ffc566b1000 	c:\Users\ADMIN\.vscode\extensions\redhat.java-1.21.0-win32-x64\jre\17.0.7-win32-x86_64\bin\msvcp140.dll
0x00007ffc14410000 - 0x00007ffc15058000 	c:\Users\ADMIN\.vscode\extensions\redhat.java-1.21.0-win32-x64\jre\17.0.7-win32-x86_64\bin\server\jvm.dll
0x00007ffc746c0000 - 0x00007ffc74763000 	C:\WINDOWS\System32\ADVAPI32.dll
0x00007ffc72f50000 - 0x00007ffc72fe7000 	C:\WINDOWS\System32\sechost.dll
0x00007ffc66eb0000 - 0x00007ffc66eb9000 	C:\WINDOWS\SYSTEM32\WSOCK32.dll
0x00007ffc6f120000 - 0x00007ffc6f144000 	C:\WINDOWS\SYSTEM32\WINMM.dll
0x00007ffc738a0000 - 0x00007ffc7390f000 	C:\WINDOWS\System32\WS2_32.dll
0x00007ffc5fe00000 - 0x00007ffc5fe0a000 	C:\WINDOWS\SYSTEM32\VERSION.dll
0x00007ffc6ef10000 - 0x00007ffc6ef3d000 	C:\WINDOWS\SYSTEM32\WINMMBASE.dll
0x00007ffc72d60000 - 0x00007ffc72daa000 	C:\WINDOWS\System32\cfgmgr32.dll
0x00007ffc71d80000 - 0x00007ffc71d91000 	C:\WINDOWS\System32\kernel.appcore.dll
0x00007ffc650c0000 - 0x00007ffc650ca000 	c:\Users\ADMIN\.vscode\extensions\redhat.java-1.21.0-win32-x64\jre\17.0.7-win32-x86_64\bin\jimage.dll
0x00007ffc70680000 - 0x00007ffc70874000 	C:\WINDOWS\SYSTEM32\DBGHELP.DLL
0x00007ffc4b980000 - 0x00007ffc4b9aa000 	C:\WINDOWS\SYSTEM32\dbgcore.DLL
0x00007ffc57920000 - 0x00007ffc57945000 	c:\Users\ADMIN\.vscode\extensions\redhat.java-1.21.0-win32-x64\jre\17.0.7-win32-x86_64\bin\java.dll
0x00007ffc65010000 - 0x00007ffc65028000 	c:\Users\ADMIN\.vscode\extensions\redhat.java-1.21.0-win32-x64\jre\17.0.7-win32-x86_64\bin\zip.dll
0x00007ffc74770000 - 0x00007ffc74e55000 	C:\WINDOWS\System32\SHELL32.dll
0x00007ffc74130000 - 0x00007ffc741d9000 	C:\WINDOWS\System32\shcore.dll
0x00007ffc71f60000 - 0x00007ffc726df000 	C:\WINDOWS\System32\windows.storage.dll
0x00007ffc71dc0000 - 0x00007ffc71ddf000 	C:\WINDOWS\System32\profapi.dll
0x00007ffc71de0000 - 0x00007ffc71e2a000 	C:\WINDOWS\System32\powrprof.dll
0x00007ffc71d70000 - 0x00007ffc71d80000 	C:\WINDOWS\System32\UMPDC.dll
0x00007ffc74210000 - 0x00007ffc74262000 	C:\WINDOWS\System32\shlwapi.dll
0x00007ffc72a70000 - 0x00007ffc72a87000 	C:\WINDOWS\System32\cryptsp.dll
0x00007ffc5f650000 - 0x00007ffc5f669000 	C:\Users\ADMIN\.vscode\extensions\redhat.java-1.21.0-win32-x64\jre\17.0.7-win32-x86_64\bin\net.dll
0x00007ffc6ce90000 - 0x00007ffc6cf80000 	C:\WINDOWS\SYSTEM32\WINHTTP.dll
0x00007ffc715e0000 - 0x00007ffc71647000 	C:\WINDOWS\system32\mswsock.dll
0x00007ffc581c0000 - 0x00007ffc581d5000 	C:\Users\ADMIN\.vscode\extensions\redhat.java-1.21.0-win32-x64\jre\17.0.7-win32-x86_64\bin\nio.dll
0x00007ffc71150000 - 0x00007ffc71183000 	C:\WINDOWS\system32\rsaenh.dll
0x00007ffc72be0000 - 0x00007ffc72c06000 	C:\WINDOWS\System32\bcrypt.dll
0x00007ffc71c60000 - 0x00007ffc71c85000 	C:\WINDOWS\SYSTEM32\USERENV.dll
0x00007ffc717b0000 - 0x00007ffc717bc000 	C:\WINDOWS\SYSTEM32\CRYPTBASE.dll
0x00007ffc712f0000 - 0x00007ffc7132a000 	C:\WINDOWS\SYSTEM32\IPHLPAPI.DLL
0x00007ffc74120000 - 0x00007ffc74128000 	C:\WINDOWS\System32\NSI.dll
0x00007ffc6b310000 - 0x00007ffc6b326000 	C:\WINDOWS\SYSTEM32\dhcpcsvc6.DLL
0x00007ffc6b2f0000 - 0x00007ffc6b30c000 	C:\WINDOWS\SYSTEM32\dhcpcsvc.DLL
0x00007ffc71330000 - 0x00007ffc713fa000 	C:\WINDOWS\SYSTEM32\DNSAPI.dll
0x00007ffc64ed0000 - 0x00007ffc64ed9000 	C:\Users\ADMIN\.vscode\extensions\redhat.java-1.21.0-win32-x64\jre\17.0.7-win32-x86_64\bin\management.dll
0x00007ffc5f690000 - 0x00007ffc5f69b000 	C:\Users\ADMIN\.vscode\extensions\redhat.java-1.21.0-win32-x64\jre\17.0.7-win32-x86_64\bin\management_ext.dll
0x00007ffc741e0000 - 0x00007ffc741e8000 	C:\WINDOWS\System32\PSAPI.DLL

dbghelp: loaded successfully - version: 4.0.5 - missing functions: none
symbol engine: initialized successfully - sym options: 0x614 - pdb path: .;c:\Users\ADMIN\.vscode\extensions\redhat.java-1.21.0-win32-x64\jre\17.0.7-win32-x86_64\bin;C:\WINDOWS\SYSTEM32;C:\WINDOWS\WinSxS\amd64_microsoft.windows.common-controls_6595b64144ccf1df_6.0.18362.592_none_e6c0b1911312be02;c:\Users\ADMIN\.vscode\extensions\redhat.java-1.21.0-win32-x64\jre\17.0.7-win32-x86_64\bin\server

VM Arguments:
jvm_args: -XX:+HeapDumpOnOutOfMemoryError -Xmx1024m -Dsts.lsp.client=vscode -Dsts.log.file=/dev/null -XX:TieredStopAtLevel=1 -Xlog:jni+resolve=off -Dspring.config.location=file:c:\Users\ADMIN\.vscode\extensions\vmware.vscode-spring-boot-1.48.0\language-server\BOOT-INF\classes\application.properties 
java_command: org.springframework.ide.vscode.boot.app.BootLanguageServerBootApp
java_class_path (initial): c:\Users\ADMIN\.vscode\extensions\vmware.vscode-spring-boot-1.48.0\language-server\BOOT-INF\classes;c:\Users\ADMIN\.vscode\extensions\vmware.vscode-spring-boot-1.48.0\language-server\BOOT-INF\lib\annotations-24.0.1.jar;c:\Users\ADMIN\.vscode\extensions\vmware.vscode-spring-boot-1.48.0\language-server\BOOT-INF\lib\antlr-runtime-3.5.3.jar;c:\Users\ADMIN\.vscode\extensions\vmware.vscode-spring-boot-1.48.0\language-server\BOOT-INF\lib\antlr4-4.11.1.jar;c:\Users\ADMIN\.vscode\extensions\vmware.vscode-spring-boot-1.48.0\language-server\BOOT-INF\lib\antlr4-runtime-4.11.1.jar;c:\Users\ADMIN\.vscode\extensions\vmware.vscode-spring-boot-1.48.0\language-server\BOOT-INF\lib\archunit-1.0.1.jar;c:\Users\ADMIN\.vscode\extensions\vmware.vscode-spring-boot-1.48.0\language-server\BOOT-INF\lib\asm-9.5.jar;c:\Users\ADMIN\.vscode\extensions\vmware.vscode-spring-boot-1.48.0\language-server\BOOT-INF\lib\asm-analysis-9.5.jar;c:\Users\ADMIN\.vscode\extensions\vmware.vscode-spring-boot-1.48.0\language-server\BOOT-INF\lib\asm-tree-9.5.jar;c:\Users\ADMIN\.vscode\extensions\vmware.vscode-spring-boot-1.48.0\language-server\BOOT-INF\lib\asm-util-9.5.jar;c:\Users\ADMIN\.vscode\extensions\vmware.vscode-spring-boot-1.48.0\language-server\BOOT-INF\lib\bosh-language-server-1.48.0-SNAPSHOT.jar;c:\Users\ADMIN\.vscode\extensions\vmware.vscode-spring-boot-1.48.0\language-server\BOOT-INF\lib\caffeine-3.1.6.jar;c:\Users\ADMIN\.vscode\extensions\vmware.vscode-spring-boot-1.48.0\language-server\BOOT-INF\lib\checker-qual-3.12.0.jar;c:\Users\ADMIN\.vscode\extensions\vmware.vscode-spring-boot-1.48.0\language-server\BOOT-INF\lib\classgraph-4.8.149.jar;c:\Users\ADMIN\.vscode\extensions\vmware.vscode-spring-boot-1.48.0\language-server\BOOT-INF\lib\commons-codec-1.15.jar;c:\Users\ADMIN\.vscode\extensions\vmware.vscode-spring-boot-1.48.0\language-server\BOOT-INF\lib\commons-compress-1.23.0.jar;c:\Users\ADMIN\.vscode\extensions\vmware.vscode-spring-boot-1.48.0\language-server\BOOT-INF\lib\
Launcher Type: SUN_STANDARD

[Global flags]
     intx CICompilerCount                          = 4                                         {product} {ergonomic}
     uint ConcGCThreads                            = 2                                         {product} {ergonomic}
     uint G1ConcRefinementThreads                  = 8                                         {product} {ergonomic}
   size_t G1HeapRegionSize                         = 1048576                                   {product} {ergonomic}
    uintx GCDrainStackTargetSize                   = 64                                        {product} {ergonomic}
     bool HeapDumpOnOutOfMemoryError               = true                                   {manageable} {command line}
   size_t InitialHeapSize                          = 130023424                                 {product} {ergonomic}
   size_t MarkStackSize                            = 4194304                                   {product} {ergonomic}
   size_t MaxHeapSize                              = 1073741824                                {product} {command line}
   size_t MaxNewSize                               = 643825664                                 {product} {ergonomic}
   size_t MinHeapDeltaBytes                        = 1048576                                   {product} {ergonomic}
   size_t MinHeapSize                              = 8388608                                   {product} {ergonomic}
    uintx NonProfiledCodeHeapSize                  = 0                                      {pd product} {ergonomic}
     bool ProfileInterpreter                       = false                                  {pd product} {command line}
    uintx ProfiledCodeHeapSize                     = 0                                      {pd product} {ergonomic}
   size_t SoftMaxHeapSize                          = 1073741824                             {manageable} {ergonomic}
     intx TieredStopAtLevel                        = 1                                         {product} {command line}
     bool UseCompressedClassPointers               = true                           {product lp64_product} {ergonomic}
     bool UseCompressedOops                        = true                           {product lp64_product} {ergonomic}
     bool UseG1GC                                  = true                                      {product} {ergonomic}
     bool UseLargePagesIndividualAllocation        = false                                  {pd product} {ergonomic}

Logging:
Log output configuration:
 #0: stdout all=warning,jni+resolve=off uptime,level,tags
 #1: stderr all=off uptime,level,tags

Environment Variables:
PATH=C:\Program Files\Common Files\Oracle\Java\javapath;C:\Program Files (x86)\VMware\VMware Player\bin\;C:\WINDOWS\system32;C:\WINDOWS;C:\WINDOWS\System32\Wbem;C:\WINDOWS\System32\WindowsPowerShell\v1.0\;C:\WINDOWS\System32\OpenSSH\;C:\Program Files\Microsoft SQL Server\Client SDK\ODBC\110\Tools\Binn\;C:\Program Files (x86)\Microsoft SQL Server\120\Tools\Binn\;C:\Program Files\Microsoft SQL Server\120\Tools\Binn\;C:\Program Files\Microsoft SQL Server\120\DTS\Binn\;C:\Program Files (x86)\Microsoft SQL Server\120\Tools\Binn\ManagementStudio\;C:\Program Files (x86)\Microsoft SQL Server\120\DTS\Binn\;C:\Program Files\nodejs\;D:\laragon\bin\php\php-8.1.10-Win32-vs16-x64;C:\ProgramData\ComposerSetup\bin;C:\Program Files (x86)\dotnet\;D:\Javajdk\jdk-20\bin;C:\Users\ADMIN\AppData\Local\Microsoft\WindowsApps;C:\Program Files\JetBrains\PyCharm Community Edition 2022.3.2\bin;;C:\Users\ADMIN\AppData\Roaming\npm;D:\laragon\bin\php\php-8.1.10-Win32-vs16-x64\php.exe;C:\Users\ADMIN\AppData\Roaming\Composer\vendor\bin;C:\Users\ADMIN\AppData\Local\Programs\Microsoft VS Code\bin
USERNAME=ADMIN
OS=Windows_NT
PROCESSOR_IDENTIFIER=Intel64 Family 6 Model 140 Stepping 1, GenuineIntel
TMP=C:\Users\ADMIN\AppData\Local\Temp
TEMP=C:\Users\ADMIN\AppData\Local\Temp



---------------  S Y S T E M  ---------------

OS:
 Windows 10 , 64 bit Build 18362 (10.0.18362.329)
OS uptime: 0 days 0:48 hours

CPU: total 8 (initial active 8) (4 cores per cpu, 2 threads per core) family 6 model 140 stepping 1 microcode 0xa4, cx8, cmov, fxsr, ht, mmx, 3dnowpref, sse, sse2, sse3, ssse3, sse4.1, sse4.2, popcnt, lzcnt, tsc, tscinvbit, avx, avx2, aes, erms, clmul, bmi1, bmi2, adx, avx512f, avx512dq, avx512cd, avx512bw, avx512vl, sha, fma, vzeroupper, avx512_vpopcntdq, avx512_vpclmulqdq, avx512_vaes, avx512_vnni, clflush, clflushopt, clwb, avx512_vbmi2, avx512_vbmi

Memory: 4k page, system-wide physical 7914M (990M free)
TotalPageFile size 9258M (AvailPageFile size 35M)
current process WorkingSet (physical memory assigned to process): 214M, peak: 214M
current process commit charge ("private bytes"): 275M, peak: 360M

vm_info: OpenJDK 64-Bit Server VM (17.0.7+7) for windows-amd64 JRE (17.0.7+7), built on Apr 18 2023 22:10:42 by "temurin" with MS VC++ 16.7 (VS2019)

END.
